./usr/bin/aconnect
./usr/bin/alsamixer
./usr/bin/amidi
./usr/bin/amixer
./usr/bin/aplay
./usr/bin/aplaymidi
./usr/bin/arecord
./usr/bin/arecordmidi
./usr/bin/aseqdump
./usr/bin/aseqnet
./usr/bin/iecset
./usr/bin/speaker-test
./usr/sbin/alsactl
./usr/share/alsa/speaker-test
./usr/share/alsa/speaker-test/sample_map.csv
./usr/share/sounds
./usr/share/sounds/alsa
./usr/share/sounds/alsa/Front_Center.wav
./usr/share/sounds/alsa/Front_Left.wav
./usr/share/sounds/alsa/Front_Right.wav
./usr/share/sounds/alsa/Noise.wav
./usr/share/sounds/alsa/Rear_Center.wav
./usr/share/sounds/alsa/Rear_Left.wav
./usr/share/sounds/alsa/Rear_Right.wav
./usr/share/sounds/alsa/Side_Left.wav
./usr/share/sounds/alsa/Side_Right.wav
