./etc/init.d/S81amule
./usr/bin/alcc
./usr/bin/amulecmd
./usr/bin/amuled
./usr/bin/amuleweb
./usr/bin/autostart-xas
./usr/bin/cas
./usr/bin/ed2k
./usr/lib/xchat/plugins
./usr/lib/xchat/plugins/xas.pl
./usr/share/amule/webserver/default
./usr/share/amule/webserver/default/amuleweb-main-dload.php
./usr/share/amule/webserver/default/amuleweb-main-kad.php
./usr/share/amule/webserver/default/amuleweb-main-log.php
./usr/share/amule/webserver/default/amuleweb-main-prefs.php
./usr/share/amule/webserver/default/amuleweb-main-search.php
./usr/share/amule/webserver/default/amuleweb-main-servers.php
./usr/share/amule/webserver/default/amuleweb-main-shared.php
./usr/share/amule/webserver/default/amuleweb-main-stats.php
./usr/share/amule/webserver/default/black.gif
./usr/share/amule/webserver/default/blank1x1.gif
./usr/share/amule/webserver/default/blue1.gif
./usr/share/amule/webserver/default/blue2.gif
./usr/share/amule/webserver/default/blue3.gif
./usr/share/amule/webserver/default/blue4.gif
./usr/share/amule/webserver/default/blue5.gif
./usr/share/amule/webserver/default/blue6.gif
./usr/share/amule/webserver/default/cancel.gif
./usr/share/amule/webserver/default/close.png
./usr/share/amule/webserver/default/col.png
./usr/share/amule/webserver/default/connect.gif
./usr/share/amule/webserver/default/down.png
./usr/share/amule/webserver/default/edkserv_0.png
./usr/share/amule/webserver/default/edkserv_1.png
./usr/share/amule/webserver/default/favicon.ico
./usr/share/amule/webserver/default/filter.png
./usr/share/amule/webserver/default/fond.gif
./usr/share/amule/webserver/default/fond_haut.png
./usr/share/amule/webserver/default/footer.php
./usr/share/amule/webserver/default/index.html
./usr/share/amule/webserver/default/loginfond.gif
./usr/share/amule/webserver/default/loginfond_haut.png
./usr/share/amule/webserver/default/loginlogo.jpg
./usr/share/amule/webserver/default/loginlogo.png
./usr/share/amule/webserver/default/login.php
./usr/share/amule/webserver/default/logo.png
./usr/share/amule/webserver/default/log.php
./usr/share/amule/webserver/default/maquette.dwt
./usr/share/amule/webserver/default/ok.png
./usr/share/amule/webserver/default/pause.png
./usr/share/amule/webserver/default/play.png
./usr/share/amule/webserver/default/red.gif
./usr/share/amule/webserver/default/refresh.png
./usr/share/amule/webserver/default/search_0.png
./usr/share/amule/webserver/default/search_1.png
./usr/share/amule/webserver/default/shared_0.png
./usr/share/amule/webserver/default/shared_1.png
./usr/share/amule/webserver/default/sheserv_0.png
./usr/share/amule/webserver/default/sheserv_1.png
./usr/share/amule/webserver/default/stats_0.png
./usr/share/amule/webserver/default/stats_1.png
./usr/share/amule/webserver/default/stats.php
./usr/share/amule/webserver/default/stats_tree.php
./usr/share/amule/webserver/default/style.css
./usr/share/amule/webserver/default/tab_bottom_left.png
./usr/share/amule/webserver/default/tab_bottom.png
./usr/share/amule/webserver/default/tab_bottom_right.png
./usr/share/amule/webserver/default/tab_left.png
./usr/share/amule/webserver/default/tab_right.png
./usr/share/amule/webserver/default/tab_top_left.png
./usr/share/amule/webserver/default/tab_top.png
./usr/share/amule/webserver/default/tab_top_right.png
./usr/share/amule/webserver/default/transf_0.png
./usr/share/amule/webserver/default/transf_1.png
./usr/share/amule/webserver/default/tree-closed.gif
./usr/share/amule/webserver/default/tree-leaf.gif
./usr/share/amule/webserver/default/tree-open.gif
./usr/share/amule/webserver/default/up.png
./usr/share/amule/webserver/default/yellow.gif
./usr/share/cas/stat.png
./usr/share/cas/tmp.html
./usr/www/cgi-bin/amule.cgi
./usr/www/cgi-bin/amule_proc.cgi
