./etc/mke2fs.conf
./usr/lib/libblkid.so
./usr/lib/libcom_err.so
./usr/lib/libcom_err.so.2
./usr/lib/libcom_err.so.2.1
./usr/lib/libext2fs.so
./usr/lib/libext2fs.so.2
./usr/lib/libext2fs.so.2.4
./usr/lib/libe2p.so
./usr/lib/libe2p.so.2
./usr/lib/libe2p.so.2.3
./usr/lib/libss.so
./usr/lib/libss.so.2
./usr/lib/libss.so.2.0
./usr/lib/libuuid.so
./usr/bin/uuidgen
./sbin/mke2fs
./sbin/mkfs.ext2
./sbin/mkfs.ext3
./sbin/mkfs.ext4
./sbin/e2fsck
./sbin/fsck.ext2
./sbin/fsck.ext3
./sbin/fsck.ext4
./sbin/blkid
./sbin/mklost+found
./sbin/tune2fs
./sbin/dumpe2fs
./sbin/filefrag
./sbin/fsck
./sbin/e2undo
./sbin/e2freefrag
./sbin/e2label
./sbin/findfs
