./etc/gerbera/config.xml
./etc/init.d/S80gerbera
./usr/share/gerbera/js/common.js
./usr/share/gerbera/js/import.js
./usr/share/gerbera/js/playlists.js
./usr/share/gerbera/mysql-upgrade.xml
./usr/share/gerbera/mysql.sql
./usr/share/gerbera/sqlite3-upgrade.xml
./usr/share/gerbera/sqlite3.sql
./usr/share/gerbera/web/README.md
./usr/share/gerbera/web/assets/theme/colors.css
./usr/share/gerbera/web/assets/theme/gerbera-logo-white.png
./usr/share/gerbera/web/assets/theme/gerbera.css
./usr/share/gerbera/web/cds.xml
./usr/share/gerbera/web/cm.xml
./usr/share/gerbera/web/disabled.html
./usr/share/gerbera/web/favicon.ico
./usr/share/gerbera/web/gerbera-config-expert.json
./usr/share/gerbera/web/gerbera-config-minimal.json
./usr/share/gerbera/web/gerbera-config-standard.json
./usr/share/gerbera/web/icons/mt-icon120.bmp
./usr/share/gerbera/web/icons/mt-icon120.jpg
./usr/share/gerbera/web/icons/mt-icon120.png
./usr/share/gerbera/web/icons/mt-icon32.bmp
./usr/share/gerbera/web/icons/mt-icon32.jpg
./usr/share/gerbera/web/icons/mt-icon32.png
./usr/share/gerbera/web/icons/mt-icon48.bmp
./usr/share/gerbera/web/icons/mt-icon48.jpg
./usr/share/gerbera/web/icons/mt-icon48.png
./usr/share/gerbera/web/index.html
./usr/share/gerbera/web/js/gerbera-app.module.js
./usr/share/gerbera/web/js/gerbera-auth.module.js
./usr/share/gerbera/web/js/gerbera-autoscan.module.js
./usr/share/gerbera/web/js/gerbera-clients.module.js
./usr/share/gerbera/web/js/gerbera-config.module.js
./usr/share/gerbera/web/js/gerbera-items.module.js
./usr/share/gerbera/web/js/gerbera-menu.module.js
./usr/share/gerbera/web/js/gerbera-trail.module.js
./usr/share/gerbera/web/js/gerbera-tree.module.js
./usr/share/gerbera/web/js/gerbera-tweak.module.js
./usr/share/gerbera/web/js/gerbera-updates.module.js
./usr/share/gerbera/web/js/jquery.gerbera.autoscan.js
./usr/share/gerbera/web/js/jquery.gerbera.clients.js
./usr/share/gerbera/web/js/jquery.gerbera.config.js
./usr/share/gerbera/web/js/jquery.gerbera.editor.js
./usr/share/gerbera/web/js/jquery.gerbera.items.js
./usr/share/gerbera/web/js/jquery.gerbera.toast.js
./usr/share/gerbera/web/js/jquery.gerbera.trail.js
./usr/share/gerbera/web/js/jquery.gerbera.tree.js
./usr/share/gerbera/web/js/jquery.gerbera.tweak.js
./usr/share/gerbera/web/js/md5.js
./usr/share/gerbera/web/mr_reg.xml
./usr/share/gerbera/web/vendor/bootstrap/css/bootstrap-grid.min.css
./usr/share/gerbera/web/vendor/bootstrap/css/bootstrap-grid.min.css.map
./usr/share/gerbera/web/vendor/bootstrap/css/bootstrap-reboot.min.css
./usr/share/gerbera/web/vendor/bootstrap/css/bootstrap-reboot.min.css.map
./usr/share/gerbera/web/vendor/bootstrap/css/bootstrap.min.css
./usr/share/gerbera/web/vendor/bootstrap/css/bootstrap.min.css.map
./usr/share/gerbera/web/vendor/bootstrap/js/bootstrap.min.js
./usr/share/gerbera/web/vendor/bootstrap/js/bootstrap.min.js.map
./usr/share/gerbera/web/vendor/font-awesome/css/font-awesome.css
./usr/share/gerbera/web/vendor/font-awesome/css/font-awesome.min.css
./usr/share/gerbera/web/vendor/font-awesome/fonts/FontAwesome.otf
./usr/share/gerbera/web/vendor/font-awesome/fonts/fontawesome-webfont.eot
./usr/share/gerbera/web/vendor/font-awesome/fonts/fontawesome-webfont.svg
./usr/share/gerbera/web/vendor/font-awesome/fonts/fontawesome-webfont.ttf
./usr/share/gerbera/web/vendor/font-awesome/fonts/fontawesome-webfont.woff
./usr/share/gerbera/web/vendor/font-awesome/fonts/fontawesome-webfont.woff2
./usr/share/gerbera/web/vendor/jquery/jquery-3.6.0.min.js
./usr/share/gerbera/web/vendor/jquery/jquery-3.6.0.min.map
./usr/share/gerbera/web/vendor/jquery/jquery-ui.min.js
./usr/share/gerbera/web/vendor/js-cookie.min.js
./usr/share/gerbera/web/vendor/lato/LICENCE.md
./usr/share/gerbera/web/vendor/lato/lato-v14-latin-ext_latin-regular.woff
./usr/share/gerbera/web/vendor/lato/lato-v14-latin-ext_latin-regular.woff2
./usr/share/gerbera/web/vendor/popper/popper.js
./usr/share/gerbera/web/vendor/tether/tether.min.js
./usr/www/cgi-bin/gerbera.cgi
./usr/www/cgi-bin/gerbera_proc.cgi
