./etc/cups/pdftoraster.convs
./etc/cups/pstoraster.convs
./usr/bin/bdftops
./usr/bin/dumphint
./usr/bin/dvipdf
./usr/bin/eps2eps
./usr/bin/fixmswrd.pl
./usr/bin/font2c
./usr/bin/gs
./usr/bin/gsbj
./usr/bin/gsdj
./usr/bin/gsdj500
./usr/bin/gslj
./usr/bin/gslp
./usr/bin/gsnd
./usr/bin/lprsetup.sh
./usr/bin/pdf2dsc
./usr/bin/pdf2ps
./usr/bin/pdfopt
./usr/bin/pf2afm
./usr/bin/pfbtopfa
./usr/bin/printafm
./usr/bin/ps2ascii
./usr/bin/ps2epsi
./usr/bin/ps2pdf
./usr/bin/ps2pdf12
./usr/bin/ps2pdf13
./usr/bin/ps2pdf14
./usr/bin/ps2pdfwr
./usr/bin/ps2ps
./usr/bin/ps2ps2
./usr/bin/pv.sh
./usr/bin/unix-lpr.sh
./usr/bin/wftopfa
./usr/lib/cups/filter/pdftoraster
./usr/lib/cups/filter/pstopxl
./usr/lib/cups/filter/pstoraster
./usr/share/cups/model/pxlcolor.ppd
./usr/share/cups/model/pxlmono.ppd
./usr/share/ghostscript
./usr/share/ghostscript/8.71
./usr/share/ghostscript/8.71/lib
./usr/share/ghostscript/8.71/lib/acctest.ps
./usr/share/ghostscript/8.71/lib/addxchar.ps
./usr/share/ghostscript/8.71/lib/align.ps
./usr/share/ghostscript/8.71/lib/bdftops.ps
./usr/share/ghostscript/8.71/lib/bj8gc12f.upp
./usr/share/ghostscript/8.71/lib/bj8hg12f.upp
./usr/share/ghostscript/8.71/lib/bj8oh06n.upp
./usr/share/ghostscript/8.71/lib/bj8pa06n.upp
./usr/share/ghostscript/8.71/lib/bj8pp12f.upp
./usr/share/ghostscript/8.71/lib/bj8.rpd
./usr/share/ghostscript/8.71/lib/bj8ts06n.upp
./usr/share/ghostscript/8.71/lib/bjc6000a1.upp
./usr/share/ghostscript/8.71/lib/bjc6000b1.upp
./usr/share/ghostscript/8.71/lib/bjc610a0.upp
./usr/share/ghostscript/8.71/lib/bjc610a1.upp
./usr/share/ghostscript/8.71/lib/bjc610a2.upp
./usr/share/ghostscript/8.71/lib/bjc610a3.upp
./usr/share/ghostscript/8.71/lib/bjc610a4.upp
./usr/share/ghostscript/8.71/lib/bjc610a5.upp
./usr/share/ghostscript/8.71/lib/bjc610a6.upp
./usr/share/ghostscript/8.71/lib/bjc610a7.upp
./usr/share/ghostscript/8.71/lib/bjc610a8.upp
./usr/share/ghostscript/8.71/lib/bjc610b1.upp
./usr/share/ghostscript/8.71/lib/bjc610b2.upp
./usr/share/ghostscript/8.71/lib/bjc610b3.upp
./usr/share/ghostscript/8.71/lib/bjc610b4.upp
./usr/share/ghostscript/8.71/lib/bjc610b6.upp
./usr/share/ghostscript/8.71/lib/bjc610b7.upp
./usr/share/ghostscript/8.71/lib/bjc610b8.upp
./usr/share/ghostscript/8.71/lib/caption.ps
./usr/share/ghostscript/8.71/lib/cbjc600.ppd
./usr/share/ghostscript/8.71/lib/cbjc800.ppd
./usr/share/ghostscript/8.71/lib/cdj550.upp
./usr/share/ghostscript/8.71/lib/cdj690ec.upp
./usr/share/ghostscript/8.71/lib/cdj690.upp
./usr/share/ghostscript/8.71/lib/cid2code.ps
./usr/share/ghostscript/8.71/lib/decrypt.ps
./usr/share/ghostscript/8.71/lib/dmp_init.ps
./usr/share/ghostscript/8.71/lib/dmp_site.ps
./usr/share/ghostscript/8.71/lib/dnj750c.upp
./usr/share/ghostscript/8.71/lib/dnj750m.upp
./usr/share/ghostscript/8.71/lib/docie.ps
./usr/share/ghostscript/8.71/lib/dumphint.ps
./usr/share/ghostscript/8.71/lib/escp_24.src
./usr/share/ghostscript/8.71/lib/font2c.ps
./usr/share/ghostscript/8.71/lib/font2pcl.ps
./usr/share/ghostscript/8.71/lib/ghostpdf.ppd
./usr/share/ghostscript/8.71/lib/gs_ce_e.ps
./usr/share/ghostscript/8.71/lib/gs_cmdl.ps
./usr/share/ghostscript/8.71/lib/gs_fform.ps
./usr/share/ghostscript/8.71/lib/gs_il2_e.ps
./usr/share/ghostscript/8.71/lib/gs_kanji.ps
./usr/share/ghostscript/8.71/lib/gs_ksb_e.ps
./usr/share/ghostscript/8.71/lib/gs_lgo_e.ps
./usr/share/ghostscript/8.71/lib/gs_lgx_e.ps
./usr/share/ghostscript/8.71/lib/gs_l_m.xbm
./usr/share/ghostscript/8.71/lib/gslp.ps
./usr/share/ghostscript/8.71/lib/gs_l.xbm
./usr/share/ghostscript/8.71/lib/gs_l.xpm
./usr/share/ghostscript/8.71/lib/gs_m_m.xbm
./usr/share/ghostscript/8.71/lib/gs_m.xbm
./usr/share/ghostscript/8.71/lib/gs_m.xpm
./usr/share/ghostscript/8.71/lib/gsnup.ps
./usr/share/ghostscript/8.71/lib/gs_pfile.ps
./usr/share/ghostscript/8.71/lib/gs_rdlin.ps
./usr/share/ghostscript/8.71/lib/gs_s_m.xbm
./usr/share/ghostscript/8.71/lib/gs_s.xbm
./usr/share/ghostscript/8.71/lib/gs_s.xpm
./usr/share/ghostscript/8.71/lib/gs_t_m.xbm
./usr/share/ghostscript/8.71/lib/gs_t.xbm
./usr/share/ghostscript/8.71/lib/gs_t.xpm
./usr/share/ghostscript/8.71/lib/gs_wl1_e.ps
./usr/share/ghostscript/8.71/lib/gs_wl2_e.ps
./usr/share/ghostscript/8.71/lib/gs_wl5_e.ps
./usr/share/ghostscript/8.71/lib/ht_ccsto.ps
./usr/share/ghostscript/8.71/lib/image-qa.ps
./usr/share/ghostscript/8.71/lib/impath.ps
./usr/share/ghostscript/8.71/lib/jispaper.ps
./usr/share/ghostscript/8.71/lib/landscap.ps
./usr/share/ghostscript/8.71/lib/level1.ps
./usr/share/ghostscript/8.71/lib/lines.ps
./usr/share/ghostscript/8.71/lib/markhint.ps
./usr/share/ghostscript/8.71/lib/markpath.ps
./usr/share/ghostscript/8.71/lib/mkcidfm.ps
./usr/share/ghostscript/8.71/lib/necp2x6.upp
./usr/share/ghostscript/8.71/lib/necp2x.upp
./usr/share/ghostscript/8.71/lib/packfile.ps
./usr/share/ghostscript/8.71/lib/pcharstr.ps
./usr/share/ghostscript/8.71/lib/pdf2dsc.ps
./usr/share/ghostscript/8.71/lib/PDFA_def.ps
./usr/share/ghostscript/8.71/lib/pdfopt.ps
./usr/share/ghostscript/8.71/lib/pdfwrite.ps
./usr/share/ghostscript/8.71/lib/PDFX_def.ps
./usr/share/ghostscript/8.71/lib/pf2afm.ps
./usr/share/ghostscript/8.71/lib/pfbtopfa.ps
./usr/share/ghostscript/8.71/lib/PM760pl.upp
./usr/share/ghostscript/8.71/lib/PM760p.upp
./usr/share/ghostscript/8.71/lib/PM820pl.upp
./usr/share/ghostscript/8.71/lib/PM820p.upp
./usr/share/ghostscript/8.71/lib/ppath.ps
./usr/share/ghostscript/8.71/lib/pphs
./usr/share/ghostscript/8.71/lib/pphs.ps
./usr/share/ghostscript/8.71/lib/prfont.ps
./usr/share/ghostscript/8.71/lib/printafm.ps
./usr/share/ghostscript/8.71/lib/ps2ai.ps
./usr/share/ghostscript/8.71/lib/ps2ascii.ps
./usr/share/ghostscript/8.71/lib/ps2epsi.ps
./usr/share/ghostscript/8.71/lib/quit.ps
./usr/share/ghostscript/8.71/lib/ras1.upp
./usr/share/ghostscript/8.71/lib/ras24.upp
./usr/share/ghostscript/8.71/lib/ras32.upp
./usr/share/ghostscript/8.71/lib/ras3.upp
./usr/share/ghostscript/8.71/lib/ras4.upp
./usr/share/ghostscript/8.71/lib/ras8m.upp
./usr/share/ghostscript/8.71/lib/rollconv.ps
./usr/share/ghostscript/8.71/lib/s400a1.upp
./usr/share/ghostscript/8.71/lib/s400b1.upp
./usr/share/ghostscript/8.71/lib/sharp.upp
./usr/share/ghostscript/8.71/lib/showchar.ps
./usr/share/ghostscript/8.71/lib/showpage.ps
./usr/share/ghostscript/8.71/lib/sipixa6.upp
./usr/share/ghostscript/8.71/lib/st640ihg.upp
./usr/share/ghostscript/8.71/lib/st640ih.upp
./usr/share/ghostscript/8.71/lib/st640pg.upp
./usr/share/ghostscript/8.71/lib/st640plg.upp
./usr/share/ghostscript/8.71/lib/st640pl.upp
./usr/share/ghostscript/8.71/lib/st640p.upp
./usr/share/ghostscript/8.71/lib/stc1520h.upp
./usr/share/ghostscript/8.71/lib/stc200_h.upp
./usr/share/ghostscript/8.71/lib/stc2_h.upp
./usr/share/ghostscript/8.71/lib/stc2s_h.upp
./usr/share/ghostscript/8.71/lib/stc2.upp
./usr/share/ghostscript/8.71/lib/stc300bl.upp
./usr/share/ghostscript/8.71/lib/stc300bm.upp
./usr/share/ghostscript/8.71/lib/stc300.upp
./usr/share/ghostscript/8.71/lib/stc500ph.upp
./usr/share/ghostscript/8.71/lib/stc500p.upp
./usr/share/ghostscript/8.71/lib/stc600ih.upp
./usr/share/ghostscript/8.71/lib/stc600pl.upp
./usr/share/ghostscript/8.71/lib/stc600p.upp
./usr/share/ghostscript/8.71/lib/stc640p.upp
./usr/share/ghostscript/8.71/lib/Stc670pl.upp
./usr/share/ghostscript/8.71/lib/Stc670p.upp
./usr/share/ghostscript/8.71/lib/Stc680pl.upp
./usr/share/ghostscript/8.71/lib/Stc680p.upp
./usr/share/ghostscript/8.71/lib/stc740ih.upp
./usr/share/ghostscript/8.71/lib/Stc740pl.upp
./usr/share/ghostscript/8.71/lib/Stc740p.upp
./usr/share/ghostscript/8.71/lib/Stc760pl.upp
./usr/share/ghostscript/8.71/lib/Stc760p.upp
./usr/share/ghostscript/8.71/lib/Stc777pl.upp
./usr/share/ghostscript/8.71/lib/Stc777p.upp
./usr/share/ghostscript/8.71/lib/stc800ih.upp
./usr/share/ghostscript/8.71/lib/stc800pl.upp
./usr/share/ghostscript/8.71/lib/stc800p.upp
./usr/share/ghostscript/8.71/lib/stcany_h.upp
./usr/share/ghostscript/8.71/lib/stcany.upp
./usr/share/ghostscript/8.71/lib/stc_h.upp
./usr/share/ghostscript/8.71/lib/stcinfo.ps
./usr/share/ghostscript/8.71/lib/stc_l.upp
./usr/share/ghostscript/8.71/lib/stcolor.ps
./usr/share/ghostscript/8.71/lib/stc.upp
./usr/share/ghostscript/8.71/lib/stocht.ps
./usr/share/ghostscript/8.71/lib/Stp720pl.upp
./usr/share/ghostscript/8.71/lib/Stp720p.upp
./usr/share/ghostscript/8.71/lib/Stp870pl.upp
./usr/share/ghostscript/8.71/lib/Stp870p.upp
./usr/share/ghostscript/8.71/lib/traceimg.ps
./usr/share/ghostscript/8.71/lib/traceop.ps
./usr/share/ghostscript/8.71/lib/type1enc.ps
./usr/share/ghostscript/8.71/lib/type1ops.ps
./usr/share/ghostscript/8.71/lib/uninfo.ps
./usr/share/ghostscript/8.71/lib/unprot.ps
./usr/share/ghostscript/8.71/lib/viewcmyk.ps
./usr/share/ghostscript/8.71/lib/viewgif.ps
./usr/share/ghostscript/8.71/lib/viewjpeg.ps
./usr/share/ghostscript/8.71/lib/viewmiff.ps
./usr/share/ghostscript/8.71/lib/viewpbm.ps
./usr/share/ghostscript/8.71/lib/viewpcx.ps
./usr/share/ghostscript/8.71/lib/viewps2a.ps
./usr/share/ghostscript/8.71/lib/wftopfa.ps
./usr/share/ghostscript/8.71/lib/winmaps.ps
./usr/share/ghostscript/8.71/lib/wrfont.ps
./usr/share/ghostscript/8.71/lib/zeroline.ps
./usr/share/ghostscript/8.71/Resource
./usr/share/ghostscript/8.71/Resource/CMap
./usr/share/ghostscript/8.71/Resource/CMap/78-EUC-H
./usr/share/ghostscript/8.71/Resource/CMap/78-EUC-V
./usr/share/ghostscript/8.71/Resource/CMap/78-H
./usr/share/ghostscript/8.71/Resource/CMap/78ms-RKSJ-H
./usr/share/ghostscript/8.71/Resource/CMap/78ms-RKSJ-V
./usr/share/ghostscript/8.71/Resource/CMap/78-RKSJ-H
./usr/share/ghostscript/8.71/Resource/CMap/78-RKSJ-V
./usr/share/ghostscript/8.71/Resource/CMap/78-V
./usr/share/ghostscript/8.71/Resource/CMap/83pv-RKSJ-H
./usr/share/ghostscript/8.71/Resource/CMap/90msp-RKSJ-H
./usr/share/ghostscript/8.71/Resource/CMap/90msp-RKSJ-V
./usr/share/ghostscript/8.71/Resource/CMap/90ms-RKSJ-H
./usr/share/ghostscript/8.71/Resource/CMap/90ms-RKSJ-UCS2
./usr/share/ghostscript/8.71/Resource/CMap/90ms-RKSJ-V
./usr/share/ghostscript/8.71/Resource/CMap/90pv-RKSJ-H
./usr/share/ghostscript/8.71/Resource/CMap/90pv-RKSJ-UCS2
./usr/share/ghostscript/8.71/Resource/CMap/90pv-RKSJ-UCS2C
./usr/share/ghostscript/8.71/Resource/CMap/90pv-RKSJ-V
./usr/share/ghostscript/8.71/Resource/CMap/Add-H
./usr/share/ghostscript/8.71/Resource/CMap/Add-RKSJ-H
./usr/share/ghostscript/8.71/Resource/CMap/Add-RKSJ-V
./usr/share/ghostscript/8.71/Resource/CMap/Add-V
./usr/share/ghostscript/8.71/Resource/CMap/Adobe-CNS1-0
./usr/share/ghostscript/8.71/Resource/CMap/Adobe-CNS1-1
./usr/share/ghostscript/8.71/Resource/CMap/Adobe-CNS1-2
./usr/share/ghostscript/8.71/Resource/CMap/Adobe-CNS1-3
./usr/share/ghostscript/8.71/Resource/CMap/Adobe-CNS1-4
./usr/share/ghostscript/8.71/Resource/CMap/Adobe-CNS1-5
./usr/share/ghostscript/8.71/Resource/CMap/Adobe-CNS1-6
./usr/share/ghostscript/8.71/Resource/CMap/Adobe-CNS1-B5pc
./usr/share/ghostscript/8.71/Resource/CMap/Adobe-CNS1-ETenms-B5
./usr/share/ghostscript/8.71/Resource/CMap/Adobe-CNS1-H-CID
./usr/share/ghostscript/8.71/Resource/CMap/Adobe-CNS1-H-Host
./usr/share/ghostscript/8.71/Resource/CMap/Adobe-CNS1-H-Mac
./usr/share/ghostscript/8.71/Resource/CMap/Adobe-CNS1-UCS2
./usr/share/ghostscript/8.71/Resource/CMap/Adobe-GB1-0
./usr/share/ghostscript/8.71/Resource/CMap/Adobe-GB1-1
./usr/share/ghostscript/8.71/Resource/CMap/Adobe-GB1-2
./usr/share/ghostscript/8.71/Resource/CMap/Adobe-GB1-3
./usr/share/ghostscript/8.71/Resource/CMap/Adobe-GB1-4
./usr/share/ghostscript/8.71/Resource/CMap/Adobe-GB1-5
./usr/share/ghostscript/8.71/Resource/CMap/Adobe-GB1-GBK-EUC
./usr/share/ghostscript/8.71/Resource/CMap/Adobe-GB1-GBpc-EUC
./usr/share/ghostscript/8.71/Resource/CMap/Adobe-GB1-H-CID
./usr/share/ghostscript/8.71/Resource/CMap/Adobe-GB1-H-Host
./usr/share/ghostscript/8.71/Resource/CMap/Adobe-GB1-H-Mac
./usr/share/ghostscript/8.71/Resource/CMap/Adobe-GB1-UCS2
./usr/share/ghostscript/8.71/Resource/CMap/Adobe-Japan1-0
./usr/share/ghostscript/8.71/Resource/CMap/Adobe-Japan1-1
./usr/share/ghostscript/8.71/Resource/CMap/Adobe-Japan1-2
./usr/share/ghostscript/8.71/Resource/CMap/Adobe-Japan1-3
./usr/share/ghostscript/8.71/Resource/CMap/Adobe-Japan1-4
./usr/share/ghostscript/8.71/Resource/CMap/Adobe-Japan1-5
./usr/share/ghostscript/8.71/Resource/CMap/Adobe-Japan1-6
./usr/share/ghostscript/8.71/Resource/CMap/Adobe-Japan1-90ms-RKSJ
./usr/share/ghostscript/8.71/Resource/CMap/Adobe-Japan1-90pv-RKSJ
./usr/share/ghostscript/8.71/Resource/CMap/Adobe-Japan1-H-CID
./usr/share/ghostscript/8.71/Resource/CMap/Adobe-Japan1-H-Host
./usr/share/ghostscript/8.71/Resource/CMap/Adobe-Japan1-H-Mac
./usr/share/ghostscript/8.71/Resource/CMap/Adobe-Japan1-PS-H
./usr/share/ghostscript/8.71/Resource/CMap/Adobe-Japan1-PS-V
./usr/share/ghostscript/8.71/Resource/CMap/Adobe-Japan1-UCS2
./usr/share/ghostscript/8.71/Resource/CMap/Adobe-Japan2-0
./usr/share/ghostscript/8.71/Resource/CMap/Adobe-Korea1-0
./usr/share/ghostscript/8.71/Resource/CMap/Adobe-Korea1-1
./usr/share/ghostscript/8.71/Resource/CMap/Adobe-Korea1-2
./usr/share/ghostscript/8.71/Resource/CMap/Adobe-Korea1-H-CID
./usr/share/ghostscript/8.71/Resource/CMap/Adobe-Korea1-H-Host
./usr/share/ghostscript/8.71/Resource/CMap/Adobe-Korea1-H-Mac
./usr/share/ghostscript/8.71/Resource/CMap/Adobe-Korea1-KSCms-UHC
./usr/share/ghostscript/8.71/Resource/CMap/Adobe-Korea1-KSCpc-EUC
./usr/share/ghostscript/8.71/Resource/CMap/Adobe-Korea1-UCS2
./usr/share/ghostscript/8.71/Resource/CMap/B5-H
./usr/share/ghostscript/8.71/Resource/CMap/B5pc-H
./usr/share/ghostscript/8.71/Resource/CMap/B5pc-UCS2
./usr/share/ghostscript/8.71/Resource/CMap/B5pc-UCS2C
./usr/share/ghostscript/8.71/Resource/CMap/B5pc-V
./usr/share/ghostscript/8.71/Resource/CMap/B5-V
./usr/share/ghostscript/8.71/Resource/CMap/CNS01-RKSJ-H
./usr/share/ghostscript/8.71/Resource/CMap/CNS02-RKSJ-H
./usr/share/ghostscript/8.71/Resource/CMap/CNS03-RKSJ-H
./usr/share/ghostscript/8.71/Resource/CMap/CNS04-RKSJ-H
./usr/share/ghostscript/8.71/Resource/CMap/CNS05-RKSJ-H
./usr/share/ghostscript/8.71/Resource/CMap/CNS06-RKSJ-H
./usr/share/ghostscript/8.71/Resource/CMap/CNS07-RKSJ-H
./usr/share/ghostscript/8.71/Resource/CMap/CNS15-RKSJ-H
./usr/share/ghostscript/8.71/Resource/CMap/CNS1-H
./usr/share/ghostscript/8.71/Resource/CMap/CNS1-V
./usr/share/ghostscript/8.71/Resource/CMap/CNS2-H
./usr/share/ghostscript/8.71/Resource/CMap/CNS2-V
./usr/share/ghostscript/8.71/Resource/CMap/CNS-EUC-H
./usr/share/ghostscript/8.71/Resource/CMap/CNS-EUC-V
./usr/share/ghostscript/8.71/Resource/CMap/ETen-B5-H
./usr/share/ghostscript/8.71/Resource/CMap/ETen-B5-UCS2
./usr/share/ghostscript/8.71/Resource/CMap/ETen-B5-V
./usr/share/ghostscript/8.71/Resource/CMap/ETenms-B5-H
./usr/share/ghostscript/8.71/Resource/CMap/ETenms-B5-V
./usr/share/ghostscript/8.71/Resource/CMap/ETHK-B5-H
./usr/share/ghostscript/8.71/Resource/CMap/ETHK-B5-V
./usr/share/ghostscript/8.71/Resource/CMap/EUC-H
./usr/share/ghostscript/8.71/Resource/CMap/EUC-V
./usr/share/ghostscript/8.71/Resource/CMap/Ext-H
./usr/share/ghostscript/8.71/Resource/CMap/Ext-RKSJ-H
./usr/share/ghostscript/8.71/Resource/CMap/Ext-RKSJ-V
./usr/share/ghostscript/8.71/Resource/CMap/Ext-V
./usr/share/ghostscript/8.71/Resource/CMap/GB-EUC-H
./usr/share/ghostscript/8.71/Resource/CMap/GB-EUC-V
./usr/share/ghostscript/8.71/Resource/CMap/GB-H
./usr/share/ghostscript/8.71/Resource/CMap/GBK2K-H
./usr/share/ghostscript/8.71/Resource/CMap/GBK2K-V
./usr/share/ghostscript/8.71/Resource/CMap/GBK-EUC-H
./usr/share/ghostscript/8.71/Resource/CMap/GBK-EUC-UCS2
./usr/share/ghostscript/8.71/Resource/CMap/GBK-EUC-V
./usr/share/ghostscript/8.71/Resource/CMap/GBKp-EUC-H
./usr/share/ghostscript/8.71/Resource/CMap/GBKp-EUC-V
./usr/share/ghostscript/8.71/Resource/CMap/GBpc-EUC-H
./usr/share/ghostscript/8.71/Resource/CMap/GBpc-EUC-UCS2
./usr/share/ghostscript/8.71/Resource/CMap/GBpc-EUC-UCS2C
./usr/share/ghostscript/8.71/Resource/CMap/GBpc-EUC-V
./usr/share/ghostscript/8.71/Resource/CMap/GB-RKSJ-H
./usr/share/ghostscript/8.71/Resource/CMap/GBT-EUC-H
./usr/share/ghostscript/8.71/Resource/CMap/GBT-EUC-V
./usr/share/ghostscript/8.71/Resource/CMap/GBT-H
./usr/share/ghostscript/8.71/Resource/CMap/GBTpc-EUC-H
./usr/share/ghostscript/8.71/Resource/CMap/GBTpc-EUC-V
./usr/share/ghostscript/8.71/Resource/CMap/GBT-RKSJ-H
./usr/share/ghostscript/8.71/Resource/CMap/GBT-V
./usr/share/ghostscript/8.71/Resource/CMap/GB-V
./usr/share/ghostscript/8.71/Resource/CMap/H
./usr/share/ghostscript/8.71/Resource/CMap/Hankaku
./usr/share/ghostscript/8.71/Resource/CMap/Hiragana
./usr/share/ghostscript/8.71/Resource/CMap/HKdla-B5-H
./usr/share/ghostscript/8.71/Resource/CMap/HKdla-B5-V
./usr/share/ghostscript/8.71/Resource/CMap/HKdlb-B5-H
./usr/share/ghostscript/8.71/Resource/CMap/HKdlb-B5-V
./usr/share/ghostscript/8.71/Resource/CMap/HKgccs-B5-H
./usr/share/ghostscript/8.71/Resource/CMap/HKgccs-B5-V
./usr/share/ghostscript/8.71/Resource/CMap/HKm314-B5-H
./usr/share/ghostscript/8.71/Resource/CMap/HKm314-B5-V
./usr/share/ghostscript/8.71/Resource/CMap/HKm471-B5-H
./usr/share/ghostscript/8.71/Resource/CMap/HKm471-B5-V
./usr/share/ghostscript/8.71/Resource/CMap/HK-RKSJ-H
./usr/share/ghostscript/8.71/Resource/CMap/HKscs-B5-H
./usr/share/ghostscript/8.71/Resource/CMap/HKscs-B5-V
./usr/share/ghostscript/8.71/Resource/CMap/Hojo-EUC-H
./usr/share/ghostscript/8.71/Resource/CMap/Hojo-EUC-V
./usr/share/ghostscript/8.71/Resource/CMap/Hojo-H
./usr/share/ghostscript/8.71/Resource/CMap/Hojo-RKSJ-H
./usr/share/ghostscript/8.71/Resource/CMap/Hojo-V
./usr/share/ghostscript/8.71/Resource/CMap/Identity-H
./usr/share/ghostscript/8.71/Resource/CMap/Identity-UTF16-H
./usr/share/ghostscript/8.71/Resource/CMap/Identity-UTF16-V
./usr/share/ghostscript/8.71/Resource/CMap/Identity-V
./usr/share/ghostscript/8.71/Resource/CMap/Katakana
./usr/share/ghostscript/8.71/Resource/CMap/KSC2-RKSJ-H
./usr/share/ghostscript/8.71/Resource/CMap/KSC-EUC-H
./usr/share/ghostscript/8.71/Resource/CMap/KSC-EUC-V
./usr/share/ghostscript/8.71/Resource/CMap/KSC-H
./usr/share/ghostscript/8.71/Resource/CMap/KSC-Johab-H
./usr/share/ghostscript/8.71/Resource/CMap/KSC-Johab-V
./usr/share/ghostscript/8.71/Resource/CMap/KSCms-UHC-H
./usr/share/ghostscript/8.71/Resource/CMap/KSCms-UHC-HW-H
./usr/share/ghostscript/8.71/Resource/CMap/KSCms-UHC-HW-V
./usr/share/ghostscript/8.71/Resource/CMap/KSCms-UHC-UCS2
./usr/share/ghostscript/8.71/Resource/CMap/KSCms-UHC-V
./usr/share/ghostscript/8.71/Resource/CMap/KSCpc-EUC-H
./usr/share/ghostscript/8.71/Resource/CMap/KSCpc-EUC-UCS2
./usr/share/ghostscript/8.71/Resource/CMap/KSCpc-EUC-UCS2C
./usr/share/ghostscript/8.71/Resource/CMap/KSCpc-EUC-V
./usr/share/ghostscript/8.71/Resource/CMap/KSC-RKSJ-H
./usr/share/ghostscript/8.71/Resource/CMap/KSC-V
./usr/share/ghostscript/8.71/Resource/CMap/NWP-H
./usr/share/ghostscript/8.71/Resource/CMap/NWP-V
./usr/share/ghostscript/8.71/Resource/CMap/RKSJ-H
./usr/share/ghostscript/8.71/Resource/CMap/RKSJ-V
./usr/share/ghostscript/8.71/Resource/CMap/Roman
./usr/share/ghostscript/8.71/Resource/CMap/TCVN-RKSJ-H
./usr/share/ghostscript/8.71/Resource/CMap/UCS2-90ms-RKSJ
./usr/share/ghostscript/8.71/Resource/CMap/UCS2-90pv-RKSJ
./usr/share/ghostscript/8.71/Resource/CMap/UCS2-B5pc
./usr/share/ghostscript/8.71/Resource/CMap/UCS2-ETen-B5
./usr/share/ghostscript/8.71/Resource/CMap/UCS2-GBK-EUC
./usr/share/ghostscript/8.71/Resource/CMap/UCS2-GBpc-EUC
./usr/share/ghostscript/8.71/Resource/CMap/UCS2-KSCms-UHC
./usr/share/ghostscript/8.71/Resource/CMap/UCS2-KSCpc-EUC
./usr/share/ghostscript/8.71/Resource/CMap/UniCNS-UCS2-H
./usr/share/ghostscript/8.71/Resource/CMap/UniCNS-UCS2-V
./usr/share/ghostscript/8.71/Resource/CMap/UniCNS-UTF16-H
./usr/share/ghostscript/8.71/Resource/CMap/UniCNS-UTF16-V
./usr/share/ghostscript/8.71/Resource/CMap/UniCNS-UTF32-H
./usr/share/ghostscript/8.71/Resource/CMap/UniCNS-UTF32-V
./usr/share/ghostscript/8.71/Resource/CMap/UniCNS-UTF8-H
./usr/share/ghostscript/8.71/Resource/CMap/UniCNS-UTF8-V
./usr/share/ghostscript/8.71/Resource/CMap/UniGB-UCS2-H
./usr/share/ghostscript/8.71/Resource/CMap/UniGB-UCS2-V
./usr/share/ghostscript/8.71/Resource/CMap/UniGB-UTF16-H
./usr/share/ghostscript/8.71/Resource/CMap/UniGB-UTF16-V
./usr/share/ghostscript/8.71/Resource/CMap/UniGB-UTF32-H
./usr/share/ghostscript/8.71/Resource/CMap/UniGB-UTF32-V
./usr/share/ghostscript/8.71/Resource/CMap/UniGB-UTF8-H
./usr/share/ghostscript/8.71/Resource/CMap/UniGB-UTF8-V
./usr/share/ghostscript/8.71/Resource/CMap/UniHojo-UCS2-H
./usr/share/ghostscript/8.71/Resource/CMap/UniHojo-UCS2-V
./usr/share/ghostscript/8.71/Resource/CMap/UniHojo-UTF16-H
./usr/share/ghostscript/8.71/Resource/CMap/UniHojo-UTF16-V
./usr/share/ghostscript/8.71/Resource/CMap/UniHojo-UTF32-H
./usr/share/ghostscript/8.71/Resource/CMap/UniHojo-UTF32-V
./usr/share/ghostscript/8.71/Resource/CMap/UniHojo-UTF8-H
./usr/share/ghostscript/8.71/Resource/CMap/UniHojo-UTF8-V
./usr/share/ghostscript/8.71/Resource/CMap/UniJIS2004-UTF16-H
./usr/share/ghostscript/8.71/Resource/CMap/UniJIS2004-UTF16-V
./usr/share/ghostscript/8.71/Resource/CMap/UniJIS2004-UTF32-H
./usr/share/ghostscript/8.71/Resource/CMap/UniJIS2004-UTF32-V
./usr/share/ghostscript/8.71/Resource/CMap/UniJIS2004-UTF8-H
./usr/share/ghostscript/8.71/Resource/CMap/UniJIS2004-UTF8-V
./usr/share/ghostscript/8.71/Resource/CMap/UniJISPro-UCS2-HW-V
./usr/share/ghostscript/8.71/Resource/CMap/UniJISPro-UCS2-V
./usr/share/ghostscript/8.71/Resource/CMap/UniJISPro-UTF8-V
./usr/share/ghostscript/8.71/Resource/CMap/UniJIS-UCS2-H
./usr/share/ghostscript/8.71/Resource/CMap/UniJIS-UCS2-HW-H
./usr/share/ghostscript/8.71/Resource/CMap/UniJIS-UCS2-HW-V
./usr/share/ghostscript/8.71/Resource/CMap/UniJIS-UCS2-V
./usr/share/ghostscript/8.71/Resource/CMap/UniJIS-UTF16-H
./usr/share/ghostscript/8.71/Resource/CMap/UniJIS-UTF16-V
./usr/share/ghostscript/8.71/Resource/CMap/UniJIS-UTF32-H
./usr/share/ghostscript/8.71/Resource/CMap/UniJIS-UTF32-V
./usr/share/ghostscript/8.71/Resource/CMap/UniJIS-UTF8-H
./usr/share/ghostscript/8.71/Resource/CMap/UniJIS-UTF8-V
./usr/share/ghostscript/8.71/Resource/CMap/UniJISX02132004-UTF32-H
./usr/share/ghostscript/8.71/Resource/CMap/UniJISX02132004-UTF32-V
./usr/share/ghostscript/8.71/Resource/CMap/UniJISX0213-UTF32-H
./usr/share/ghostscript/8.71/Resource/CMap/UniJISX0213-UTF32-V
./usr/share/ghostscript/8.71/Resource/CMap/UniKS-UCS2-H
./usr/share/ghostscript/8.71/Resource/CMap/UniKS-UCS2-V
./usr/share/ghostscript/8.71/Resource/CMap/UniKS-UTF16-H
./usr/share/ghostscript/8.71/Resource/CMap/UniKS-UTF16-V
./usr/share/ghostscript/8.71/Resource/CMap/UniKS-UTF32-H
./usr/share/ghostscript/8.71/Resource/CMap/UniKS-UTF32-V
./usr/share/ghostscript/8.71/Resource/CMap/UniKS-UTF8-H
./usr/share/ghostscript/8.71/Resource/CMap/UniKS-UTF8-V
./usr/share/ghostscript/8.71/Resource/CMap/V
./usr/share/ghostscript/8.71/Resource/CMap/WP-Symbol
./usr/share/ghostscript/8.71/Resource/ColorSpace
./usr/share/ghostscript/8.71/Resource/ColorSpace/DefaultCMYK
./usr/share/ghostscript/8.71/Resource/ColorSpace/DefaultGray
./usr/share/ghostscript/8.71/Resource/ColorSpace/DefaultRGB
./usr/share/ghostscript/8.71/Resource/ColorSpace/sGray
./usr/share/ghostscript/8.71/Resource/ColorSpace/sRGB
./usr/share/ghostscript/8.71/Resource/ColorSpace/TrivialCMYK
./usr/share/ghostscript/8.71/Resource/Decoding
./usr/share/ghostscript/8.71/Resource/Decoding/FCO_Dingbats
./usr/share/ghostscript/8.71/Resource/Decoding/FCO_Symbol
./usr/share/ghostscript/8.71/Resource/Decoding/FCO_Unicode
./usr/share/ghostscript/8.71/Resource/Decoding/FCO_Wingdings
./usr/share/ghostscript/8.71/Resource/Decoding/Latin1
./usr/share/ghostscript/8.71/Resource/Decoding/StandardEncoding
./usr/share/ghostscript/8.71/Resource/Decoding/Unicode
./usr/share/ghostscript/8.71/Resource/Encoding
./usr/share/ghostscript/8.71/Resource/Encoding/Wingdings
./usr/share/ghostscript/8.71/Resource/Font
./usr/share/ghostscript/8.71/Resource/Font/CenturySchL-Bold
./usr/share/ghostscript/8.71/Resource/Font/CenturySchL-BoldItal
./usr/share/ghostscript/8.71/Resource/Font/CenturySchL-Ital
./usr/share/ghostscript/8.71/Resource/Font/CenturySchL-Roma
./usr/share/ghostscript/8.71/Resource/Font/Dingbats
./usr/share/ghostscript/8.71/Resource/Font/NimbusMonL-Bold
./usr/share/ghostscript/8.71/Resource/Font/NimbusMonL-BoldObli
./usr/share/ghostscript/8.71/Resource/Font/NimbusMonL-Regu
./usr/share/ghostscript/8.71/Resource/Font/NimbusMonL-ReguObli
./usr/share/ghostscript/8.71/Resource/Font/NimbusRomNo9L-Medi
./usr/share/ghostscript/8.71/Resource/Font/NimbusRomNo9L-MediItal
./usr/share/ghostscript/8.71/Resource/Font/NimbusRomNo9L-Regu
./usr/share/ghostscript/8.71/Resource/Font/NimbusRomNo9L-ReguItal
./usr/share/ghostscript/8.71/Resource/Font/NimbusSanL-Bold
./usr/share/ghostscript/8.71/Resource/Font/NimbusSanL-BoldCond
./usr/share/ghostscript/8.71/Resource/Font/NimbusSanL-BoldCondItal
./usr/share/ghostscript/8.71/Resource/Font/NimbusSanL-BoldItal
./usr/share/ghostscript/8.71/Resource/Font/NimbusSanL-Regu
./usr/share/ghostscript/8.71/Resource/Font/NimbusSanL-ReguCond
./usr/share/ghostscript/8.71/Resource/Font/NimbusSanL-ReguCondItal
./usr/share/ghostscript/8.71/Resource/Font/NimbusSanL-ReguItal
./usr/share/ghostscript/8.71/Resource/Font/StandardSymL
./usr/share/ghostscript/8.71/Resource/Font/URWBookmanL-DemiBold
./usr/share/ghostscript/8.71/Resource/Font/URWBookmanL-DemiBoldItal
./usr/share/ghostscript/8.71/Resource/Font/URWBookmanL-Ligh
./usr/share/ghostscript/8.71/Resource/Font/URWBookmanL-LighItal
./usr/share/ghostscript/8.71/Resource/Font/URWChanceryL-MediItal
./usr/share/ghostscript/8.71/Resource/Font/URWGothicL-Book
./usr/share/ghostscript/8.71/Resource/Font/URWGothicL-BookObli
./usr/share/ghostscript/8.71/Resource/Font/URWGothicL-Demi
./usr/share/ghostscript/8.71/Resource/Font/URWGothicL-DemiObli
./usr/share/ghostscript/8.71/Resource/Font/URWPalladioL-Bold
./usr/share/ghostscript/8.71/Resource/Font/URWPalladioL-BoldItal
./usr/share/ghostscript/8.71/Resource/Font/URWPalladioL-Ital
./usr/share/ghostscript/8.71/Resource/Font/URWPalladioL-Roma
./usr/share/ghostscript/8.71/Resource/Init
./usr/share/ghostscript/8.71/Resource/Init/cidfmap
./usr/share/ghostscript/8.71/Resource/Init/FCOfontmap-PCLPS2
./usr/share/ghostscript/8.71/Resource/Init/Fontmap
./usr/share/ghostscript/8.71/Resource/Init/Fontmap.GS
./usr/share/ghostscript/8.71/Resource/Init/gs_agl.ps
./usr/share/ghostscript/8.71/Resource/Init/gs_btokn.ps
./usr/share/ghostscript/8.71/Resource/Init/gs_cet.ps
./usr/share/ghostscript/8.71/Resource/Init/gs_cff.ps
./usr/share/ghostscript/8.71/Resource/Init/gs_cidcm.ps
./usr/share/ghostscript/8.71/Resource/Init/gs_ciddc.ps
./usr/share/ghostscript/8.71/Resource/Init/gs_cidfm.ps
./usr/share/ghostscript/8.71/Resource/Init/gs_cidfn.ps
./usr/share/ghostscript/8.71/Resource/Init/gs_cidtt.ps
./usr/share/ghostscript/8.71/Resource/Init/gs_cmap.ps
./usr/share/ghostscript/8.71/Resource/Init/gs_cspace.ps
./usr/share/ghostscript/8.71/Resource/Init/gs_css_e.ps
./usr/share/ghostscript/8.71/Resource/Init/gs_dbt_e.ps
./usr/share/ghostscript/8.71/Resource/Init/gs_diskf.ps
./usr/share/ghostscript/8.71/Resource/Init/gs_diskn.ps
./usr/share/ghostscript/8.71/Resource/Init/gs_dpnxt.ps
./usr/share/ghostscript/8.71/Resource/Init/gs_dps1.ps
./usr/share/ghostscript/8.71/Resource/Init/gs_dps2.ps
./usr/share/ghostscript/8.71/Resource/Init/gs_dps.ps
./usr/share/ghostscript/8.71/Resource/Init/gs_dscp.ps
./usr/share/ghostscript/8.71/Resource/Init/gs_epsf.ps
./usr/share/ghostscript/8.71/Resource/Init/gs_fapi.ps
./usr/share/ghostscript/8.71/Resource/Init/gs_fntem.ps
./usr/share/ghostscript/8.71/Resource/Init/gs_fonts.ps
./usr/share/ghostscript/8.71/Resource/Init/gs_frsd.ps
./usr/share/ghostscript/8.71/Resource/Init/gs_icc.ps
./usr/share/ghostscript/8.71/Resource/Init/gs_il1_e.ps
./usr/share/ghostscript/8.71/Resource/Init/gs_img.ps
./usr/share/ghostscript/8.71/Resource/Init/gs_init.ps
./usr/share/ghostscript/8.71/Resource/Init/gs_l2img.ps
./usr/share/ghostscript/8.71/Resource/Init/gs_lev2.ps
./usr/share/ghostscript/8.71/Resource/Init/gs_ll3.ps
./usr/share/ghostscript/8.71/Resource/Init/gs_mex_e.ps
./usr/share/ghostscript/8.71/Resource/Init/gs_mgl_e.ps
./usr/share/ghostscript/8.71/Resource/Init/gs_mro_e.ps
./usr/share/ghostscript/8.71/Resource/Init/gs_pdf_e.ps
./usr/share/ghostscript/8.71/Resource/Init/gs_pdfwr.ps
./usr/share/ghostscript/8.71/Resource/Init/gs_resmp.ps
./usr/share/ghostscript/8.71/Resource/Init/gs_res.ps
./usr/share/ghostscript/8.71/Resource/Init/gs_setpd.ps
./usr/share/ghostscript/8.71/Resource/Init/gs_statd.ps
./usr/share/ghostscript/8.71/Resource/Init/gs_std_e.ps
./usr/share/ghostscript/8.71/Resource/Init/gs_sym_e.ps
./usr/share/ghostscript/8.71/Resource/Init/gs_trap.ps
./usr/share/ghostscript/8.71/Resource/Init/gs_ttf.ps
./usr/share/ghostscript/8.71/Resource/Init/gs_typ32.ps
./usr/share/ghostscript/8.71/Resource/Init/gs_typ42.ps
./usr/share/ghostscript/8.71/Resource/Init/gs_type1.ps
./usr/share/ghostscript/8.71/Resource/Init/gs_wan_e.ps
./usr/share/ghostscript/8.71/Resource/Init/opdfread.ps
./usr/share/ghostscript/8.71/Resource/Init/pdf_base.ps
./usr/share/ghostscript/8.71/Resource/Init/pdf_cslayer.ps
./usr/share/ghostscript/8.71/Resource/Init/pdf_draw.ps
./usr/share/ghostscript/8.71/Resource/Init/pdf_font.ps
./usr/share/ghostscript/8.71/Resource/Init/pdf_main.ps
./usr/share/ghostscript/8.71/Resource/Init/pdf_ops.ps
./usr/share/ghostscript/8.71/Resource/Init/pdf_rbld.ps
./usr/share/ghostscript/8.71/Resource/Init/pdf_sec.ps
./usr/share/ghostscript/8.71/Resource/Init/xlatmap
./usr/share/ghostscript/8.71/Resource/SubstCID
./usr/share/ghostscript/8.71/Resource/SubstCID/CNS1-WMode
./usr/share/ghostscript/8.71/Resource/SubstCID/GB1-WMode
./usr/share/ghostscript/8.71/Resource/SubstCID/Japan1-WMode
./usr/share/ghostscript/8.71/Resource/SubstCID/Korea1-WMode
