./usr/lib/icu
./usr/lib/icu/68.1
./usr/lib/icu/68.1/Makefile.inc
./usr/lib/icu/68.1/pkgdata.inc
./usr/lib/icu/Makefile.inc
./usr/lib/icu/current
./usr/lib/icu/pkgdata.inc
./usr/lib/libicudata.so
./usr/lib/libicudata.so.68
./usr/lib/libicudata.so.68.1
./usr/lib/libicui18n.so
./usr/lib/libicui18n.so.68
./usr/lib/libicui18n.so.68.1
./usr/lib/libicuio.so
./usr/lib/libicuio.so.68
./usr/lib/libicuio.so.68.1
./usr/lib/libicutest.so
./usr/lib/libicutest.so.68
./usr/lib/libicutest.so.68.1
./usr/lib/libicutu.so
./usr/lib/libicutu.so.68
./usr/lib/libicutu.so.68.1
./usr/lib/libicuuc.so
./usr/lib/libicuuc.so.68
./usr/lib/libicuuc.so.68.1
./usr/sbin/escapesrc
