./usr/lib/modules/5.15.141/kernel/crypto/aead.ko
./usr/lib/modules/5.15.141/kernel/crypto/aes_generic.ko
./usr/lib/modules/5.15.141/kernel/crypto/akcipher.ko
./usr/lib/modules/5.15.141/kernel/crypto/ansi_cprng.ko
./usr/lib/modules/5.15.141/kernel/crypto/authenc.ko
./usr/lib/modules/5.15.141/kernel/crypto/authencesn.ko
./usr/lib/modules/5.15.141/kernel/crypto/blake2b_generic.ko
./usr/lib/modules/5.15.141/kernel/crypto/blowfish_common.ko
./usr/lib/modules/5.15.141/kernel/crypto/blowfish_generic.ko
./usr/lib/modules/5.15.141/kernel/crypto/camellia_generic.ko
./usr/lib/modules/5.15.141/kernel/crypto/cbc.ko
./usr/lib/modules/5.15.141/kernel/crypto/ccm.ko
./usr/lib/modules/5.15.141/kernel/crypto/cmac.ko
./usr/lib/modules/5.15.141/kernel/crypto/crc32c_generic.ko
./usr/lib/modules/5.15.141/kernel/crypto/crct10dif_common.ko
./usr/lib/modules/5.15.141/kernel/crypto/crct10dif_generic.ko
./usr/lib/modules/5.15.141/kernel/crypto/crypto.ko
./usr/lib/modules/5.15.141/kernel/crypto/crypto_acompress.ko
./usr/lib/modules/5.15.141/kernel/crypto/crypto_algapi.ko
./usr/lib/modules/5.15.141/kernel/crypto/crypto_hash.ko
./usr/lib/modules/5.15.141/kernel/crypto/crypto_null.ko
./usr/lib/modules/5.15.141/kernel/crypto/cryptomgr.ko
./usr/lib/modules/5.15.141/kernel/crypto/ctr.ko
./usr/lib/modules/5.15.141/kernel/crypto/cts.ko
./usr/lib/modules/5.15.141/kernel/crypto/deflate.ko
./usr/lib/modules/5.15.141/kernel/crypto/drbg.ko
./usr/lib/modules/5.15.141/kernel/crypto/ecb.ko
./usr/lib/modules/5.15.141/kernel/crypto/echainiv.ko
./usr/lib/modules/5.15.141/kernel/crypto/essiv.ko
./usr/lib/modules/5.15.141/kernel/crypto/gcm.ko
./usr/lib/modules/5.15.141/kernel/crypto/geniv.ko
./usr/lib/modules/5.15.141/kernel/crypto/gf128mul.ko
./usr/lib/modules/5.15.141/kernel/crypto/ghash-generic.ko
./usr/lib/modules/5.15.141/kernel/crypto/hmac.ko
./usr/lib/modules/5.15.141/kernel/crypto/jitterentropy_rng.ko
./usr/lib/modules/5.15.141/kernel/crypto/kpp.ko
./usr/lib/modules/5.15.141/kernel/crypto/md5.ko
./usr/lib/modules/5.15.141/kernel/crypto/pcbc.ko
./usr/lib/modules/5.15.141/kernel/crypto/rng.ko
./usr/lib/modules/5.15.141/kernel/crypto/seqiv.ko
./usr/lib/modules/5.15.141/kernel/crypto/sha1_generic.ko
./usr/lib/modules/5.15.141/kernel/crypto/sha256_generic.ko
./usr/lib/modules/5.15.141/kernel/crypto/sha512_generic.ko
./usr/lib/modules/5.15.141/kernel/crypto/skcipher.ko
./usr/lib/modules/5.15.141/kernel/crypto/twofish_common.ko
./usr/lib/modules/5.15.141/kernel/crypto/twofish_generic.ko
./usr/lib/modules/5.15.141/kernel/crypto/xor.ko
./usr/lib/modules/5.15.141/kernel/crypto/xts.ko
./usr/lib/modules/5.15.141/kernel/crypto/xxhash_generic.ko
./usr/lib/modules/5.15.141/kernel/drivers/base/firmware_loader/firmware_class.ko
./usr/lib/modules/5.15.141/kernel/drivers/crypto/marvell/cesa/marvell-cesa.ko
./usr/lib/modules/5.15.141/kernel/drivers/hid/usbhid/usbhid.ko
./usr/lib/modules/5.15.141/kernel/drivers/md/dm-bufio.ko
./usr/lib/modules/5.15.141/kernel/drivers/md/dm-crypt.ko
./usr/lib/modules/5.15.141/kernel/drivers/md/dm-log.ko
./usr/lib/modules/5.15.141/kernel/drivers/md/dm-mirror.ko
./usr/lib/modules/5.15.141/kernel/drivers/md/dm-mod.ko
./usr/lib/modules/5.15.141/kernel/drivers/md/dm-region-hash.ko
./usr/lib/modules/5.15.141/kernel/drivers/md/dm-snapshot.ko
./usr/lib/modules/5.15.141/kernel/drivers/misc/eeprom/eeprom_93cx6.ko
./usr/lib/modules/5.15.141/kernel/drivers/net/ppp/bsd_comp.ko
./usr/lib/modules/5.15.141/kernel/drivers/net/ppp/ppp_async.ko
./usr/lib/modules/5.15.141/kernel/drivers/net/ppp/ppp_deflate.ko
./usr/lib/modules/5.15.141/kernel/drivers/net/ppp/ppp_generic.ko
./usr/lib/modules/5.15.141/kernel/drivers/net/ppp/ppp_mppe.ko
./usr/lib/modules/5.15.141/kernel/drivers/net/ppp/ppp_synctty.ko
./usr/lib/modules/5.15.141/kernel/drivers/net/ppp/pppoe.ko
./usr/lib/modules/5.15.141/kernel/drivers/net/ppp/pppox.ko
./usr/lib/modules/5.15.141/kernel/drivers/net/slip/slhc.ko
./usr/lib/modules/5.15.141/kernel/drivers/net/tun.ko
./usr/lib/modules/5.15.141/kernel/drivers/usb/class/cdc-acm.ko
./usr/lib/modules/5.15.141/kernel/drivers/usb/class/cdc-wdm.ko
./usr/lib/modules/5.15.141/kernel/drivers/usb/class/usblp.ko
./usr/lib/modules/5.15.141/kernel/drivers/usb/common/usb-common.ko
./usr/lib/modules/5.15.141/kernel/drivers/usb/core/usbcore.ko
./usr/lib/modules/5.15.141/kernel/drivers/usb/host/ehci-hcd.ko
./usr/lib/modules/5.15.141/kernel/drivers/usb/host/ehci-orion.ko
./usr/lib/modules/5.15.141/kernel/drivers/usb/host/ehci-pci.ko
./usr/lib/modules/5.15.141/kernel/drivers/usb/serial/usbserial.ko
./usr/lib/modules/5.15.141/kernel/drivers/usb/storage/usb-storage.ko
./usr/lib/modules/5.15.141/kernel/fs/btrfs/btrfs.ko
./usr/lib/modules/5.15.141/kernel/fs/cifs/cifs.ko
./usr/lib/modules/5.15.141/kernel/fs/exportfs/exportfs.ko
./usr/lib/modules/5.15.141/kernel/fs/ext4/ext4.ko
./usr/lib/modules/5.15.141/kernel/fs/fat/fat.ko
./usr/lib/modules/5.15.141/kernel/fs/fat/msdos.ko
./usr/lib/modules/5.15.141/kernel/fs/fat/vfat.ko
./usr/lib/modules/5.15.141/kernel/fs/fuse/fuse.ko
./usr/lib/modules/5.15.141/kernel/fs/hfs/hfs.ko
./usr/lib/modules/5.15.141/kernel/fs/hfsplus/hfsplus.ko
./usr/lib/modules/5.15.141/kernel/fs/isofs/isofs.ko
./usr/lib/modules/5.15.141/kernel/fs/jbd2/jbd2.ko
./usr/lib/modules/5.15.141/kernel/fs/jffs2/jffs2.ko
./usr/lib/modules/5.15.141/kernel/fs/jfs/jfs.ko
./usr/lib/modules/5.15.141/kernel/fs/lockd/lockd.ko
./usr/lib/modules/5.15.141/kernel/fs/mbcache.ko
./usr/lib/modules/5.15.141/kernel/fs/nfs/nfs.ko
./usr/lib/modules/5.15.141/kernel/fs/nfs/nfsv2.ko
./usr/lib/modules/5.15.141/kernel/fs/nfs/nfsv3.ko
./usr/lib/modules/5.15.141/kernel/fs/nfs_common/grace.ko
./usr/lib/modules/5.15.141/kernel/fs/nfsd/nfsd.ko
./usr/lib/modules/5.15.141/kernel/fs/nls/nls_base.ko
./usr/lib/modules/5.15.141/kernel/fs/nls/nls_utf8.ko
./usr/lib/modules/5.15.141/kernel/fs/quota/quota_tree.ko
./usr/lib/modules/5.15.141/kernel/fs/quota/quota_v2.ko
./usr/lib/modules/5.15.141/kernel/fs/smbfs_common/cifs_arc4.ko
./usr/lib/modules/5.15.141/kernel/fs/smbfs_common/cifs_md4.ko
./usr/lib/modules/5.15.141/kernel/fs/udf/udf.ko
./usr/lib/modules/5.15.141/kernel/fs/xfs/xfs.ko
./usr/lib/modules/5.15.141/kernel/lib/asn1_decoder.ko
./usr/lib/modules/5.15.141/kernel/lib/crc-ccitt.ko
./usr/lib/modules/5.15.141/kernel/lib/crc-itu-t.ko
./usr/lib/modules/5.15.141/kernel/lib/crc16.ko
./usr/lib/modules/5.15.141/kernel/lib/crypto/libaes.ko
./usr/lib/modules/5.15.141/kernel/lib/crypto/libarc4.ko
./usr/lib/modules/5.15.141/kernel/lib/crypto/libdes.ko
./usr/lib/modules/5.15.141/kernel/lib/crypto/libsha256.ko
./usr/lib/modules/5.15.141/kernel/lib/libcrc32c.ko
./usr/lib/modules/5.15.141/kernel/lib/oid_registry.ko
./usr/lib/modules/5.15.141/kernel/lib/raid6/raid6_pq.ko
./usr/lib/modules/5.15.141/kernel/lib/zlib_deflate/zlib_deflate.ko
./usr/lib/modules/5.15.141/kernel/lib/zlib_inflate/zlib_inflate.ko
./usr/lib/modules/5.15.141/kernel/net/8021q/8021q.ko
./usr/lib/modules/5.15.141/kernel/net/dns_resolver/dns_resolver.ko
./usr/lib/modules/5.15.141/kernel/net/ipv4/ah4.ko
./usr/lib/modules/5.15.141/kernel/net/ipv4/esp4.ko
./usr/lib/modules/5.15.141/kernel/net/ipv4/fou.ko
./usr/lib/modules/5.15.141/kernel/net/ipv4/ip_tunnel.ko
./usr/lib/modules/5.15.141/kernel/net/ipv4/ipcomp.ko
./usr/lib/modules/5.15.141/kernel/net/ipv4/tunnel4.ko
./usr/lib/modules/5.15.141/kernel/net/ipv4/udp_tunnel.ko
./usr/lib/modules/5.15.141/kernel/net/ipv4/xfrm4_tunnel.ko
./usr/lib/modules/5.15.141/kernel/net/ipv6/ah6.ko
./usr/lib/modules/5.15.141/kernel/net/ipv6/esp6.ko
./usr/lib/modules/5.15.141/kernel/net/ipv6/fou6.ko
./usr/lib/modules/5.15.141/kernel/net/ipv6/ip6_tunnel.ko
./usr/lib/modules/5.15.141/kernel/net/ipv6/ip6_udp_tunnel.ko
./usr/lib/modules/5.15.141/kernel/net/ipv6/ipcomp6.ko
./usr/lib/modules/5.15.141/kernel/net/ipv6/ipv6.ko
./usr/lib/modules/5.15.141/kernel/net/ipv6/netfilter/ip6_tables.ko
./usr/lib/modules/5.15.141/kernel/net/ipv6/netfilter/ip6t_REJECT.ko
./usr/lib/modules/5.15.141/kernel/net/ipv6/netfilter/ip6t_ipv6header.ko
./usr/lib/modules/5.15.141/kernel/net/ipv6/netfilter/ip6table_filter.ko
./usr/lib/modules/5.15.141/kernel/net/ipv6/netfilter/ip6table_mangle.ko
./usr/lib/modules/5.15.141/kernel/net/ipv6/netfilter/nf_reject_ipv6.ko
./usr/lib/modules/5.15.141/kernel/net/ipv6/sit.ko
./usr/lib/modules/5.15.141/kernel/net/ipv6/tunnel6.ko
./usr/lib/modules/5.15.141/kernel/net/ipv6/xfrm6_tunnel.ko
./usr/lib/modules/5.15.141/kernel/net/netfilter/nfnetlink_log.ko
./usr/lib/modules/5.15.141/kernel/net/netfilter/xt_TCPMSS.ko
./usr/lib/modules/5.15.141/kernel/net/sunrpc/sunrpc.ko
./usr/lib/modules/5.15.141/kernel/net/xfrm/xfrm_algo.ko
./usr/lib/modules/5.15.141/kernel/net/xfrm/xfrm_ipcomp.ko
