./etc/lftp.conf
./usr/bin/lftp
./usr/bin/lftpget
./usr/lib/lftp
./usr/lib/lftp/4.9.1
./usr/lib/lftp/4.9.1/cmd-mirror.so
./usr/lib/lftp/4.9.1/cmd-sleep.so
./usr/lib/lftp/4.9.1/liblftp-network.so
./usr/lib/lftp/4.9.1/liblftp-pty.so
./usr/lib/lftp/4.9.1/proto-file.so
./usr/lib/lftp/4.9.1/proto-ftp.so
./usr/lib/liblftp-jobs.so
./usr/lib/liblftp-jobs.so.0
./usr/lib/liblftp-jobs.so.0.0.0
./usr/lib/liblftp-tasks.so
./usr/lib/liblftp-tasks.so.0
./usr/lib/liblftp-tasks.so.0.0.0
./usr/share/applications/lftp.desktop
./usr/share/icons/hicolor/48x48
./usr/share/icons/hicolor/48x48/apps
./usr/share/icons/hicolor/48x48/apps/lftp-icon.png
