./usr/bin/ffmpeg
./usr/bin/ffprobe
./usr/lib/libavcodec.so
./usr/lib/libavcodec.so.58
./usr/lib/libavcodec.so.58.54.100
./usr/lib/libavdevice.so
./usr/lib/libavdevice.so.58
./usr/lib/libavdevice.so.58.8.100
./usr/lib/libavfilter.so
./usr/lib/libavfilter.so.7
./usr/lib/libavfilter.so.7.57.100
./usr/lib/libavformat.so
./usr/lib/libavformat.so.58
./usr/lib/libavformat.so.58.29.100
./usr/lib/libavutil.so
./usr/lib/libavutil.so.56
./usr/lib/libavutil.so.56.31.100
./usr/lib/libswresample.so
./usr/lib/libswresample.so.3
./usr/lib/libswresample.so.3.5.100
./usr/lib/libswscale.so
./usr/lib/libswscale.so.5
./usr/lib/libswscale.so.5.5.100
./usr/share/ffmpeg
./usr/share/ffmpeg/ffprobe.xsd
./usr/share/ffmpeg/libvpx-1080p.ffpreset
./usr/share/ffmpeg/libvpx-1080p50_60.ffpreset
./usr/share/ffmpeg/libvpx-360p.ffpreset
./usr/share/ffmpeg/libvpx-720p.ffpreset
./usr/share/ffmpeg/libvpx-720p50_60.ffpreset
