./usr/bin/gapplication
./usr/bin/gdbus
./usr/bin/gio
./usr/bin/gio-querymodules
./usr/bin/gresource
./usr/bin/gsettings
./usr/lib/libgio-2.0.so
./usr/lib/libgio-2.0.so.0
./usr/lib/libgio-2.0.so.0.7600.1
./usr/lib/libglib-2.0.so
./usr/lib/libglib-2.0.so.0
./usr/lib/libglib-2.0.so.0.7600.1
./usr/lib/libgmodule-2.0.so
./usr/lib/libgmodule-2.0.so.0
./usr/lib/libgmodule-2.0.so.0.7600.1
./usr/lib/libgobject-2.0.so
./usr/lib/libgobject-2.0.so.0
./usr/lib/libgobject-2.0.so.0.7600.1
./usr/lib/libgthread-2.0.so
./usr/lib/libgthread-2.0.so.0
./usr/lib/libgthread-2.0.so.0.7600.1
./usr/share/glib-2.0
./usr/share/glib-2.0/schemas
./usr/share/glib-2.0/valgrind
./usr/share/glib-2.0/valgrind/glib.supp
