./etc/init.d/S50lighttpd
./etc/lighttpd/conf.d/access_log.conf
./etc/lighttpd/conf.d/debug.conf
./etc/lighttpd/conf.d/mime.conf
./usr/lib/lighttpd
./usr/lib/lighttpd/mod_access.so
./usr/lib/lighttpd/mod_accesslog.so
./usr/lib/lighttpd/mod_alias.so
./usr/lib/lighttpd/mod_auth.so
./usr/lib/lighttpd/mod_authn_file.so
./usr/lib/lighttpd/mod_cgi.so
./usr/lib/lighttpd/mod_compress.so
./usr/lib/lighttpd/mod_deflate.so
./usr/lib/lighttpd/mod_dirlisting.so
./usr/lib/lighttpd/mod_evasive.so
./usr/lib/lighttpd/mod_evhost.so
./usr/lib/lighttpd/mod_expire.so
./usr/lib/lighttpd/mod_extforward.so
./usr/lib/lighttpd/mod_fastcgi.so
./usr/lib/lighttpd/mod_flv_streaming.so
./usr/lib/lighttpd/mod_indexfile.so
./usr/lib/lighttpd/mod_openssl.so
./usr/lib/lighttpd/mod_proxy.so
./usr/lib/lighttpd/mod_redirect.so
./usr/lib/lighttpd/mod_rewrite.so
./usr/lib/lighttpd/mod_rrdtool.so
./usr/lib/lighttpd/mod_scgi.so
./usr/lib/lighttpd/mod_secdownload.so
./usr/lib/lighttpd/mod_setenv.so
./usr/lib/lighttpd/mod_simple_vhost.so
./usr/lib/lighttpd/mod_sockproxy.so
./usr/lib/lighttpd/mod_ssi.so
./usr/lib/lighttpd/mod_staticfile.so
./usr/lib/lighttpd/mod_status.so
./usr/lib/lighttpd/mod_uploadprogress.so
./usr/lib/lighttpd/mod_userdir.so
./usr/lib/lighttpd/mod_usertrack.so
./usr/lib/lighttpd/mod_vhostdb.so
./usr/lib/lighttpd/mod_webdav.so
./usr/lib/lighttpd/mod_wstunnel.so
./usr/sbin/lighttpd
./usr/sbin/lighttpd-angel
./usr/www/cgi-bin/lighttpd.cgi
./usr/www/cgi-bin/lighttpd_proc.cgi
