./etc/init.d/S44mysqld
./usr/bin/msql2mysql
./usr/bin/mysql
./usr/bin/mysql_find_rows
./usr/bin/mysql_plugin
./usr/bin/mysql_waitpid
./usr/bin/mysqlaccess
./usr/bin/mysqladmin
./usr/bin/mysqlbinlog
./usr/bin/mysqlcheck
./usr/bin/mysqldump
./usr/bin/mysqlimport
./usr/bin/mysqlshow
./usr/bin/mysqlslap
./usr/bin/mysqltest
./usr/lib/libmariadb.so
./usr/lib/libmariadb.so.3
./usr/lib/libmysqlclient.so
./usr/lib/libmysqlclient_r.so
./usr/lib/mysql/plugin/caching_sha2_password.so
./usr/lib/mysql/plugin/client_ed25519.so
./usr/lib/mysql/plugin/dialog.so
./usr/lib/mysql/plugin/mysql_clear_password.so
./usr/lib/mysql/plugin/sha256_password.so
./usr/share/mysql/mysql-log-rotate
./usr/share/mysql/mysql.server
./usr/share/mysql/mysqld_multi.server
