./usr/sbin/doc_loadbios
./usr/sbin/docfdisk
./usr/sbin/flash_erase
./usr/sbin/flash_lock
./usr/sbin/flash_otp_dump
./usr/sbin/flash_otp_info
./usr/sbin/flash_otp_lock
./usr/sbin/flash_otp_write
./usr/sbin/flash_unlock
./usr/sbin/flashcp
./usr/sbin/ftl_check
./usr/sbin/ftl_format
./usr/sbin/jffs2dump
./usr/sbin/mkfs.jffs2
./usr/sbin/mkfs.ubifs
./usr/sbin/mtd_debug
./usr/sbin/mtdinfo
./usr/sbin/mtdpart
./usr/sbin/nanddump
./usr/sbin/nandtest
./usr/sbin/nandwrite
./usr/sbin/nftl_format
./usr/sbin/nftldump
./usr/sbin/recv_image
./usr/sbin/rfddump
./usr/sbin/rfdformat
./usr/sbin/serve_image
./usr/sbin/sumtool
./usr/sbin/ubiattach
./usr/sbin/ubiblock
./usr/sbin/ubicrc32
./usr/sbin/ubidetach
./usr/sbin/ubiformat
./usr/sbin/ubimkvol
./usr/sbin/ubinfo
./usr/sbin/ubinize
./usr/sbin/ubirmvol
./usr/sbin/ubirsvol
./usr/sbin/ubiupdatevol
