./usr/lib/libcurses.so
./usr/lib/libform.so
./usr/lib/libform.so.6
./usr/lib/libform.so.6.1
./usr/lib/libmenu.so
./usr/lib/libmenu.so.6
./usr/lib/libmenu.so.6.1
./usr/lib/libncurses.so
./usr/lib/libncurses.so.6
./usr/lib/libncurses.so.6.1
./usr/lib/libpanel.so
./usr/lib/libpanel.so.6
./usr/lib/libpanel.so.6.1
./usr/lib/terminfo
./usr/share/terminfo
./usr/share/terminfo/a/ansi
./usr/share/terminfo/d
./usr/share/terminfo/d/dumb
./usr/share/terminfo/l
./usr/share/terminfo/l/linux
./usr/share/terminfo/p
./usr/share/terminfo/p/putty
./usr/share/terminfo/p/putty-256color
./usr/share/terminfo/p/putty-vt100
./usr/share/terminfo/s
./usr/share/terminfo/s/screen
./usr/share/terminfo/s/screen-256color
./usr/share/terminfo/v
./usr/share/terminfo/v/vt100
./usr/share/terminfo/v/vt100-putty
./usr/share/terminfo/v/vt102
./usr/share/terminfo/v/vt200
./usr/share/terminfo/v/vt220
./usr/share/terminfo/x
./usr/share/terminfo/x/xterm
./usr/share/terminfo/x/xterm+256color
./usr/share/terminfo/x/xterm-256color
./usr/share/terminfo/x/xterm-color
./usr/share/terminfo/x/xterm-xfree86
