./etc/init.d/S60nsm
./etc/init.d/S60nfs
./etc/exports
./etc/nfsmount.conf
./run/nfs
./run/nfs/etab
./run/nfs/rmtab
./run/nfs/sm
./run/nfs/sm.bak
./run/nfs/state
./sbin/mount.nfs4
./sbin/umount.nfs
./sbin/umount.nfs4
./usr/bin/rpcinfo
./usr/sbin/exportfs
./usr/sbin/mount.nfs
./usr/sbin/mountstats
./usr/sbin/nfsconf
./usr/sbin/nfsdclnts
./usr/sbin/nfsiostat
./usr/sbin/nfsstat
./usr/sbin/rpc.mountd
./usr/sbin/rpc.nfsd
./usr/sbin/rpc.statd
./usr/sbin/rpcbind
./usr/sbin/showmount
./usr/sbin/sm-notify
./usr/sbin/start-statd
./usr/www/nfs_hlp.html
./usr/www/cgi-bin/browse_nfs.cgi
./usr/www/cgi-bin/nfs.cgi
./usr/www/cgi-bin/nfs_proc.cgi
