./usr/bin/bdf2gdfont.pl
./usr/bin/corelist
./usr/bin/cpan
./usr/bin/enc2xs
./usr/bin/encguess
./usr/bin/h2ph
./usr/bin/h2xs
./usr/bin/instmodsh
./usr/bin/json_pp
./usr/bin/libnetcfg
./usr/bin/lwp-download
./usr/bin/lwp-dump
./usr/bin/lwp-mirror
./usr/bin/lwp-request
./usr/bin/perl
./usr/bin/perlbug
./usr/bin/perldoc
./usr/bin/perlivp
./usr/bin/perlthanks
./usr/bin/piconv
./usr/bin/pl2pm
./usr/bin/pod2html
./usr/bin/pod2man
./usr/bin/pod2text
./usr/bin/pod2usage
./usr/bin/podchecker
./usr/bin/prove
./usr/bin/ptar
./usr/bin/ptardiff
./usr/bin/ptargrep
./usr/bin/shasum
./usr/bin/splain
./usr/bin/streamzip
./usr/bin/xsubpp
./usr/bin/zipdetails
./usr/lib/libgd.so
./usr/lib/libgd.so.3
./usr/lib/libgd.so.3.0.11
./usr/lib/perl5/5.36.1/AnyDBM_File.pm
./usr/lib/perl5/5.36.1/App/Cpan.pm
./usr/lib/perl5/5.36.1/App/Prove.pm
./usr/lib/perl5/5.36.1/App/Prove/State.pm
./usr/lib/perl5/5.36.1/App/Prove/State/Result.pm
./usr/lib/perl5/5.36.1/App/Prove/State/Result/Test.pm
./usr/lib/perl5/5.36.1/Archive/Tar.pm
./usr/lib/perl5/5.36.1/Archive/Tar/Constant.pm
./usr/lib/perl5/5.36.1/Archive/Tar/File.pm
./usr/lib/perl5/5.36.1/Attribute/Handlers.pm
./usr/lib/perl5/5.36.1/AutoLoader.pm
./usr/lib/perl5/5.36.1/AutoSplit.pm
./usr/lib/perl5/5.36.1/B/Deparse.pm
./usr/lib/perl5/5.36.1/B/Op_private.pm
./usr/lib/perl5/5.36.1/Benchmark.pm
./usr/lib/perl5/5.36.1/CORE.pod
./usr/lib/perl5/5.36.1/CPAN.pm
./usr/lib/perl5/5.36.1/CPAN/API/HOWTO.pod
./usr/lib/perl5/5.36.1/CPAN/Author.pm
./usr/lib/perl5/5.36.1/CPAN/Bundle.pm
./usr/lib/perl5/5.36.1/CPAN/CacheMgr.pm
./usr/lib/perl5/5.36.1/CPAN/Complete.pm
./usr/lib/perl5/5.36.1/CPAN/Debug.pm
./usr/lib/perl5/5.36.1/CPAN/DeferredCode.pm
./usr/lib/perl5/5.36.1/CPAN/Distribution.pm
./usr/lib/perl5/5.36.1/CPAN/Distroprefs.pm
./usr/lib/perl5/5.36.1/CPAN/Distrostatus.pm
./usr/lib/perl5/5.36.1/CPAN/Exception/RecursiveDependency.pm
./usr/lib/perl5/5.36.1/CPAN/Exception/blocked_urllist.pm
./usr/lib/perl5/5.36.1/CPAN/Exception/yaml_not_installed.pm
./usr/lib/perl5/5.36.1/CPAN/Exception/yaml_process_error.pm
./usr/lib/perl5/5.36.1/CPAN/FTP.pm
./usr/lib/perl5/5.36.1/CPAN/FTP/netrc.pm
./usr/lib/perl5/5.36.1/CPAN/FirstTime.pm
./usr/lib/perl5/5.36.1/CPAN/HTTP/Client.pm
./usr/lib/perl5/5.36.1/CPAN/HTTP/Credentials.pm
./usr/lib/perl5/5.36.1/CPAN/HandleConfig.pm
./usr/lib/perl5/5.36.1/CPAN/Index.pm
./usr/lib/perl5/5.36.1/CPAN/InfoObj.pm
./usr/lib/perl5/5.36.1/CPAN/Kwalify.pm
./usr/lib/perl5/5.36.1/CPAN/Kwalify/distroprefs.dd
./usr/lib/perl5/5.36.1/CPAN/Kwalify/distroprefs.yml
./usr/lib/perl5/5.36.1/CPAN/LWP/UserAgent.pm
./usr/lib/perl5/5.36.1/CPAN/Meta.pm
./usr/lib/perl5/5.36.1/CPAN/Meta/Converter.pm
./usr/lib/perl5/5.36.1/CPAN/Meta/Feature.pm
./usr/lib/perl5/5.36.1/CPAN/Meta/History.pm
./usr/lib/perl5/5.36.1/CPAN/Meta/History/Meta_1_0.pod
./usr/lib/perl5/5.36.1/CPAN/Meta/History/Meta_1_1.pod
./usr/lib/perl5/5.36.1/CPAN/Meta/History/Meta_1_2.pod
./usr/lib/perl5/5.36.1/CPAN/Meta/History/Meta_1_3.pod
./usr/lib/perl5/5.36.1/CPAN/Meta/History/Meta_1_4.pod
./usr/lib/perl5/5.36.1/CPAN/Meta/Merge.pm
./usr/lib/perl5/5.36.1/CPAN/Meta/Prereqs.pm
./usr/lib/perl5/5.36.1/CPAN/Meta/Requirements.pm
./usr/lib/perl5/5.36.1/CPAN/Meta/Spec.pm
./usr/lib/perl5/5.36.1/CPAN/Meta/Validator.pm
./usr/lib/perl5/5.36.1/CPAN/Meta/YAML.pm
./usr/lib/perl5/5.36.1/CPAN/Mirrors.pm
./usr/lib/perl5/5.36.1/CPAN/Module.pm
./usr/lib/perl5/5.36.1/CPAN/Nox.pm
./usr/lib/perl5/5.36.1/CPAN/Plugin.pm
./usr/lib/perl5/5.36.1/CPAN/Plugin/Specfile.pm
./usr/lib/perl5/5.36.1/CPAN/Prompt.pm
./usr/lib/perl5/5.36.1/CPAN/Queue.pm
./usr/lib/perl5/5.36.1/CPAN/Shell.pm
./usr/lib/perl5/5.36.1/CPAN/Tarzip.pm
./usr/lib/perl5/5.36.1/CPAN/URL.pm
./usr/lib/perl5/5.36.1/CPAN/Version.pm
./usr/lib/perl5/5.36.1/Carp.pm
./usr/lib/perl5/5.36.1/Carp/Heavy.pm
./usr/lib/perl5/5.36.1/Class/Struct.pm
./usr/lib/perl5/5.36.1/Compress/Zlib.pm
./usr/lib/perl5/5.36.1/Config/Extensions.pm
./usr/lib/perl5/5.36.1/Config/Perl/V.pm
./usr/lib/perl5/5.36.1/DB.pm
./usr/lib/perl5/5.36.1/DBM_Filter.pm
./usr/lib/perl5/5.36.1/DBM_Filter/compress.pm
./usr/lib/perl5/5.36.1/DBM_Filter/encode.pm
./usr/lib/perl5/5.36.1/DBM_Filter/int32.pm
./usr/lib/perl5/5.36.1/DBM_Filter/null.pm
./usr/lib/perl5/5.36.1/DBM_Filter/utf8.pm
./usr/lib/perl5/5.36.1/Devel/SelfStubber.pm
./usr/lib/perl5/5.36.1/Digest.pm
./usr/lib/perl5/5.36.1/Digest/base.pm
./usr/lib/perl5/5.36.1/Digest/file.pm
./usr/lib/perl5/5.36.1/DirHandle.pm
./usr/lib/perl5/5.36.1/Dumpvalue.pm
./usr/lib/perl5/5.36.1/Encode/Changes.e2x
./usr/lib/perl5/5.36.1/Encode/ConfigLocal_PM.e2x
./usr/lib/perl5/5.36.1/Encode/Makefile_PL.e2x
./usr/lib/perl5/5.36.1/Encode/PerlIO.pod
./usr/lib/perl5/5.36.1/Encode/README.e2x
./usr/lib/perl5/5.36.1/Encode/Supported.pod
./usr/lib/perl5/5.36.1/Encode/_PM.e2x
./usr/lib/perl5/5.36.1/Encode/_T.e2x
./usr/lib/perl5/5.36.1/Encode/encode.h
./usr/lib/perl5/5.36.1/English.pm
./usr/lib/perl5/5.36.1/Env.pm
./usr/lib/perl5/5.36.1/Exporter.pm
./usr/lib/perl5/5.36.1/Exporter/Heavy.pm
./usr/lib/perl5/5.36.1/ExtUtils/CBuilder.pm
./usr/lib/perl5/5.36.1/ExtUtils/CBuilder/Base.pm
./usr/lib/perl5/5.36.1/ExtUtils/CBuilder/Platform/Unix.pm
./usr/lib/perl5/5.36.1/ExtUtils/CBuilder/Platform/VMS.pm
./usr/lib/perl5/5.36.1/ExtUtils/CBuilder/Platform/Windows.pm
./usr/lib/perl5/5.36.1/ExtUtils/CBuilder/Platform/Windows/BCC.pm
./usr/lib/perl5/5.36.1/ExtUtils/CBuilder/Platform/Windows/GCC.pm
./usr/lib/perl5/5.36.1/ExtUtils/CBuilder/Platform/Windows/MSVC.pm
./usr/lib/perl5/5.36.1/ExtUtils/CBuilder/Platform/aix.pm
./usr/lib/perl5/5.36.1/ExtUtils/CBuilder/Platform/android.pm
./usr/lib/perl5/5.36.1/ExtUtils/CBuilder/Platform/cygwin.pm
./usr/lib/perl5/5.36.1/ExtUtils/CBuilder/Platform/darwin.pm
./usr/lib/perl5/5.36.1/ExtUtils/CBuilder/Platform/dec_osf.pm
./usr/lib/perl5/5.36.1/ExtUtils/CBuilder/Platform/os2.pm
./usr/lib/perl5/5.36.1/ExtUtils/Command.pm
./usr/lib/perl5/5.36.1/ExtUtils/Command/MM.pm
./usr/lib/perl5/5.36.1/ExtUtils/Constant.pm
./usr/lib/perl5/5.36.1/ExtUtils/Constant/Base.pm
./usr/lib/perl5/5.36.1/ExtUtils/Constant/ProxySubs.pm
./usr/lib/perl5/5.36.1/ExtUtils/Constant/Utils.pm
./usr/lib/perl5/5.36.1/ExtUtils/Constant/XS.pm
./usr/lib/perl5/5.36.1/ExtUtils/Embed.pm
./usr/lib/perl5/5.36.1/ExtUtils/Install.pm
./usr/lib/perl5/5.36.1/ExtUtils/Installed.pm
./usr/lib/perl5/5.36.1/ExtUtils/Liblist.pm
./usr/lib/perl5/5.36.1/ExtUtils/Liblist/Kid.pm
./usr/lib/perl5/5.36.1/ExtUtils/MANIFEST.SKIP
./usr/lib/perl5/5.36.1/ExtUtils/MM.pm
./usr/lib/perl5/5.36.1/ExtUtils/MM_AIX.pm
./usr/lib/perl5/5.36.1/ExtUtils/MM_Any.pm
./usr/lib/perl5/5.36.1/ExtUtils/MM_BeOS.pm
./usr/lib/perl5/5.36.1/ExtUtils/MM_Cygwin.pm
./usr/lib/perl5/5.36.1/ExtUtils/MM_DOS.pm
./usr/lib/perl5/5.36.1/ExtUtils/MM_Darwin.pm
./usr/lib/perl5/5.36.1/ExtUtils/MM_MacOS.pm
./usr/lib/perl5/5.36.1/ExtUtils/MM_NW5.pm
./usr/lib/perl5/5.36.1/ExtUtils/MM_OS2.pm
./usr/lib/perl5/5.36.1/ExtUtils/MM_OS390.pm
./usr/lib/perl5/5.36.1/ExtUtils/MM_QNX.pm
./usr/lib/perl5/5.36.1/ExtUtils/MM_UWIN.pm
./usr/lib/perl5/5.36.1/ExtUtils/MM_Unix.pm
./usr/lib/perl5/5.36.1/ExtUtils/MM_VMS.pm
./usr/lib/perl5/5.36.1/ExtUtils/MM_VOS.pm
./usr/lib/perl5/5.36.1/ExtUtils/MM_Win32.pm
./usr/lib/perl5/5.36.1/ExtUtils/MM_Win95.pm
./usr/lib/perl5/5.36.1/ExtUtils/MY.pm
./usr/lib/perl5/5.36.1/ExtUtils/MakeMaker.pm
./usr/lib/perl5/5.36.1/ExtUtils/MakeMaker/Config.pm
./usr/lib/perl5/5.36.1/ExtUtils/MakeMaker/FAQ.pod
./usr/lib/perl5/5.36.1/ExtUtils/MakeMaker/Locale.pm
./usr/lib/perl5/5.36.1/ExtUtils/MakeMaker/Tutorial.pod
./usr/lib/perl5/5.36.1/ExtUtils/MakeMaker/version.pm
./usr/lib/perl5/5.36.1/ExtUtils/Manifest.pm
./usr/lib/perl5/5.36.1/ExtUtils/Miniperl.pm
./usr/lib/perl5/5.36.1/ExtUtils/Mkbootstrap.pm
./usr/lib/perl5/5.36.1/ExtUtils/Mksymlists.pm
./usr/lib/perl5/5.36.1/ExtUtils/PL2Bat.pm
./usr/lib/perl5/5.36.1/ExtUtils/Packlist.pm
./usr/lib/perl5/5.36.1/ExtUtils/ParseXS.pm
./usr/lib/perl5/5.36.1/ExtUtils/ParseXS.pod
./usr/lib/perl5/5.36.1/ExtUtils/ParseXS/Constants.pm
./usr/lib/perl5/5.36.1/ExtUtils/ParseXS/CountLines.pm
./usr/lib/perl5/5.36.1/ExtUtils/ParseXS/Eval.pm
./usr/lib/perl5/5.36.1/ExtUtils/ParseXS/Utilities.pm
./usr/lib/perl5/5.36.1/ExtUtils/Typemaps.pm
./usr/lib/perl5/5.36.1/ExtUtils/Typemaps/Cmd.pm
./usr/lib/perl5/5.36.1/ExtUtils/Typemaps/InputMap.pm
./usr/lib/perl5/5.36.1/ExtUtils/Typemaps/OutputMap.pm
./usr/lib/perl5/5.36.1/ExtUtils/Typemaps/Type.pm
./usr/lib/perl5/5.36.1/ExtUtils/testlib.pm
./usr/lib/perl5/5.36.1/ExtUtils/typemap
./usr/lib/perl5/5.36.1/ExtUtils/xsubpp
./usr/lib/perl5/5.36.1/Fatal.pm
./usr/lib/perl5/5.36.1/File/Basename.pm
./usr/lib/perl5/5.36.1/File/Compare.pm
./usr/lib/perl5/5.36.1/File/Copy.pm
./usr/lib/perl5/5.36.1/File/Fetch.pm
./usr/lib/perl5/5.36.1/File/Find.pm
./usr/lib/perl5/5.36.1/File/GlobMapper.pm
./usr/lib/perl5/5.36.1/File/Path.pm
./usr/lib/perl5/5.36.1/File/Temp.pm
./usr/lib/perl5/5.36.1/File/stat.pm
./usr/lib/perl5/5.36.1/FileCache.pm
./usr/lib/perl5/5.36.1/FileHandle.pm
./usr/lib/perl5/5.36.1/Filter/Simple.pm
./usr/lib/perl5/5.36.1/FindBin.pm
./usr/lib/perl5/5.36.1/Getopt/Long.pm
./usr/lib/perl5/5.36.1/Getopt/Std.pm
./usr/lib/perl5/5.36.1/HTTP/Tiny.pm
./usr/lib/perl5/5.36.1/I18N/Collate.pm
./usr/lib/perl5/5.36.1/I18N/LangTags.pm
./usr/lib/perl5/5.36.1/I18N/LangTags/Detect.pm
./usr/lib/perl5/5.36.1/I18N/LangTags/List.pm
./usr/lib/perl5/5.36.1/IO/Compress/Adapter/Bzip2.pm
./usr/lib/perl5/5.36.1/IO/Compress/Adapter/Deflate.pm
./usr/lib/perl5/5.36.1/IO/Compress/Adapter/Identity.pm
./usr/lib/perl5/5.36.1/IO/Compress/Base.pm
./usr/lib/perl5/5.36.1/IO/Compress/Base/Common.pm
./usr/lib/perl5/5.36.1/IO/Compress/Bzip2.pm
./usr/lib/perl5/5.36.1/IO/Compress/Deflate.pm
./usr/lib/perl5/5.36.1/IO/Compress/FAQ.pod
./usr/lib/perl5/5.36.1/IO/Compress/Gzip.pm
./usr/lib/perl5/5.36.1/IO/Compress/Gzip/Constants.pm
./usr/lib/perl5/5.36.1/IO/Compress/RawDeflate.pm
./usr/lib/perl5/5.36.1/IO/Compress/Zip.pm
./usr/lib/perl5/5.36.1/IO/Compress/Zip/Constants.pm
./usr/lib/perl5/5.36.1/IO/Compress/Zlib/Constants.pm
./usr/lib/perl5/5.36.1/IO/Compress/Zlib/Extra.pm
./usr/lib/perl5/5.36.1/IO/Socket/IP.pm
./usr/lib/perl5/5.36.1/IO/Uncompress/Adapter/Bunzip2.pm
./usr/lib/perl5/5.36.1/IO/Uncompress/Adapter/Identity.pm
./usr/lib/perl5/5.36.1/IO/Uncompress/Adapter/Inflate.pm
./usr/lib/perl5/5.36.1/IO/Uncompress/AnyInflate.pm
./usr/lib/perl5/5.36.1/IO/Uncompress/AnyUncompress.pm
./usr/lib/perl5/5.36.1/IO/Uncompress/Base.pm
./usr/lib/perl5/5.36.1/IO/Uncompress/Bunzip2.pm
./usr/lib/perl5/5.36.1/IO/Uncompress/Gunzip.pm
./usr/lib/perl5/5.36.1/IO/Uncompress/Inflate.pm
./usr/lib/perl5/5.36.1/IO/Uncompress/RawInflate.pm
./usr/lib/perl5/5.36.1/IO/Uncompress/Unzip.pm
./usr/lib/perl5/5.36.1/IO/Zlib.pm
./usr/lib/perl5/5.36.1/IPC/Cmd.pm
./usr/lib/perl5/5.36.1/IPC/Open2.pm
./usr/lib/perl5/5.36.1/IPC/Open3.pm
./usr/lib/perl5/5.36.1/Internals.pod
./usr/lib/perl5/5.36.1/JSON/PP.pm
./usr/lib/perl5/5.36.1/JSON/PP/Boolean.pm
./usr/lib/perl5/5.36.1/Locale/Maketext.pm
./usr/lib/perl5/5.36.1/Locale/Maketext.pod
./usr/lib/perl5/5.36.1/Locale/Maketext/Cookbook.pod
./usr/lib/perl5/5.36.1/Locale/Maketext/Guts.pm
./usr/lib/perl5/5.36.1/Locale/Maketext/GutsLoader.pm
./usr/lib/perl5/5.36.1/Locale/Maketext/Simple.pm
./usr/lib/perl5/5.36.1/Locale/Maketext/TPJ13.pod
./usr/lib/perl5/5.36.1/Math/BigFloat.pm
./usr/lib/perl5/5.36.1/Math/BigFloat/Trace.pm
./usr/lib/perl5/5.36.1/Math/BigInt.pm
./usr/lib/perl5/5.36.1/Math/BigInt/Calc.pm
./usr/lib/perl5/5.36.1/Math/BigInt/Lib.pm
./usr/lib/perl5/5.36.1/Math/BigInt/Trace.pm
./usr/lib/perl5/5.36.1/Math/BigRat.pm
./usr/lib/perl5/5.36.1/Math/BigRat/Trace.pm
./usr/lib/perl5/5.36.1/Math/Complex.pm
./usr/lib/perl5/5.36.1/Math/Trig.pm
./usr/lib/perl5/5.36.1/Memoize.pm
./usr/lib/perl5/5.36.1/Memoize/AnyDBM_File.pm
./usr/lib/perl5/5.36.1/Memoize/Expire.pm
./usr/lib/perl5/5.36.1/Memoize/ExpireFile.pm
./usr/lib/perl5/5.36.1/Memoize/ExpireTest.pm
./usr/lib/perl5/5.36.1/Memoize/NDBM_File.pm
./usr/lib/perl5/5.36.1/Memoize/SDBM_File.pm
./usr/lib/perl5/5.36.1/Memoize/Storable.pm
./usr/lib/perl5/5.36.1/Module/CoreList.pm
./usr/lib/perl5/5.36.1/Module/CoreList.pod
./usr/lib/perl5/5.36.1/Module/CoreList/Utils.pm
./usr/lib/perl5/5.36.1/Module/Load.pm
./usr/lib/perl5/5.36.1/Module/Load/Conditional.pm
./usr/lib/perl5/5.36.1/Module/Loaded.pm
./usr/lib/perl5/5.36.1/Module/Metadata.pm
./usr/lib/perl5/5.36.1/NEXT.pm
./usr/lib/perl5/5.36.1/Net/Cmd.pm
./usr/lib/perl5/5.36.1/Net/Config.pm
./usr/lib/perl5/5.36.1/Net/Domain.pm
./usr/lib/perl5/5.36.1/Net/FTP.pm
./usr/lib/perl5/5.36.1/Net/FTP/A.pm
./usr/lib/perl5/5.36.1/Net/FTP/E.pm
./usr/lib/perl5/5.36.1/Net/FTP/I.pm
./usr/lib/perl5/5.36.1/Net/FTP/L.pm
./usr/lib/perl5/5.36.1/Net/FTP/dataconn.pm
./usr/lib/perl5/5.36.1/Net/NNTP.pm
./usr/lib/perl5/5.36.1/Net/Netrc.pm
./usr/lib/perl5/5.36.1/Net/POP3.pm
./usr/lib/perl5/5.36.1/Net/Ping.pm
./usr/lib/perl5/5.36.1/Net/SMTP.pm
./usr/lib/perl5/5.36.1/Net/Time.pm
./usr/lib/perl5/5.36.1/Net/hostent.pm
./usr/lib/perl5/5.36.1/Net/libnetFAQ.pod
./usr/lib/perl5/5.36.1/Net/netent.pm
./usr/lib/perl5/5.36.1/Net/protoent.pm
./usr/lib/perl5/5.36.1/Net/servent.pm
./usr/lib/perl5/5.36.1/Params/Check.pm
./usr/lib/perl5/5.36.1/Parse/CPAN/Meta.pm
./usr/lib/perl5/5.36.1/Perl/OSType.pm
./usr/lib/perl5/5.36.1/PerlIO.pm
./usr/lib/perl5/5.36.1/PerlIO/via/QuotedPrint.pm
./usr/lib/perl5/5.36.1/Pod/Checker.pm
./usr/lib/perl5/5.36.1/Pod/Escapes.pm
./usr/lib/perl5/5.36.1/Pod/Functions.pm
./usr/lib/perl5/5.36.1/Pod/Html.pm
./usr/lib/perl5/5.36.1/Pod/Html/Util.pm
./usr/lib/perl5/5.36.1/Pod/Man.pm
./usr/lib/perl5/5.36.1/Pod/ParseLink.pm
./usr/lib/perl5/5.36.1/Pod/Perldoc.pm
./usr/lib/perl5/5.36.1/Pod/Perldoc/BaseTo.pm
./usr/lib/perl5/5.36.1/Pod/Perldoc/GetOptsOO.pm
./usr/lib/perl5/5.36.1/Pod/Perldoc/ToANSI.pm
./usr/lib/perl5/5.36.1/Pod/Perldoc/ToChecker.pm
./usr/lib/perl5/5.36.1/Pod/Perldoc/ToMan.pm
./usr/lib/perl5/5.36.1/Pod/Perldoc/ToNroff.pm
./usr/lib/perl5/5.36.1/Pod/Perldoc/ToPod.pm
./usr/lib/perl5/5.36.1/Pod/Perldoc/ToRtf.pm
./usr/lib/perl5/5.36.1/Pod/Perldoc/ToTerm.pm
./usr/lib/perl5/5.36.1/Pod/Perldoc/ToText.pm
./usr/lib/perl5/5.36.1/Pod/Perldoc/ToTk.pm
./usr/lib/perl5/5.36.1/Pod/Perldoc/ToXml.pm
./usr/lib/perl5/5.36.1/Pod/Simple.pm
./usr/lib/perl5/5.36.1/Pod/Simple.pod
./usr/lib/perl5/5.36.1/Pod/Simple/BlackBox.pm
./usr/lib/perl5/5.36.1/Pod/Simple/Checker.pm
./usr/lib/perl5/5.36.1/Pod/Simple/Debug.pm
./usr/lib/perl5/5.36.1/Pod/Simple/DumpAsText.pm
./usr/lib/perl5/5.36.1/Pod/Simple/DumpAsXML.pm
./usr/lib/perl5/5.36.1/Pod/Simple/HTML.pm
./usr/lib/perl5/5.36.1/Pod/Simple/HTMLBatch.pm
./usr/lib/perl5/5.36.1/Pod/Simple/HTMLLegacy.pm
./usr/lib/perl5/5.36.1/Pod/Simple/JustPod.pm
./usr/lib/perl5/5.36.1/Pod/Simple/LinkSection.pm
./usr/lib/perl5/5.36.1/Pod/Simple/Methody.pm
./usr/lib/perl5/5.36.1/Pod/Simple/Progress.pm
./usr/lib/perl5/5.36.1/Pod/Simple/PullParser.pm
./usr/lib/perl5/5.36.1/Pod/Simple/PullParserEndToken.pm
./usr/lib/perl5/5.36.1/Pod/Simple/PullParserStartToken.pm
./usr/lib/perl5/5.36.1/Pod/Simple/PullParserTextToken.pm
./usr/lib/perl5/5.36.1/Pod/Simple/PullParserToken.pm
./usr/lib/perl5/5.36.1/Pod/Simple/RTF.pm
./usr/lib/perl5/5.36.1/Pod/Simple/Search.pm
./usr/lib/perl5/5.36.1/Pod/Simple/SimpleTree.pm
./usr/lib/perl5/5.36.1/Pod/Simple/Subclassing.pod
./usr/lib/perl5/5.36.1/Pod/Simple/Text.pm
./usr/lib/perl5/5.36.1/Pod/Simple/TextContent.pm
./usr/lib/perl5/5.36.1/Pod/Simple/TiedOutFH.pm
./usr/lib/perl5/5.36.1/Pod/Simple/Transcode.pm
./usr/lib/perl5/5.36.1/Pod/Simple/TranscodeDumb.pm
./usr/lib/perl5/5.36.1/Pod/Simple/TranscodeSmart.pm
./usr/lib/perl5/5.36.1/Pod/Simple/XHTML.pm
./usr/lib/perl5/5.36.1/Pod/Simple/XMLOutStream.pm
./usr/lib/perl5/5.36.1/Pod/Text.pm
./usr/lib/perl5/5.36.1/Pod/Text/Color.pm
./usr/lib/perl5/5.36.1/Pod/Text/Overstrike.pm
./usr/lib/perl5/5.36.1/Pod/Text/Termcap.pm
./usr/lib/perl5/5.36.1/Pod/Usage.pm
./usr/lib/perl5/5.36.1/Safe.pm
./usr/lib/perl5/5.36.1/Search/Dict.pm
./usr/lib/perl5/5.36.1/SelectSaver.pm
./usr/lib/perl5/5.36.1/SelfLoader.pm
./usr/lib/perl5/5.36.1/Symbol.pm
./usr/lib/perl5/5.36.1/TAP/Base.pm
./usr/lib/perl5/5.36.1/TAP/Formatter/Base.pm
./usr/lib/perl5/5.36.1/TAP/Formatter/Color.pm
./usr/lib/perl5/5.36.1/TAP/Formatter/Console.pm
./usr/lib/perl5/5.36.1/TAP/Formatter/Console/ParallelSession.pm
./usr/lib/perl5/5.36.1/TAP/Formatter/Console/Session.pm
./usr/lib/perl5/5.36.1/TAP/Formatter/File.pm
./usr/lib/perl5/5.36.1/TAP/Formatter/File/Session.pm
./usr/lib/perl5/5.36.1/TAP/Formatter/Session.pm
./usr/lib/perl5/5.36.1/TAP/Harness.pm
./usr/lib/perl5/5.36.1/TAP/Harness/Beyond.pod
./usr/lib/perl5/5.36.1/TAP/Harness/Env.pm
./usr/lib/perl5/5.36.1/TAP/Object.pm
./usr/lib/perl5/5.36.1/TAP/Parser.pm
./usr/lib/perl5/5.36.1/TAP/Parser/Aggregator.pm
./usr/lib/perl5/5.36.1/TAP/Parser/Grammar.pm
./usr/lib/perl5/5.36.1/TAP/Parser/Iterator.pm
./usr/lib/perl5/5.36.1/TAP/Parser/Iterator/Array.pm
./usr/lib/perl5/5.36.1/TAP/Parser/Iterator/Process.pm
./usr/lib/perl5/5.36.1/TAP/Parser/Iterator/Stream.pm
./usr/lib/perl5/5.36.1/TAP/Parser/IteratorFactory.pm
./usr/lib/perl5/5.36.1/TAP/Parser/Multiplexer.pm
./usr/lib/perl5/5.36.1/TAP/Parser/Result.pm
./usr/lib/perl5/5.36.1/TAP/Parser/Result/Bailout.pm
./usr/lib/perl5/5.36.1/TAP/Parser/Result/Comment.pm
./usr/lib/perl5/5.36.1/TAP/Parser/Result/Plan.pm
./usr/lib/perl5/5.36.1/TAP/Parser/Result/Pragma.pm
./usr/lib/perl5/5.36.1/TAP/Parser/Result/Test.pm
./usr/lib/perl5/5.36.1/TAP/Parser/Result/Unknown.pm
./usr/lib/perl5/5.36.1/TAP/Parser/Result/Version.pm
./usr/lib/perl5/5.36.1/TAP/Parser/Result/YAML.pm
./usr/lib/perl5/5.36.1/TAP/Parser/ResultFactory.pm
./usr/lib/perl5/5.36.1/TAP/Parser/Scheduler.pm
./usr/lib/perl5/5.36.1/TAP/Parser/Scheduler/Job.pm
./usr/lib/perl5/5.36.1/TAP/Parser/Scheduler/Spinner.pm
./usr/lib/perl5/5.36.1/TAP/Parser/Source.pm
./usr/lib/perl5/5.36.1/TAP/Parser/SourceHandler.pm
./usr/lib/perl5/5.36.1/TAP/Parser/SourceHandler/Executable.pm
./usr/lib/perl5/5.36.1/TAP/Parser/SourceHandler/File.pm
./usr/lib/perl5/5.36.1/TAP/Parser/SourceHandler/Handle.pm
./usr/lib/perl5/5.36.1/TAP/Parser/SourceHandler/Perl.pm
./usr/lib/perl5/5.36.1/TAP/Parser/SourceHandler/RawTAP.pm
./usr/lib/perl5/5.36.1/TAP/Parser/YAMLish/Reader.pm
./usr/lib/perl5/5.36.1/TAP/Parser/YAMLish/Writer.pm
./usr/lib/perl5/5.36.1/Term/ANSIColor.pm
./usr/lib/perl5/5.36.1/Term/Cap.pm
./usr/lib/perl5/5.36.1/Term/Complete.pm
./usr/lib/perl5/5.36.1/Term/ReadLine.pm
./usr/lib/perl5/5.36.1/Test.pm
./usr/lib/perl5/5.36.1/Test/Builder.pm
./usr/lib/perl5/5.36.1/Test/Builder/Formatter.pm
./usr/lib/perl5/5.36.1/Test/Builder/IO/Scalar.pm
./usr/lib/perl5/5.36.1/Test/Builder/Module.pm
./usr/lib/perl5/5.36.1/Test/Builder/Tester.pm
./usr/lib/perl5/5.36.1/Test/Builder/Tester/Color.pm
./usr/lib/perl5/5.36.1/Test/Builder/TodoDiag.pm
./usr/lib/perl5/5.36.1/Test/Harness.pm
./usr/lib/perl5/5.36.1/Test/More.pm
./usr/lib/perl5/5.36.1/Test/Simple.pm
./usr/lib/perl5/5.36.1/Test/Tester.pm
./usr/lib/perl5/5.36.1/Test/Tester/Capture.pm
./usr/lib/perl5/5.36.1/Test/Tester/CaptureRunner.pm
./usr/lib/perl5/5.36.1/Test/Tester/Delegate.pm
./usr/lib/perl5/5.36.1/Test/Tutorial.pod
./usr/lib/perl5/5.36.1/Test/use/ok.pm
./usr/lib/perl5/5.36.1/Test2.pm
./usr/lib/perl5/5.36.1/Test2/API.pm
./usr/lib/perl5/5.36.1/Test2/API/Breakage.pm
./usr/lib/perl5/5.36.1/Test2/API/Context.pm
./usr/lib/perl5/5.36.1/Test2/API/Instance.pm
./usr/lib/perl5/5.36.1/Test2/API/InterceptResult.pm
./usr/lib/perl5/5.36.1/Test2/API/InterceptResult/Event.pm
./usr/lib/perl5/5.36.1/Test2/API/InterceptResult/Facet.pm
./usr/lib/perl5/5.36.1/Test2/API/InterceptResult/Hub.pm
./usr/lib/perl5/5.36.1/Test2/API/InterceptResult/Squasher.pm
./usr/lib/perl5/5.36.1/Test2/API/Stack.pm
./usr/lib/perl5/5.36.1/Test2/Event.pm
./usr/lib/perl5/5.36.1/Test2/Event/Bail.pm
./usr/lib/perl5/5.36.1/Test2/Event/Diag.pm
./usr/lib/perl5/5.36.1/Test2/Event/Encoding.pm
./usr/lib/perl5/5.36.1/Test2/Event/Exception.pm
./usr/lib/perl5/5.36.1/Test2/Event/Fail.pm
./usr/lib/perl5/5.36.1/Test2/Event/Generic.pm
./usr/lib/perl5/5.36.1/Test2/Event/Note.pm
./usr/lib/perl5/5.36.1/Test2/Event/Ok.pm
./usr/lib/perl5/5.36.1/Test2/Event/Pass.pm
./usr/lib/perl5/5.36.1/Test2/Event/Plan.pm
./usr/lib/perl5/5.36.1/Test2/Event/Skip.pm
./usr/lib/perl5/5.36.1/Test2/Event/Subtest.pm
./usr/lib/perl5/5.36.1/Test2/Event/TAP/Version.pm
./usr/lib/perl5/5.36.1/Test2/Event/V2.pm
./usr/lib/perl5/5.36.1/Test2/Event/Waiting.pm
./usr/lib/perl5/5.36.1/Test2/EventFacet.pm
./usr/lib/perl5/5.36.1/Test2/EventFacet/About.pm
./usr/lib/perl5/5.36.1/Test2/EventFacet/Amnesty.pm
./usr/lib/perl5/5.36.1/Test2/EventFacet/Assert.pm
./usr/lib/perl5/5.36.1/Test2/EventFacet/Control.pm
./usr/lib/perl5/5.36.1/Test2/EventFacet/Error.pm
./usr/lib/perl5/5.36.1/Test2/EventFacet/Hub.pm
./usr/lib/perl5/5.36.1/Test2/EventFacet/Info.pm
./usr/lib/perl5/5.36.1/Test2/EventFacet/Info/Table.pm
./usr/lib/perl5/5.36.1/Test2/EventFacet/Meta.pm
./usr/lib/perl5/5.36.1/Test2/EventFacet/Parent.pm
./usr/lib/perl5/5.36.1/Test2/EventFacet/Plan.pm
./usr/lib/perl5/5.36.1/Test2/EventFacet/Render.pm
./usr/lib/perl5/5.36.1/Test2/EventFacet/Trace.pm
./usr/lib/perl5/5.36.1/Test2/Formatter.pm
./usr/lib/perl5/5.36.1/Test2/Formatter/TAP.pm
./usr/lib/perl5/5.36.1/Test2/Hub.pm
./usr/lib/perl5/5.36.1/Test2/Hub/Interceptor.pm
./usr/lib/perl5/5.36.1/Test2/Hub/Interceptor/Terminator.pm
./usr/lib/perl5/5.36.1/Test2/Hub/Subtest.pm
./usr/lib/perl5/5.36.1/Test2/IPC.pm
./usr/lib/perl5/5.36.1/Test2/IPC/Driver.pm
./usr/lib/perl5/5.36.1/Test2/IPC/Driver/Files.pm
./usr/lib/perl5/5.36.1/Test2/Tools/Tiny.pm
./usr/lib/perl5/5.36.1/Test2/Transition.pod
./usr/lib/perl5/5.36.1/Test2/Util.pm
./usr/lib/perl5/5.36.1/Test2/Util/ExternalMeta.pm
./usr/lib/perl5/5.36.1/Test2/Util/Facets2Legacy.pm
./usr/lib/perl5/5.36.1/Test2/Util/HashBase.pm
./usr/lib/perl5/5.36.1/Test2/Util/Trace.pm
./usr/lib/perl5/5.36.1/Text/Abbrev.pm
./usr/lib/perl5/5.36.1/Text/Balanced.pm
./usr/lib/perl5/5.36.1/Text/ParseWords.pm
./usr/lib/perl5/5.36.1/Text/Tabs.pm
./usr/lib/perl5/5.36.1/Text/Wrap.pm
./usr/lib/perl5/5.36.1/Thread.pm
./usr/lib/perl5/5.36.1/Thread/Queue.pm
./usr/lib/perl5/5.36.1/Thread/Semaphore.pm
./usr/lib/perl5/5.36.1/Tie/Array.pm
./usr/lib/perl5/5.36.1/Tie/File.pm
./usr/lib/perl5/5.36.1/Tie/Handle.pm
./usr/lib/perl5/5.36.1/Tie/Hash.pm
./usr/lib/perl5/5.36.1/Tie/Hash/NamedCapture.pm
./usr/lib/perl5/5.36.1/Tie/Memoize.pm
./usr/lib/perl5/5.36.1/Tie/RefHash.pm
./usr/lib/perl5/5.36.1/Tie/Scalar.pm
./usr/lib/perl5/5.36.1/Tie/StdHandle.pm
./usr/lib/perl5/5.36.1/Tie/SubstrHash.pm
./usr/lib/perl5/5.36.1/Time/Local.pm
./usr/lib/perl5/5.36.1/Time/gmtime.pm
./usr/lib/perl5/5.36.1/Time/localtime.pm
./usr/lib/perl5/5.36.1/Time/tm.pm
./usr/lib/perl5/5.36.1/UNIVERSAL.pm
./usr/lib/perl5/5.36.1/Unicode/Collate/CJK/Big5.pm
./usr/lib/perl5/5.36.1/Unicode/Collate/CJK/GB2312.pm
./usr/lib/perl5/5.36.1/Unicode/Collate/CJK/JISX0208.pm
./usr/lib/perl5/5.36.1/Unicode/Collate/CJK/Korean.pm
./usr/lib/perl5/5.36.1/Unicode/Collate/CJK/Pinyin.pm
./usr/lib/perl5/5.36.1/Unicode/Collate/CJK/Stroke.pm
./usr/lib/perl5/5.36.1/Unicode/Collate/CJK/Zhuyin.pm
./usr/lib/perl5/5.36.1/Unicode/Collate/Locale/af.pl
./usr/lib/perl5/5.36.1/Unicode/Collate/Locale/ar.pl
./usr/lib/perl5/5.36.1/Unicode/Collate/Locale/as.pl
./usr/lib/perl5/5.36.1/Unicode/Collate/Locale/az.pl
./usr/lib/perl5/5.36.1/Unicode/Collate/Locale/be.pl
./usr/lib/perl5/5.36.1/Unicode/Collate/Locale/bn.pl
./usr/lib/perl5/5.36.1/Unicode/Collate/Locale/ca.pl
./usr/lib/perl5/5.36.1/Unicode/Collate/Locale/cs.pl
./usr/lib/perl5/5.36.1/Unicode/Collate/Locale/cu.pl
./usr/lib/perl5/5.36.1/Unicode/Collate/Locale/cy.pl
./usr/lib/perl5/5.36.1/Unicode/Collate/Locale/da.pl
./usr/lib/perl5/5.36.1/Unicode/Collate/Locale/de_at_ph.pl
./usr/lib/perl5/5.36.1/Unicode/Collate/Locale/de_phone.pl
./usr/lib/perl5/5.36.1/Unicode/Collate/Locale/dsb.pl
./usr/lib/perl5/5.36.1/Unicode/Collate/Locale/ee.pl
./usr/lib/perl5/5.36.1/Unicode/Collate/Locale/eo.pl
./usr/lib/perl5/5.36.1/Unicode/Collate/Locale/es.pl
./usr/lib/perl5/5.36.1/Unicode/Collate/Locale/es_trad.pl
./usr/lib/perl5/5.36.1/Unicode/Collate/Locale/et.pl
./usr/lib/perl5/5.36.1/Unicode/Collate/Locale/fa.pl
./usr/lib/perl5/5.36.1/Unicode/Collate/Locale/fi.pl
./usr/lib/perl5/5.36.1/Unicode/Collate/Locale/fi_phone.pl
./usr/lib/perl5/5.36.1/Unicode/Collate/Locale/fil.pl
./usr/lib/perl5/5.36.1/Unicode/Collate/Locale/fo.pl
./usr/lib/perl5/5.36.1/Unicode/Collate/Locale/fr_ca.pl
./usr/lib/perl5/5.36.1/Unicode/Collate/Locale/gu.pl
./usr/lib/perl5/5.36.1/Unicode/Collate/Locale/ha.pl
./usr/lib/perl5/5.36.1/Unicode/Collate/Locale/haw.pl
./usr/lib/perl5/5.36.1/Unicode/Collate/Locale/he.pl
./usr/lib/perl5/5.36.1/Unicode/Collate/Locale/hi.pl
./usr/lib/perl5/5.36.1/Unicode/Collate/Locale/hr.pl
./usr/lib/perl5/5.36.1/Unicode/Collate/Locale/hu.pl
./usr/lib/perl5/5.36.1/Unicode/Collate/Locale/hy.pl
./usr/lib/perl5/5.36.1/Unicode/Collate/Locale/ig.pl
./usr/lib/perl5/5.36.1/Unicode/Collate/Locale/is.pl
./usr/lib/perl5/5.36.1/Unicode/Collate/Locale/ja.pl
./usr/lib/perl5/5.36.1/Unicode/Collate/Locale/kk.pl
./usr/lib/perl5/5.36.1/Unicode/Collate/Locale/kl.pl
./usr/lib/perl5/5.36.1/Unicode/Collate/Locale/kn.pl
./usr/lib/perl5/5.36.1/Unicode/Collate/Locale/ko.pl
./usr/lib/perl5/5.36.1/Unicode/Collate/Locale/kok.pl
./usr/lib/perl5/5.36.1/Unicode/Collate/Locale/lkt.pl
./usr/lib/perl5/5.36.1/Unicode/Collate/Locale/ln.pl
./usr/lib/perl5/5.36.1/Unicode/Collate/Locale/lt.pl
./usr/lib/perl5/5.36.1/Unicode/Collate/Locale/lv.pl
./usr/lib/perl5/5.36.1/Unicode/Collate/Locale/mk.pl
./usr/lib/perl5/5.36.1/Unicode/Collate/Locale/ml.pl
./usr/lib/perl5/5.36.1/Unicode/Collate/Locale/mr.pl
./usr/lib/perl5/5.36.1/Unicode/Collate/Locale/mt.pl
./usr/lib/perl5/5.36.1/Unicode/Collate/Locale/nb.pl
./usr/lib/perl5/5.36.1/Unicode/Collate/Locale/nn.pl
./usr/lib/perl5/5.36.1/Unicode/Collate/Locale/nso.pl
./usr/lib/perl5/5.36.1/Unicode/Collate/Locale/om.pl
./usr/lib/perl5/5.36.1/Unicode/Collate/Locale/or.pl
./usr/lib/perl5/5.36.1/Unicode/Collate/Locale/pa.pl
./usr/lib/perl5/5.36.1/Unicode/Collate/Locale/pl.pl
./usr/lib/perl5/5.36.1/Unicode/Collate/Locale/ro.pl
./usr/lib/perl5/5.36.1/Unicode/Collate/Locale/sa.pl
./usr/lib/perl5/5.36.1/Unicode/Collate/Locale/se.pl
./usr/lib/perl5/5.36.1/Unicode/Collate/Locale/si.pl
./usr/lib/perl5/5.36.1/Unicode/Collate/Locale/si_dict.pl
./usr/lib/perl5/5.36.1/Unicode/Collate/Locale/sk.pl
./usr/lib/perl5/5.36.1/Unicode/Collate/Locale/sl.pl
./usr/lib/perl5/5.36.1/Unicode/Collate/Locale/sq.pl
./usr/lib/perl5/5.36.1/Unicode/Collate/Locale/sr.pl
./usr/lib/perl5/5.36.1/Unicode/Collate/Locale/sv.pl
./usr/lib/perl5/5.36.1/Unicode/Collate/Locale/sv_refo.pl
./usr/lib/perl5/5.36.1/Unicode/Collate/Locale/ta.pl
./usr/lib/perl5/5.36.1/Unicode/Collate/Locale/te.pl
./usr/lib/perl5/5.36.1/Unicode/Collate/Locale/th.pl
./usr/lib/perl5/5.36.1/Unicode/Collate/Locale/tn.pl
./usr/lib/perl5/5.36.1/Unicode/Collate/Locale/to.pl
./usr/lib/perl5/5.36.1/Unicode/Collate/Locale/tr.pl
./usr/lib/perl5/5.36.1/Unicode/Collate/Locale/ug_cyrl.pl
./usr/lib/perl5/5.36.1/Unicode/Collate/Locale/uk.pl
./usr/lib/perl5/5.36.1/Unicode/Collate/Locale/ur.pl
./usr/lib/perl5/5.36.1/Unicode/Collate/Locale/vi.pl
./usr/lib/perl5/5.36.1/Unicode/Collate/Locale/vo.pl
./usr/lib/perl5/5.36.1/Unicode/Collate/Locale/wae.pl
./usr/lib/perl5/5.36.1/Unicode/Collate/Locale/wo.pl
./usr/lib/perl5/5.36.1/Unicode/Collate/Locale/yo.pl
./usr/lib/perl5/5.36.1/Unicode/Collate/Locale/zh.pl
./usr/lib/perl5/5.36.1/Unicode/Collate/Locale/zh_big5.pl
./usr/lib/perl5/5.36.1/Unicode/Collate/Locale/zh_gb.pl
./usr/lib/perl5/5.36.1/Unicode/Collate/Locale/zh_pin.pl
./usr/lib/perl5/5.36.1/Unicode/Collate/Locale/zh_strk.pl
./usr/lib/perl5/5.36.1/Unicode/Collate/Locale/zh_zhu.pl
./usr/lib/perl5/5.36.1/Unicode/Collate/allkeys.txt
./usr/lib/perl5/5.36.1/Unicode/Collate/keys.txt
./usr/lib/perl5/5.36.1/Unicode/UCD.pm
./usr/lib/perl5/5.36.1/User/grent.pm
./usr/lib/perl5/5.36.1/User/pwent.pm
./usr/lib/perl5/5.36.1/XSLoader.pm
./usr/lib/perl5/5.36.1/_charnames.pm
./usr/lib/perl5/5.36.1/arm-linux/B.pm
./usr/lib/perl5/5.36.1/arm-linux/B/Concise.pm
./usr/lib/perl5/5.36.1/arm-linux/B/Showlex.pm
./usr/lib/perl5/5.36.1/arm-linux/B/Terse.pm
./usr/lib/perl5/5.36.1/arm-linux/B/Xref.pm
./usr/lib/perl5/5.36.1/arm-linux/Compress/Raw/Bzip2.pm
./usr/lib/perl5/5.36.1/arm-linux/Compress/Raw/Zlib.pm
./usr/lib/perl5/5.36.1/arm-linux/Config.pm
./usr/lib/perl5/5.36.1/arm-linux/Config.pod
./usr/lib/perl5/5.36.1/arm-linux/Config_git.pl
./usr/lib/perl5/5.36.1/arm-linux/Config_heavy.pl
./usr/lib/perl5/5.36.1/arm-linux/Cwd.pm
./usr/lib/perl5/5.36.1/arm-linux/DB_File.pm
./usr/lib/perl5/5.36.1/arm-linux/Data/Dumper.pm
./usr/lib/perl5/5.36.1/arm-linux/Devel/PPPort.pm
./usr/lib/perl5/5.36.1/arm-linux/Devel/Peek.pm
./usr/lib/perl5/5.36.1/arm-linux/Digest/MD5.pm
./usr/lib/perl5/5.36.1/arm-linux/Digest/SHA.pm
./usr/lib/perl5/5.36.1/arm-linux/DynaLoader.pm
./usr/lib/perl5/5.36.1/arm-linux/Encode.pm
./usr/lib/perl5/5.36.1/arm-linux/Encode/Alias.pm
./usr/lib/perl5/5.36.1/arm-linux/Encode/Byte.pm
./usr/lib/perl5/5.36.1/arm-linux/Encode/CJKConstants.pm
./usr/lib/perl5/5.36.1/arm-linux/Encode/CN.pm
./usr/lib/perl5/5.36.1/arm-linux/Encode/CN/HZ.pm
./usr/lib/perl5/5.36.1/arm-linux/Encode/Config.pm
./usr/lib/perl5/5.36.1/arm-linux/Encode/EBCDIC.pm
./usr/lib/perl5/5.36.1/arm-linux/Encode/Encoder.pm
./usr/lib/perl5/5.36.1/arm-linux/Encode/Encoding.pm
./usr/lib/perl5/5.36.1/arm-linux/Encode/GSM0338.pm
./usr/lib/perl5/5.36.1/arm-linux/Encode/Guess.pm
./usr/lib/perl5/5.36.1/arm-linux/Encode/JP.pm
./usr/lib/perl5/5.36.1/arm-linux/Encode/JP/H2Z.pm
./usr/lib/perl5/5.36.1/arm-linux/Encode/JP/JIS7.pm
./usr/lib/perl5/5.36.1/arm-linux/Encode/KR.pm
./usr/lib/perl5/5.36.1/arm-linux/Encode/KR/2022_KR.pm
./usr/lib/perl5/5.36.1/arm-linux/Encode/MIME/Header.pm
./usr/lib/perl5/5.36.1/arm-linux/Encode/MIME/Header/ISO_2022_JP.pm
./usr/lib/perl5/5.36.1/arm-linux/Encode/MIME/Name.pm
./usr/lib/perl5/5.36.1/arm-linux/Encode/Symbol.pm
./usr/lib/perl5/5.36.1/arm-linux/Encode/TW.pm
./usr/lib/perl5/5.36.1/arm-linux/Encode/Unicode.pm
./usr/lib/perl5/5.36.1/arm-linux/Encode/Unicode/UTF7.pm
./usr/lib/perl5/5.36.1/arm-linux/Errno.pm
./usr/lib/perl5/5.36.1/arm-linux/Fcntl.pm
./usr/lib/perl5/5.36.1/arm-linux/File/DosGlob.pm
./usr/lib/perl5/5.36.1/arm-linux/File/Glob.pm
./usr/lib/perl5/5.36.1/arm-linux/File/Spec.pm
./usr/lib/perl5/5.36.1/arm-linux/File/Spec/AmigaOS.pm
./usr/lib/perl5/5.36.1/arm-linux/File/Spec/Cygwin.pm
./usr/lib/perl5/5.36.1/arm-linux/File/Spec/Epoc.pm
./usr/lib/perl5/5.36.1/arm-linux/File/Spec/Functions.pm
./usr/lib/perl5/5.36.1/arm-linux/File/Spec/Mac.pm
./usr/lib/perl5/5.36.1/arm-linux/File/Spec/OS2.pm
./usr/lib/perl5/5.36.1/arm-linux/File/Spec/Unix.pm
./usr/lib/perl5/5.36.1/arm-linux/File/Spec/VMS.pm
./usr/lib/perl5/5.36.1/arm-linux/File/Spec/Win32.pm
./usr/lib/perl5/5.36.1/arm-linux/Filter/Util/Call.pm
./usr/lib/perl5/5.36.1/arm-linux/GDBM_File.pm
./usr/lib/perl5/5.36.1/arm-linux/Hash/Util.pm
./usr/lib/perl5/5.36.1/arm-linux/Hash/Util/FieldHash.pm
./usr/lib/perl5/5.36.1/arm-linux/I18N/Langinfo.pm
./usr/lib/perl5/5.36.1/arm-linux/IO.pm
./usr/lib/perl5/5.36.1/arm-linux/IO/Dir.pm
./usr/lib/perl5/5.36.1/arm-linux/IO/File.pm
./usr/lib/perl5/5.36.1/arm-linux/IO/Handle.pm
./usr/lib/perl5/5.36.1/arm-linux/IO/Pipe.pm
./usr/lib/perl5/5.36.1/arm-linux/IO/Poll.pm
./usr/lib/perl5/5.36.1/arm-linux/IO/Seekable.pm
./usr/lib/perl5/5.36.1/arm-linux/IO/Select.pm
./usr/lib/perl5/5.36.1/arm-linux/IO/Socket.pm
./usr/lib/perl5/5.36.1/arm-linux/IO/Socket/INET.pm
./usr/lib/perl5/5.36.1/arm-linux/IO/Socket/UNIX.pm
./usr/lib/perl5/5.36.1/arm-linux/IPC/Msg.pm
./usr/lib/perl5/5.36.1/arm-linux/IPC/Semaphore.pm
./usr/lib/perl5/5.36.1/arm-linux/IPC/SharedMem.pm
./usr/lib/perl5/5.36.1/arm-linux/IPC/SysV.pm
./usr/lib/perl5/5.36.1/arm-linux/List/Util.pm
./usr/lib/perl5/5.36.1/arm-linux/List/Util/XS.pm
./usr/lib/perl5/5.36.1/arm-linux/MIME/Base64.pm
./usr/lib/perl5/5.36.1/arm-linux/MIME/QuotedPrint.pm
./usr/lib/perl5/5.36.1/arm-linux/Math/BigInt/FastCalc.pm
./usr/lib/perl5/5.36.1/arm-linux/O.pm
./usr/lib/perl5/5.36.1/arm-linux/Opcode.pm
./usr/lib/perl5/5.36.1/arm-linux/POSIX.pm
./usr/lib/perl5/5.36.1/arm-linux/POSIX.pod
./usr/lib/perl5/5.36.1/arm-linux/PerlIO/encoding.pm
./usr/lib/perl5/5.36.1/arm-linux/PerlIO/mmap.pm
./usr/lib/perl5/5.36.1/arm-linux/PerlIO/scalar.pm
./usr/lib/perl5/5.36.1/arm-linux/PerlIO/via.pm
./usr/lib/perl5/5.36.1/arm-linux/SDBM_File.pm
./usr/lib/perl5/5.36.1/arm-linux/Scalar/Util.pm
./usr/lib/perl5/5.36.1/arm-linux/Socket.pm
./usr/lib/perl5/5.36.1/arm-linux/Storable.pm
./usr/lib/perl5/5.36.1/arm-linux/Sub/Util.pm
./usr/lib/perl5/5.36.1/arm-linux/Sys/Hostname.pm
./usr/lib/perl5/5.36.1/arm-linux/Sys/Syslog.pm
./usr/lib/perl5/5.36.1/arm-linux/Time/HiRes.pm
./usr/lib/perl5/5.36.1/arm-linux/Time/Piece.pm
./usr/lib/perl5/5.36.1/arm-linux/Time/Seconds.pm
./usr/lib/perl5/5.36.1/arm-linux/Unicode/Collate.pm
./usr/lib/perl5/5.36.1/arm-linux/Unicode/Collate/Locale.pm
./usr/lib/perl5/5.36.1/arm-linux/Unicode/Normalize.pm
./usr/lib/perl5/5.36.1/arm-linux/attributes.pm
./usr/lib/perl5/5.36.1/arm-linux/auto/B/B.so
./usr/lib/perl5/5.36.1/arm-linux/auto/Compress/Raw/Bzip2/Bzip2.so
./usr/lib/perl5/5.36.1/arm-linux/auto/Compress/Raw/Zlib/Zlib.so
./usr/lib/perl5/5.36.1/arm-linux/auto/Cwd/Cwd.so
./usr/lib/perl5/5.36.1/arm-linux/auto/DB_File/DB_File.so
./usr/lib/perl5/5.36.1/arm-linux/auto/Data/Dumper/Dumper.so
./usr/lib/perl5/5.36.1/arm-linux/auto/Devel/Peek/Peek.so
./usr/lib/perl5/5.36.1/arm-linux/auto/Digest/MD5/MD5.so
./usr/lib/perl5/5.36.1/arm-linux/auto/Digest/SHA/SHA.so
./usr/lib/perl5/5.36.1/arm-linux/auto/Encode/Byte/Byte.so
./usr/lib/perl5/5.36.1/arm-linux/auto/Encode/CN/CN.so
./usr/lib/perl5/5.36.1/arm-linux/auto/Encode/EBCDIC/EBCDIC.so
./usr/lib/perl5/5.36.1/arm-linux/auto/Encode/Encode.so
./usr/lib/perl5/5.36.1/arm-linux/auto/Encode/JP/JP.so
./usr/lib/perl5/5.36.1/arm-linux/auto/Encode/KR/KR.so
./usr/lib/perl5/5.36.1/arm-linux/auto/Encode/Symbol/Symbol.so
./usr/lib/perl5/5.36.1/arm-linux/auto/Encode/TW/TW.so
./usr/lib/perl5/5.36.1/arm-linux/auto/Encode/Unicode/Unicode.so
./usr/lib/perl5/5.36.1/arm-linux/auto/Fcntl/Fcntl.so
./usr/lib/perl5/5.36.1/arm-linux/auto/File/DosGlob/DosGlob.so
./usr/lib/perl5/5.36.1/arm-linux/auto/File/Glob/Glob.so
./usr/lib/perl5/5.36.1/arm-linux/auto/Filter/Util/Call/Call.so
./usr/lib/perl5/5.36.1/arm-linux/auto/GDBM_File/GDBM_File.so
./usr/lib/perl5/5.36.1/arm-linux/auto/Hash/Util/FieldHash/FieldHash.so
./usr/lib/perl5/5.36.1/arm-linux/auto/Hash/Util/Util.so
./usr/lib/perl5/5.36.1/arm-linux/auto/I18N/Langinfo/Langinfo.so
./usr/lib/perl5/5.36.1/arm-linux/auto/IO/IO.so
./usr/lib/perl5/5.36.1/arm-linux/auto/IPC/SysV/SysV.so
./usr/lib/perl5/5.36.1/arm-linux/auto/List/Util/Util.so
./usr/lib/perl5/5.36.1/arm-linux/auto/MIME/Base64/Base64.so
./usr/lib/perl5/5.36.1/arm-linux/auto/Math/BigInt/FastCalc/FastCalc.so
./usr/lib/perl5/5.36.1/arm-linux/auto/Opcode/Opcode.so
./usr/lib/perl5/5.36.1/arm-linux/auto/POSIX/POSIX.so
./usr/lib/perl5/5.36.1/arm-linux/auto/PerlIO/encoding/encoding.so
./usr/lib/perl5/5.36.1/arm-linux/auto/PerlIO/mmap/mmap.so
./usr/lib/perl5/5.36.1/arm-linux/auto/PerlIO/scalar/scalar.so
./usr/lib/perl5/5.36.1/arm-linux/auto/PerlIO/via/via.so
./usr/lib/perl5/5.36.1/arm-linux/auto/SDBM_File/SDBM_File.so
./usr/lib/perl5/5.36.1/arm-linux/auto/Socket/Socket.so
./usr/lib/perl5/5.36.1/arm-linux/auto/Storable/Storable.so
./usr/lib/perl5/5.36.1/arm-linux/auto/Sys/Hostname/Hostname.so
./usr/lib/perl5/5.36.1/arm-linux/auto/Sys/Syslog/Syslog.so
./usr/lib/perl5/5.36.1/arm-linux/auto/Time/HiRes/HiRes.so
./usr/lib/perl5/5.36.1/arm-linux/auto/Time/Piece/Piece.so
./usr/lib/perl5/5.36.1/arm-linux/auto/Unicode/Collate/Collate.so
./usr/lib/perl5/5.36.1/arm-linux/auto/Unicode/Normalize/Normalize.so
./usr/lib/perl5/5.36.1/arm-linux/auto/attributes/attributes.so
./usr/lib/perl5/5.36.1/arm-linux/auto/mro/mro.so
./usr/lib/perl5/5.36.1/arm-linux/auto/re/re.so
./usr/lib/perl5/5.36.1/arm-linux/auto/threads/shared/shared.so
./usr/lib/perl5/5.36.1/arm-linux/auto/threads/threads.so
./usr/lib/perl5/5.36.1/arm-linux/encoding.pm
./usr/lib/perl5/5.36.1/arm-linux/lib.pm
./usr/lib/perl5/5.36.1/arm-linux/mro.pm
./usr/lib/perl5/5.36.1/arm-linux/ops.pm
./usr/lib/perl5/5.36.1/arm-linux/re.pm
./usr/lib/perl5/5.36.1/arm-linux/threads.pm
./usr/lib/perl5/5.36.1/arm-linux/threads/shared.pm
./usr/lib/perl5/5.36.1/autodie.pm
./usr/lib/perl5/5.36.1/autodie/Scope/Guard.pm
./usr/lib/perl5/5.36.1/autodie/Scope/GuardStack.pm
./usr/lib/perl5/5.36.1/autodie/Util.pm
./usr/lib/perl5/5.36.1/autodie/exception.pm
./usr/lib/perl5/5.36.1/autodie/exception/system.pm
./usr/lib/perl5/5.36.1/autodie/hints.pm
./usr/lib/perl5/5.36.1/autodie/skip.pm
./usr/lib/perl5/5.36.1/autouse.pm
./usr/lib/perl5/5.36.1/base.pm
./usr/lib/perl5/5.36.1/bigfloat.pm
./usr/lib/perl5/5.36.1/bigint.pm
./usr/lib/perl5/5.36.1/bignum.pm
./usr/lib/perl5/5.36.1/bigrat.pm
./usr/lib/perl5/5.36.1/blib.pm
./usr/lib/perl5/5.36.1/builtin.pm
./usr/lib/perl5/5.36.1/bytes.pm
./usr/lib/perl5/5.36.1/bytes_heavy.pl
./usr/lib/perl5/5.36.1/charnames.pm
./usr/lib/perl5/5.36.1/constant.pm
./usr/lib/perl5/5.36.1/deprecate.pm
./usr/lib/perl5/5.36.1/diagnostics.pm
./usr/lib/perl5/5.36.1/dumpvar.pl
./usr/lib/perl5/5.36.1/encoding/warnings.pm
./usr/lib/perl5/5.36.1/experimental.pm
./usr/lib/perl5/5.36.1/feature.pm
./usr/lib/perl5/5.36.1/fields.pm
./usr/lib/perl5/5.36.1/filetest.pm
./usr/lib/perl5/5.36.1/if.pm
./usr/lib/perl5/5.36.1/integer.pm
./usr/lib/perl5/5.36.1/less.pm
./usr/lib/perl5/5.36.1/locale.pm
./usr/lib/perl5/5.36.1/meta_notation.pm
./usr/lib/perl5/5.36.1/ok.pm
./usr/lib/perl5/5.36.1/open.pm
./usr/lib/perl5/5.36.1/overload.pm
./usr/lib/perl5/5.36.1/overload/numbers.pm
./usr/lib/perl5/5.36.1/overloading.pm
./usr/lib/perl5/5.36.1/parent.pm
./usr/lib/perl5/5.36.1/perl5db.pl
./usr/lib/perl5/5.36.1/perlfaq.pm
./usr/lib/perl5/5.36.1/sigtrap.pm
./usr/lib/perl5/5.36.1/sort.pm
./usr/lib/perl5/5.36.1/strict.pm
./usr/lib/perl5/5.36.1/subs.pm
./usr/lib/perl5/5.36.1/unicore/Blocks.txt
./usr/lib/perl5/5.36.1/unicore/CombiningClass.pl
./usr/lib/perl5/5.36.1/unicore/Decomposition.pl
./usr/lib/perl5/5.36.1/unicore/Name.pl
./usr/lib/perl5/5.36.1/unicore/Name.pm
./usr/lib/perl5/5.36.1/unicore/NamedSequences.txt
./usr/lib/perl5/5.36.1/unicore/SpecialCasing.txt
./usr/lib/perl5/5.36.1/unicore/To/Age.pl
./usr/lib/perl5/5.36.1/unicore/To/Bc.pl
./usr/lib/perl5/5.36.1/unicore/To/Bmg.pl
./usr/lib/perl5/5.36.1/unicore/To/Bpb.pl
./usr/lib/perl5/5.36.1/unicore/To/Bpt.pl
./usr/lib/perl5/5.36.1/unicore/To/Cf.pl
./usr/lib/perl5/5.36.1/unicore/To/Ea.pl
./usr/lib/perl5/5.36.1/unicore/To/EqUIdeo.pl
./usr/lib/perl5/5.36.1/unicore/To/GCB.pl
./usr/lib/perl5/5.36.1/unicore/To/Gc.pl
./usr/lib/perl5/5.36.1/unicore/To/Hst.pl
./usr/lib/perl5/5.36.1/unicore/To/Identif2.pl
./usr/lib/perl5/5.36.1/unicore/To/Identifi.pl
./usr/lib/perl5/5.36.1/unicore/To/InPC.pl
./usr/lib/perl5/5.36.1/unicore/To/InSC.pl
./usr/lib/perl5/5.36.1/unicore/To/Isc.pl
./usr/lib/perl5/5.36.1/unicore/To/Jg.pl
./usr/lib/perl5/5.36.1/unicore/To/Jt.pl
./usr/lib/perl5/5.36.1/unicore/To/Lb.pl
./usr/lib/perl5/5.36.1/unicore/To/Lc.pl
./usr/lib/perl5/5.36.1/unicore/To/NFCQC.pl
./usr/lib/perl5/5.36.1/unicore/To/NFDQC.pl
./usr/lib/perl5/5.36.1/unicore/To/NFKCCF.pl
./usr/lib/perl5/5.36.1/unicore/To/NFKCQC.pl
./usr/lib/perl5/5.36.1/unicore/To/NFKDQC.pl
./usr/lib/perl5/5.36.1/unicore/To/Na1.pl
./usr/lib/perl5/5.36.1/unicore/To/NameAlia.pl
./usr/lib/perl5/5.36.1/unicore/To/Nt.pl
./usr/lib/perl5/5.36.1/unicore/To/Nv.pl
./usr/lib/perl5/5.36.1/unicore/To/PerlDeci.pl
./usr/lib/perl5/5.36.1/unicore/To/SB.pl
./usr/lib/perl5/5.36.1/unicore/To/Sc.pl
./usr/lib/perl5/5.36.1/unicore/To/Scx.pl
./usr/lib/perl5/5.36.1/unicore/To/Tc.pl
./usr/lib/perl5/5.36.1/unicore/To/Uc.pl
./usr/lib/perl5/5.36.1/unicore/To/Vo.pl
./usr/lib/perl5/5.36.1/unicore/To/WB.pl
./usr/lib/perl5/5.36.1/unicore/To/_PerlLB.pl
./usr/lib/perl5/5.36.1/unicore/To/_PerlSCX.pl
./usr/lib/perl5/5.36.1/unicore/UCD.pl
./usr/lib/perl5/5.36.1/unicore/lib/Age/NA.pl
./usr/lib/perl5/5.36.1/unicore/lib/Age/V100.pl
./usr/lib/perl5/5.36.1/unicore/lib/Age/V11.pl
./usr/lib/perl5/5.36.1/unicore/lib/Age/V110.pl
./usr/lib/perl5/5.36.1/unicore/lib/Age/V120.pl
./usr/lib/perl5/5.36.1/unicore/lib/Age/V130.pl
./usr/lib/perl5/5.36.1/unicore/lib/Age/V140.pl
./usr/lib/perl5/5.36.1/unicore/lib/Age/V20.pl
./usr/lib/perl5/5.36.1/unicore/lib/Age/V30.pl
./usr/lib/perl5/5.36.1/unicore/lib/Age/V31.pl
./usr/lib/perl5/5.36.1/unicore/lib/Age/V32.pl
./usr/lib/perl5/5.36.1/unicore/lib/Age/V40.pl
./usr/lib/perl5/5.36.1/unicore/lib/Age/V41.pl
./usr/lib/perl5/5.36.1/unicore/lib/Age/V50.pl
./usr/lib/perl5/5.36.1/unicore/lib/Age/V51.pl
./usr/lib/perl5/5.36.1/unicore/lib/Age/V52.pl
./usr/lib/perl5/5.36.1/unicore/lib/Age/V60.pl
./usr/lib/perl5/5.36.1/unicore/lib/Age/V61.pl
./usr/lib/perl5/5.36.1/unicore/lib/Age/V70.pl
./usr/lib/perl5/5.36.1/unicore/lib/Age/V80.pl
./usr/lib/perl5/5.36.1/unicore/lib/Age/V90.pl
./usr/lib/perl5/5.36.1/unicore/lib/Alpha/Y.pl
./usr/lib/perl5/5.36.1/unicore/lib/Bc/AL.pl
./usr/lib/perl5/5.36.1/unicore/lib/Bc/AN.pl
./usr/lib/perl5/5.36.1/unicore/lib/Bc/B.pl
./usr/lib/perl5/5.36.1/unicore/lib/Bc/BN.pl
./usr/lib/perl5/5.36.1/unicore/lib/Bc/CS.pl
./usr/lib/perl5/5.36.1/unicore/lib/Bc/EN.pl
./usr/lib/perl5/5.36.1/unicore/lib/Bc/ES.pl
./usr/lib/perl5/5.36.1/unicore/lib/Bc/ET.pl
./usr/lib/perl5/5.36.1/unicore/lib/Bc/L.pl
./usr/lib/perl5/5.36.1/unicore/lib/Bc/NSM.pl
./usr/lib/perl5/5.36.1/unicore/lib/Bc/ON.pl
./usr/lib/perl5/5.36.1/unicore/lib/Bc/R.pl
./usr/lib/perl5/5.36.1/unicore/lib/Bc/WS.pl
./usr/lib/perl5/5.36.1/unicore/lib/BidiC/Y.pl
./usr/lib/perl5/5.36.1/unicore/lib/BidiM/Y.pl
./usr/lib/perl5/5.36.1/unicore/lib/Blk/NB.pl
./usr/lib/perl5/5.36.1/unicore/lib/Bpt/C.pl
./usr/lib/perl5/5.36.1/unicore/lib/Bpt/N.pl
./usr/lib/perl5/5.36.1/unicore/lib/Bpt/O.pl
./usr/lib/perl5/5.36.1/unicore/lib/CE/Y.pl
./usr/lib/perl5/5.36.1/unicore/lib/CI/Y.pl
./usr/lib/perl5/5.36.1/unicore/lib/CWCF/Y.pl
./usr/lib/perl5/5.36.1/unicore/lib/CWCM/Y.pl
./usr/lib/perl5/5.36.1/unicore/lib/CWKCF/Y.pl
./usr/lib/perl5/5.36.1/unicore/lib/CWL/Y.pl
./usr/lib/perl5/5.36.1/unicore/lib/CWT/Y.pl
./usr/lib/perl5/5.36.1/unicore/lib/CWU/Y.pl
./usr/lib/perl5/5.36.1/unicore/lib/Cased/Y.pl
./usr/lib/perl5/5.36.1/unicore/lib/Ccc/A.pl
./usr/lib/perl5/5.36.1/unicore/lib/Ccc/AL.pl
./usr/lib/perl5/5.36.1/unicore/lib/Ccc/AR.pl
./usr/lib/perl5/5.36.1/unicore/lib/Ccc/ATAR.pl
./usr/lib/perl5/5.36.1/unicore/lib/Ccc/B.pl
./usr/lib/perl5/5.36.1/unicore/lib/Ccc/BR.pl
./usr/lib/perl5/5.36.1/unicore/lib/Ccc/DB.pl
./usr/lib/perl5/5.36.1/unicore/lib/Ccc/NK.pl
./usr/lib/perl5/5.36.1/unicore/lib/Ccc/NR.pl
./usr/lib/perl5/5.36.1/unicore/lib/Ccc/OV.pl
./usr/lib/perl5/5.36.1/unicore/lib/Ccc/VR.pl
./usr/lib/perl5/5.36.1/unicore/lib/CompEx/Y.pl
./usr/lib/perl5/5.36.1/unicore/lib/DI/Y.pl
./usr/lib/perl5/5.36.1/unicore/lib/Dash/Y.pl
./usr/lib/perl5/5.36.1/unicore/lib/Dep/Y.pl
./usr/lib/perl5/5.36.1/unicore/lib/Dia/Y.pl
./usr/lib/perl5/5.36.1/unicore/lib/Dt/Com.pl
./usr/lib/perl5/5.36.1/unicore/lib/Dt/Enc.pl
./usr/lib/perl5/5.36.1/unicore/lib/Dt/Fin.pl
./usr/lib/perl5/5.36.1/unicore/lib/Dt/Font.pl
./usr/lib/perl5/5.36.1/unicore/lib/Dt/Init.pl
./usr/lib/perl5/5.36.1/unicore/lib/Dt/Iso.pl
./usr/lib/perl5/5.36.1/unicore/lib/Dt/Med.pl
./usr/lib/perl5/5.36.1/unicore/lib/Dt/Nar.pl
./usr/lib/perl5/5.36.1/unicore/lib/Dt/Nb.pl
./usr/lib/perl5/5.36.1/unicore/lib/Dt/NonCanon.pl
./usr/lib/perl5/5.36.1/unicore/lib/Dt/Sqr.pl
./usr/lib/perl5/5.36.1/unicore/lib/Dt/Sub.pl
./usr/lib/perl5/5.36.1/unicore/lib/Dt/Sup.pl
./usr/lib/perl5/5.36.1/unicore/lib/Dt/Vert.pl
./usr/lib/perl5/5.36.1/unicore/lib/EBase/Y.pl
./usr/lib/perl5/5.36.1/unicore/lib/EComp/Y.pl
./usr/lib/perl5/5.36.1/unicore/lib/EPres/Y.pl
./usr/lib/perl5/5.36.1/unicore/lib/Ea/A.pl
./usr/lib/perl5/5.36.1/unicore/lib/Ea/H.pl
./usr/lib/perl5/5.36.1/unicore/lib/Ea/N.pl
./usr/lib/perl5/5.36.1/unicore/lib/Ea/Na.pl
./usr/lib/perl5/5.36.1/unicore/lib/Ea/W.pl
./usr/lib/perl5/5.36.1/unicore/lib/Emoji/Y.pl
./usr/lib/perl5/5.36.1/unicore/lib/Ext/Y.pl
./usr/lib/perl5/5.36.1/unicore/lib/ExtPict/Y.pl
./usr/lib/perl5/5.36.1/unicore/lib/GCB/CN.pl
./usr/lib/perl5/5.36.1/unicore/lib/GCB/EX.pl
./usr/lib/perl5/5.36.1/unicore/lib/GCB/LV.pl
./usr/lib/perl5/5.36.1/unicore/lib/GCB/LVT.pl
./usr/lib/perl5/5.36.1/unicore/lib/GCB/PP.pl
./usr/lib/perl5/5.36.1/unicore/lib/GCB/SM.pl
./usr/lib/perl5/5.36.1/unicore/lib/GCB/XX.pl
./usr/lib/perl5/5.36.1/unicore/lib/Gc/C.pl
./usr/lib/perl5/5.36.1/unicore/lib/Gc/Cf.pl
./usr/lib/perl5/5.36.1/unicore/lib/Gc/Cn.pl
./usr/lib/perl5/5.36.1/unicore/lib/Gc/L.pl
./usr/lib/perl5/5.36.1/unicore/lib/Gc/LC.pl
./usr/lib/perl5/5.36.1/unicore/lib/Gc/Ll.pl
./usr/lib/perl5/5.36.1/unicore/lib/Gc/Lm.pl
./usr/lib/perl5/5.36.1/unicore/lib/Gc/Lo.pl
./usr/lib/perl5/5.36.1/unicore/lib/Gc/Lu.pl
./usr/lib/perl5/5.36.1/unicore/lib/Gc/M.pl
./usr/lib/perl5/5.36.1/unicore/lib/Gc/Mc.pl
./usr/lib/perl5/5.36.1/unicore/lib/Gc/Me.pl
./usr/lib/perl5/5.36.1/unicore/lib/Gc/Mn.pl
./usr/lib/perl5/5.36.1/unicore/lib/Gc/N.pl
./usr/lib/perl5/5.36.1/unicore/lib/Gc/Nd.pl
./usr/lib/perl5/5.36.1/unicore/lib/Gc/Nl.pl
./usr/lib/perl5/5.36.1/unicore/lib/Gc/No.pl
./usr/lib/perl5/5.36.1/unicore/lib/Gc/P.pl
./usr/lib/perl5/5.36.1/unicore/lib/Gc/Pc.pl
./usr/lib/perl5/5.36.1/unicore/lib/Gc/Pd.pl
./usr/lib/perl5/5.36.1/unicore/lib/Gc/Pe.pl
./usr/lib/perl5/5.36.1/unicore/lib/Gc/Pf.pl
./usr/lib/perl5/5.36.1/unicore/lib/Gc/Pi.pl
./usr/lib/perl5/5.36.1/unicore/lib/Gc/Po.pl
./usr/lib/perl5/5.36.1/unicore/lib/Gc/Ps.pl
./usr/lib/perl5/5.36.1/unicore/lib/Gc/S.pl
./usr/lib/perl5/5.36.1/unicore/lib/Gc/Sc.pl
./usr/lib/perl5/5.36.1/unicore/lib/Gc/Sk.pl
./usr/lib/perl5/5.36.1/unicore/lib/Gc/Sm.pl
./usr/lib/perl5/5.36.1/unicore/lib/Gc/So.pl
./usr/lib/perl5/5.36.1/unicore/lib/Gc/Z.pl
./usr/lib/perl5/5.36.1/unicore/lib/Gc/Zs.pl
./usr/lib/perl5/5.36.1/unicore/lib/GrBase/Y.pl
./usr/lib/perl5/5.36.1/unicore/lib/GrExt/Y.pl
./usr/lib/perl5/5.36.1/unicore/lib/Hex/Y.pl
./usr/lib/perl5/5.36.1/unicore/lib/Hst/NA.pl
./usr/lib/perl5/5.36.1/unicore/lib/Hyphen/T.pl
./usr/lib/perl5/5.36.1/unicore/lib/IDC/Y.pl
./usr/lib/perl5/5.36.1/unicore/lib/IDS/Y.pl
./usr/lib/perl5/5.36.1/unicore/lib/IdStatus/Allowed.pl
./usr/lib/perl5/5.36.1/unicore/lib/IdStatus/Restrict.pl
./usr/lib/perl5/5.36.1/unicore/lib/IdType/DefaultI.pl
./usr/lib/perl5/5.36.1/unicore/lib/IdType/Exclusio.pl
./usr/lib/perl5/5.36.1/unicore/lib/IdType/Inclusio.pl
./usr/lib/perl5/5.36.1/unicore/lib/IdType/LimitedU.pl
./usr/lib/perl5/5.36.1/unicore/lib/IdType/NotChara.pl
./usr/lib/perl5/5.36.1/unicore/lib/IdType/NotNFKC.pl
./usr/lib/perl5/5.36.1/unicore/lib/IdType/NotXID.pl
./usr/lib/perl5/5.36.1/unicore/lib/IdType/Obsolete.pl
./usr/lib/perl5/5.36.1/unicore/lib/IdType/Recommen.pl
./usr/lib/perl5/5.36.1/unicore/lib/IdType/Technica.pl
./usr/lib/perl5/5.36.1/unicore/lib/IdType/Uncommon.pl
./usr/lib/perl5/5.36.1/unicore/lib/Ideo/Y.pl
./usr/lib/perl5/5.36.1/unicore/lib/In/10_0.pl
./usr/lib/perl5/5.36.1/unicore/lib/In/11_0.pl
./usr/lib/perl5/5.36.1/unicore/lib/In/12_0.pl
./usr/lib/perl5/5.36.1/unicore/lib/In/12_1.pl
./usr/lib/perl5/5.36.1/unicore/lib/In/13_0.pl
./usr/lib/perl5/5.36.1/unicore/lib/In/14_0.pl
./usr/lib/perl5/5.36.1/unicore/lib/In/2_0.pl
./usr/lib/perl5/5.36.1/unicore/lib/In/2_1.pl
./usr/lib/perl5/5.36.1/unicore/lib/In/3_0.pl
./usr/lib/perl5/5.36.1/unicore/lib/In/3_1.pl
./usr/lib/perl5/5.36.1/unicore/lib/In/3_2.pl
./usr/lib/perl5/5.36.1/unicore/lib/In/4_0.pl
./usr/lib/perl5/5.36.1/unicore/lib/In/4_1.pl
./usr/lib/perl5/5.36.1/unicore/lib/In/5_0.pl
./usr/lib/perl5/5.36.1/unicore/lib/In/5_1.pl
./usr/lib/perl5/5.36.1/unicore/lib/In/5_2.pl
./usr/lib/perl5/5.36.1/unicore/lib/In/6_0.pl
./usr/lib/perl5/5.36.1/unicore/lib/In/6_1.pl
./usr/lib/perl5/5.36.1/unicore/lib/In/6_2.pl
./usr/lib/perl5/5.36.1/unicore/lib/In/6_3.pl
./usr/lib/perl5/5.36.1/unicore/lib/In/7_0.pl
./usr/lib/perl5/5.36.1/unicore/lib/In/8_0.pl
./usr/lib/perl5/5.36.1/unicore/lib/In/9_0.pl
./usr/lib/perl5/5.36.1/unicore/lib/InPC/Bottom.pl
./usr/lib/perl5/5.36.1/unicore/lib/InPC/BottomAn.pl
./usr/lib/perl5/5.36.1/unicore/lib/InPC/Left.pl
./usr/lib/perl5/5.36.1/unicore/lib/InPC/LeftAndR.pl
./usr/lib/perl5/5.36.1/unicore/lib/InPC/NA.pl
./usr/lib/perl5/5.36.1/unicore/lib/InPC/Overstru.pl
./usr/lib/perl5/5.36.1/unicore/lib/InPC/Right.pl
./usr/lib/perl5/5.36.1/unicore/lib/InPC/Top.pl
./usr/lib/perl5/5.36.1/unicore/lib/InPC/TopAndBo.pl
./usr/lib/perl5/5.36.1/unicore/lib/InPC/TopAndL2.pl
./usr/lib/perl5/5.36.1/unicore/lib/InPC/TopAndLe.pl
./usr/lib/perl5/5.36.1/unicore/lib/InPC/TopAndRi.pl
./usr/lib/perl5/5.36.1/unicore/lib/InPC/VisualOr.pl
./usr/lib/perl5/5.36.1/unicore/lib/InSC/Avagraha.pl
./usr/lib/perl5/5.36.1/unicore/lib/InSC/Bindu.pl
./usr/lib/perl5/5.36.1/unicore/lib/InSC/Cantilla.pl
./usr/lib/perl5/5.36.1/unicore/lib/InSC/Consona2.pl
./usr/lib/perl5/5.36.1/unicore/lib/InSC/Consona3.pl
./usr/lib/perl5/5.36.1/unicore/lib/InSC/Consona4.pl
./usr/lib/perl5/5.36.1/unicore/lib/InSC/Consona5.pl
./usr/lib/perl5/5.36.1/unicore/lib/InSC/Consona6.pl
./usr/lib/perl5/5.36.1/unicore/lib/InSC/Consona7.pl
./usr/lib/perl5/5.36.1/unicore/lib/InSC/Consona8.pl
./usr/lib/perl5/5.36.1/unicore/lib/InSC/Consonan.pl
./usr/lib/perl5/5.36.1/unicore/lib/InSC/Invisibl.pl
./usr/lib/perl5/5.36.1/unicore/lib/InSC/Nukta.pl
./usr/lib/perl5/5.36.1/unicore/lib/InSC/Number.pl
./usr/lib/perl5/5.36.1/unicore/lib/InSC/Other.pl
./usr/lib/perl5/5.36.1/unicore/lib/InSC/PureKill.pl
./usr/lib/perl5/5.36.1/unicore/lib/InSC/Syllable.pl
./usr/lib/perl5/5.36.1/unicore/lib/InSC/ToneMark.pl
./usr/lib/perl5/5.36.1/unicore/lib/InSC/Virama.pl
./usr/lib/perl5/5.36.1/unicore/lib/InSC/Visarga.pl
./usr/lib/perl5/5.36.1/unicore/lib/InSC/Vowel.pl
./usr/lib/perl5/5.36.1/unicore/lib/InSC/VowelDep.pl
./usr/lib/perl5/5.36.1/unicore/lib/InSC/VowelInd.pl
./usr/lib/perl5/5.36.1/unicore/lib/Jg/Ain.pl
./usr/lib/perl5/5.36.1/unicore/lib/Jg/Alef.pl
./usr/lib/perl5/5.36.1/unicore/lib/Jg/Beh.pl
./usr/lib/perl5/5.36.1/unicore/lib/Jg/Dal.pl
./usr/lib/perl5/5.36.1/unicore/lib/Jg/FarsiYeh.pl
./usr/lib/perl5/5.36.1/unicore/lib/Jg/Feh.pl
./usr/lib/perl5/5.36.1/unicore/lib/Jg/Gaf.pl
./usr/lib/perl5/5.36.1/unicore/lib/Jg/Hah.pl
./usr/lib/perl5/5.36.1/unicore/lib/Jg/HanifiRo.pl
./usr/lib/perl5/5.36.1/unicore/lib/Jg/Kaf.pl
./usr/lib/perl5/5.36.1/unicore/lib/Jg/Lam.pl
./usr/lib/perl5/5.36.1/unicore/lib/Jg/NoJoinin.pl
./usr/lib/perl5/5.36.1/unicore/lib/Jg/Noon.pl
./usr/lib/perl5/5.36.1/unicore/lib/Jg/Qaf.pl
./usr/lib/perl5/5.36.1/unicore/lib/Jg/Reh.pl
./usr/lib/perl5/5.36.1/unicore/lib/Jg/Sad.pl
./usr/lib/perl5/5.36.1/unicore/lib/Jg/Seen.pl
./usr/lib/perl5/5.36.1/unicore/lib/Jg/Tah.pl
./usr/lib/perl5/5.36.1/unicore/lib/Jg/Waw.pl
./usr/lib/perl5/5.36.1/unicore/lib/Jg/Yeh.pl
./usr/lib/perl5/5.36.1/unicore/lib/Jt/C.pl
./usr/lib/perl5/5.36.1/unicore/lib/Jt/D.pl
./usr/lib/perl5/5.36.1/unicore/lib/Jt/L.pl
./usr/lib/perl5/5.36.1/unicore/lib/Jt/R.pl
./usr/lib/perl5/5.36.1/unicore/lib/Jt/T.pl
./usr/lib/perl5/5.36.1/unicore/lib/Jt/U.pl
./usr/lib/perl5/5.36.1/unicore/lib/Lb/AI.pl
./usr/lib/perl5/5.36.1/unicore/lib/Lb/AL.pl
./usr/lib/perl5/5.36.1/unicore/lib/Lb/BA.pl
./usr/lib/perl5/5.36.1/unicore/lib/Lb/BB.pl
./usr/lib/perl5/5.36.1/unicore/lib/Lb/CJ.pl
./usr/lib/perl5/5.36.1/unicore/lib/Lb/CL.pl
./usr/lib/perl5/5.36.1/unicore/lib/Lb/CM.pl
./usr/lib/perl5/5.36.1/unicore/lib/Lb/EX.pl
./usr/lib/perl5/5.36.1/unicore/lib/Lb/GL.pl
./usr/lib/perl5/5.36.1/unicore/lib/Lb/ID.pl
./usr/lib/perl5/5.36.1/unicore/lib/Lb/IN.pl
./usr/lib/perl5/5.36.1/unicore/lib/Lb/IS.pl
./usr/lib/perl5/5.36.1/unicore/lib/Lb/NS.pl
./usr/lib/perl5/5.36.1/unicore/lib/Lb/NU.pl
./usr/lib/perl5/5.36.1/unicore/lib/Lb/OP.pl
./usr/lib/perl5/5.36.1/unicore/lib/Lb/PO.pl
./usr/lib/perl5/5.36.1/unicore/lib/Lb/PR.pl
./usr/lib/perl5/5.36.1/unicore/lib/Lb/QU.pl
./usr/lib/perl5/5.36.1/unicore/lib/Lb/SA.pl
./usr/lib/perl5/5.36.1/unicore/lib/Lb/XX.pl
./usr/lib/perl5/5.36.1/unicore/lib/Lower/Y.pl
./usr/lib/perl5/5.36.1/unicore/lib/Math/Y.pl
./usr/lib/perl5/5.36.1/unicore/lib/NFCQC/M.pl
./usr/lib/perl5/5.36.1/unicore/lib/NFCQC/Y.pl
./usr/lib/perl5/5.36.1/unicore/lib/NFDQC/N.pl
./usr/lib/perl5/5.36.1/unicore/lib/NFDQC/Y.pl
./usr/lib/perl5/5.36.1/unicore/lib/NFKCQC/N.pl
./usr/lib/perl5/5.36.1/unicore/lib/NFKCQC/Y.pl
./usr/lib/perl5/5.36.1/unicore/lib/NFKDQC/N.pl
./usr/lib/perl5/5.36.1/unicore/lib/NFKDQC/Y.pl
./usr/lib/perl5/5.36.1/unicore/lib/Nt/Di.pl
./usr/lib/perl5/5.36.1/unicore/lib/Nt/None.pl
./usr/lib/perl5/5.36.1/unicore/lib/Nt/Nu.pl
./usr/lib/perl5/5.36.1/unicore/lib/Nv/0.pl
./usr/lib/perl5/5.36.1/unicore/lib/Nv/1.pl
./usr/lib/perl5/5.36.1/unicore/lib/Nv/10.pl
./usr/lib/perl5/5.36.1/unicore/lib/Nv/100.pl
./usr/lib/perl5/5.36.1/unicore/lib/Nv/1000.pl
./usr/lib/perl5/5.36.1/unicore/lib/Nv/10000.pl
./usr/lib/perl5/5.36.1/unicore/lib/Nv/100000.pl
./usr/lib/perl5/5.36.1/unicore/lib/Nv/11.pl
./usr/lib/perl5/5.36.1/unicore/lib/Nv/12.pl
./usr/lib/perl5/5.36.1/unicore/lib/Nv/13.pl
./usr/lib/perl5/5.36.1/unicore/lib/Nv/14.pl
./usr/lib/perl5/5.36.1/unicore/lib/Nv/15.pl
./usr/lib/perl5/5.36.1/unicore/lib/Nv/16.pl
./usr/lib/perl5/5.36.1/unicore/lib/Nv/17.pl
./usr/lib/perl5/5.36.1/unicore/lib/Nv/18.pl
./usr/lib/perl5/5.36.1/unicore/lib/Nv/19.pl
./usr/lib/perl5/5.36.1/unicore/lib/Nv/1_16.pl
./usr/lib/perl5/5.36.1/unicore/lib/Nv/1_2.pl
./usr/lib/perl5/5.36.1/unicore/lib/Nv/1_3.pl
./usr/lib/perl5/5.36.1/unicore/lib/Nv/1_4.pl
./usr/lib/perl5/5.36.1/unicore/lib/Nv/1_6.pl
./usr/lib/perl5/5.36.1/unicore/lib/Nv/1_8.pl
./usr/lib/perl5/5.36.1/unicore/lib/Nv/2.pl
./usr/lib/perl5/5.36.1/unicore/lib/Nv/20.pl
./usr/lib/perl5/5.36.1/unicore/lib/Nv/200.pl
./usr/lib/perl5/5.36.1/unicore/lib/Nv/2000.pl
./usr/lib/perl5/5.36.1/unicore/lib/Nv/20000.pl
./usr/lib/perl5/5.36.1/unicore/lib/Nv/2_3.pl
./usr/lib/perl5/5.36.1/unicore/lib/Nv/3.pl
./usr/lib/perl5/5.36.1/unicore/lib/Nv/30.pl
./usr/lib/perl5/5.36.1/unicore/lib/Nv/300.pl
./usr/lib/perl5/5.36.1/unicore/lib/Nv/3000.pl
./usr/lib/perl5/5.36.1/unicore/lib/Nv/30000.pl
./usr/lib/perl5/5.36.1/unicore/lib/Nv/3_16.pl
./usr/lib/perl5/5.36.1/unicore/lib/Nv/3_4.pl
./usr/lib/perl5/5.36.1/unicore/lib/Nv/4.pl
./usr/lib/perl5/5.36.1/unicore/lib/Nv/40.pl
./usr/lib/perl5/5.36.1/unicore/lib/Nv/400.pl
./usr/lib/perl5/5.36.1/unicore/lib/Nv/4000.pl
./usr/lib/perl5/5.36.1/unicore/lib/Nv/40000.pl
./usr/lib/perl5/5.36.1/unicore/lib/Nv/5.pl
./usr/lib/perl5/5.36.1/unicore/lib/Nv/50.pl
./usr/lib/perl5/5.36.1/unicore/lib/Nv/500.pl
./usr/lib/perl5/5.36.1/unicore/lib/Nv/5000.pl
./usr/lib/perl5/5.36.1/unicore/lib/Nv/50000.pl
./usr/lib/perl5/5.36.1/unicore/lib/Nv/6.pl
./usr/lib/perl5/5.36.1/unicore/lib/Nv/60.pl
./usr/lib/perl5/5.36.1/unicore/lib/Nv/600.pl
./usr/lib/perl5/5.36.1/unicore/lib/Nv/6000.pl
./usr/lib/perl5/5.36.1/unicore/lib/Nv/60000.pl
./usr/lib/perl5/5.36.1/unicore/lib/Nv/7.pl
./usr/lib/perl5/5.36.1/unicore/lib/Nv/70.pl
./usr/lib/perl5/5.36.1/unicore/lib/Nv/700.pl
./usr/lib/perl5/5.36.1/unicore/lib/Nv/7000.pl
./usr/lib/perl5/5.36.1/unicore/lib/Nv/70000.pl
./usr/lib/perl5/5.36.1/unicore/lib/Nv/8.pl
./usr/lib/perl5/5.36.1/unicore/lib/Nv/80.pl
./usr/lib/perl5/5.36.1/unicore/lib/Nv/800.pl
./usr/lib/perl5/5.36.1/unicore/lib/Nv/8000.pl
./usr/lib/perl5/5.36.1/unicore/lib/Nv/80000.pl
./usr/lib/perl5/5.36.1/unicore/lib/Nv/9.pl
./usr/lib/perl5/5.36.1/unicore/lib/Nv/90.pl
./usr/lib/perl5/5.36.1/unicore/lib/Nv/900.pl
./usr/lib/perl5/5.36.1/unicore/lib/Nv/9000.pl
./usr/lib/perl5/5.36.1/unicore/lib/Nv/90000.pl
./usr/lib/perl5/5.36.1/unicore/lib/PCM/Y.pl
./usr/lib/perl5/5.36.1/unicore/lib/PatSyn/Y.pl
./usr/lib/perl5/5.36.1/unicore/lib/Perl/Alnum.pl
./usr/lib/perl5/5.36.1/unicore/lib/Perl/Assigned.pl
./usr/lib/perl5/5.36.1/unicore/lib/Perl/Blank.pl
./usr/lib/perl5/5.36.1/unicore/lib/Perl/Graph.pl
./usr/lib/perl5/5.36.1/unicore/lib/Perl/PerlWord.pl
./usr/lib/perl5/5.36.1/unicore/lib/Perl/PosixPun.pl
./usr/lib/perl5/5.36.1/unicore/lib/Perl/Print.pl
./usr/lib/perl5/5.36.1/unicore/lib/Perl/SpacePer.pl
./usr/lib/perl5/5.36.1/unicore/lib/Perl/Title.pl
./usr/lib/perl5/5.36.1/unicore/lib/Perl/Word.pl
./usr/lib/perl5/5.36.1/unicore/lib/Perl/XPosixPu.pl
./usr/lib/perl5/5.36.1/unicore/lib/Perl/_PerlAny.pl
./usr/lib/perl5/5.36.1/unicore/lib/Perl/_PerlCh2.pl
./usr/lib/perl5/5.36.1/unicore/lib/Perl/_PerlCha.pl
./usr/lib/perl5/5.36.1/unicore/lib/Perl/_PerlFol.pl
./usr/lib/perl5/5.36.1/unicore/lib/Perl/_PerlIDC.pl
./usr/lib/perl5/5.36.1/unicore/lib/Perl/_PerlIDS.pl
./usr/lib/perl5/5.36.1/unicore/lib/Perl/_PerlIsI.pl
./usr/lib/perl5/5.36.1/unicore/lib/Perl/_PerlNch.pl
./usr/lib/perl5/5.36.1/unicore/lib/Perl/_PerlPat.pl
./usr/lib/perl5/5.36.1/unicore/lib/Perl/_PerlPr2.pl
./usr/lib/perl5/5.36.1/unicore/lib/Perl/_PerlPro.pl
./usr/lib/perl5/5.36.1/unicore/lib/Perl/_PerlQuo.pl
./usr/lib/perl5/5.36.1/unicore/lib/QMark/Y.pl
./usr/lib/perl5/5.36.1/unicore/lib/SB/AT.pl
./usr/lib/perl5/5.36.1/unicore/lib/SB/CL.pl
./usr/lib/perl5/5.36.1/unicore/lib/SB/EX.pl
./usr/lib/perl5/5.36.1/unicore/lib/SB/FO.pl
./usr/lib/perl5/5.36.1/unicore/lib/SB/LE.pl
./usr/lib/perl5/5.36.1/unicore/lib/SB/LO.pl
./usr/lib/perl5/5.36.1/unicore/lib/SB/NU.pl
./usr/lib/perl5/5.36.1/unicore/lib/SB/SC.pl
./usr/lib/perl5/5.36.1/unicore/lib/SB/ST.pl
./usr/lib/perl5/5.36.1/unicore/lib/SB/Sp.pl
./usr/lib/perl5/5.36.1/unicore/lib/SB/UP.pl
./usr/lib/perl5/5.36.1/unicore/lib/SB/XX.pl
./usr/lib/perl5/5.36.1/unicore/lib/SD/Y.pl
./usr/lib/perl5/5.36.1/unicore/lib/STerm/Y.pl
./usr/lib/perl5/5.36.1/unicore/lib/Sc/Arab.pl
./usr/lib/perl5/5.36.1/unicore/lib/Sc/Beng.pl
./usr/lib/perl5/5.36.1/unicore/lib/Sc/Cprt.pl
./usr/lib/perl5/5.36.1/unicore/lib/Sc/Cyrl.pl
./usr/lib/perl5/5.36.1/unicore/lib/Sc/Deva.pl
./usr/lib/perl5/5.36.1/unicore/lib/Sc/Dupl.pl
./usr/lib/perl5/5.36.1/unicore/lib/Sc/Geor.pl
./usr/lib/perl5/5.36.1/unicore/lib/Sc/Glag.pl
./usr/lib/perl5/5.36.1/unicore/lib/Sc/Gong.pl
./usr/lib/perl5/5.36.1/unicore/lib/Sc/Gonm.pl
./usr/lib/perl5/5.36.1/unicore/lib/Sc/Gran.pl
./usr/lib/perl5/5.36.1/unicore/lib/Sc/Grek.pl
./usr/lib/perl5/5.36.1/unicore/lib/Sc/Gujr.pl
./usr/lib/perl5/5.36.1/unicore/lib/Sc/Guru.pl
./usr/lib/perl5/5.36.1/unicore/lib/Sc/Han.pl
./usr/lib/perl5/5.36.1/unicore/lib/Sc/Hang.pl
./usr/lib/perl5/5.36.1/unicore/lib/Sc/Hira.pl
./usr/lib/perl5/5.36.1/unicore/lib/Sc/Kana.pl
./usr/lib/perl5/5.36.1/unicore/lib/Sc/Knda.pl
./usr/lib/perl5/5.36.1/unicore/lib/Sc/Latn.pl
./usr/lib/perl5/5.36.1/unicore/lib/Sc/Limb.pl
./usr/lib/perl5/5.36.1/unicore/lib/Sc/Linb.pl
./usr/lib/perl5/5.36.1/unicore/lib/Sc/Mlym.pl
./usr/lib/perl5/5.36.1/unicore/lib/Sc/Mong.pl
./usr/lib/perl5/5.36.1/unicore/lib/Sc/Mult.pl
./usr/lib/perl5/5.36.1/unicore/lib/Sc/Orya.pl
./usr/lib/perl5/5.36.1/unicore/lib/Sc/Sinh.pl
./usr/lib/perl5/5.36.1/unicore/lib/Sc/Syrc.pl
./usr/lib/perl5/5.36.1/unicore/lib/Sc/Taml.pl
./usr/lib/perl5/5.36.1/unicore/lib/Sc/Telu.pl
./usr/lib/perl5/5.36.1/unicore/lib/Sc/Zinh.pl
./usr/lib/perl5/5.36.1/unicore/lib/Sc/Zyyy.pl
./usr/lib/perl5/5.36.1/unicore/lib/Scx/Adlm.pl
./usr/lib/perl5/5.36.1/unicore/lib/Scx/Arab.pl
./usr/lib/perl5/5.36.1/unicore/lib/Scx/Armn.pl
./usr/lib/perl5/5.36.1/unicore/lib/Scx/Beng.pl
./usr/lib/perl5/5.36.1/unicore/lib/Scx/Bhks.pl
./usr/lib/perl5/5.36.1/unicore/lib/Scx/Bopo.pl
./usr/lib/perl5/5.36.1/unicore/lib/Scx/Cakm.pl
./usr/lib/perl5/5.36.1/unicore/lib/Scx/Cham.pl
./usr/lib/perl5/5.36.1/unicore/lib/Scx/Copt.pl
./usr/lib/perl5/5.36.1/unicore/lib/Scx/Cprt.pl
./usr/lib/perl5/5.36.1/unicore/lib/Scx/Cyrl.pl
./usr/lib/perl5/5.36.1/unicore/lib/Scx/Deva.pl
./usr/lib/perl5/5.36.1/unicore/lib/Scx/Diak.pl
./usr/lib/perl5/5.36.1/unicore/lib/Scx/Dupl.pl
./usr/lib/perl5/5.36.1/unicore/lib/Scx/Ethi.pl
./usr/lib/perl5/5.36.1/unicore/lib/Scx/Geor.pl
./usr/lib/perl5/5.36.1/unicore/lib/Scx/Glag.pl
./usr/lib/perl5/5.36.1/unicore/lib/Scx/Gong.pl
./usr/lib/perl5/5.36.1/unicore/lib/Scx/Gonm.pl
./usr/lib/perl5/5.36.1/unicore/lib/Scx/Gran.pl
./usr/lib/perl5/5.36.1/unicore/lib/Scx/Grek.pl
./usr/lib/perl5/5.36.1/unicore/lib/Scx/Gujr.pl
./usr/lib/perl5/5.36.1/unicore/lib/Scx/Guru.pl
./usr/lib/perl5/5.36.1/unicore/lib/Scx/Han.pl
./usr/lib/perl5/5.36.1/unicore/lib/Scx/Hang.pl
./usr/lib/perl5/5.36.1/unicore/lib/Scx/Hebr.pl
./usr/lib/perl5/5.36.1/unicore/lib/Scx/Hira.pl
./usr/lib/perl5/5.36.1/unicore/lib/Scx/Hmng.pl
./usr/lib/perl5/5.36.1/unicore/lib/Scx/Hmnp.pl
./usr/lib/perl5/5.36.1/unicore/lib/Scx/Kana.pl
./usr/lib/perl5/5.36.1/unicore/lib/Scx/Khar.pl
./usr/lib/perl5/5.36.1/unicore/lib/Scx/Khmr.pl
./usr/lib/perl5/5.36.1/unicore/lib/Scx/Khoj.pl
./usr/lib/perl5/5.36.1/unicore/lib/Scx/Knda.pl
./usr/lib/perl5/5.36.1/unicore/lib/Scx/Kthi.pl
./usr/lib/perl5/5.36.1/unicore/lib/Scx/Lana.pl
./usr/lib/perl5/5.36.1/unicore/lib/Scx/Lao.pl
./usr/lib/perl5/5.36.1/unicore/lib/Scx/Latn.pl
./usr/lib/perl5/5.36.1/unicore/lib/Scx/Limb.pl
./usr/lib/perl5/5.36.1/unicore/lib/Scx/Lina.pl
./usr/lib/perl5/5.36.1/unicore/lib/Scx/Linb.pl
./usr/lib/perl5/5.36.1/unicore/lib/Scx/Mlym.pl
./usr/lib/perl5/5.36.1/unicore/lib/Scx/Mong.pl
./usr/lib/perl5/5.36.1/unicore/lib/Scx/Mult.pl
./usr/lib/perl5/5.36.1/unicore/lib/Scx/Mymr.pl
./usr/lib/perl5/5.36.1/unicore/lib/Scx/Nand.pl
./usr/lib/perl5/5.36.1/unicore/lib/Scx/Nko.pl
./usr/lib/perl5/5.36.1/unicore/lib/Scx/Orya.pl
./usr/lib/perl5/5.36.1/unicore/lib/Scx/Phlp.pl
./usr/lib/perl5/5.36.1/unicore/lib/Scx/Rohg.pl
./usr/lib/perl5/5.36.1/unicore/lib/Scx/Shrd.pl
./usr/lib/perl5/5.36.1/unicore/lib/Scx/Sind.pl
./usr/lib/perl5/5.36.1/unicore/lib/Scx/Sinh.pl
./usr/lib/perl5/5.36.1/unicore/lib/Scx/Syrc.pl
./usr/lib/perl5/5.36.1/unicore/lib/Scx/Tagb.pl
./usr/lib/perl5/5.36.1/unicore/lib/Scx/Takr.pl
./usr/lib/perl5/5.36.1/unicore/lib/Scx/Talu.pl
./usr/lib/perl5/5.36.1/unicore/lib/Scx/Taml.pl
./usr/lib/perl5/5.36.1/unicore/lib/Scx/Tang.pl
./usr/lib/perl5/5.36.1/unicore/lib/Scx/Telu.pl
./usr/lib/perl5/5.36.1/unicore/lib/Scx/Thaa.pl
./usr/lib/perl5/5.36.1/unicore/lib/Scx/Tibt.pl
./usr/lib/perl5/5.36.1/unicore/lib/Scx/Tirh.pl
./usr/lib/perl5/5.36.1/unicore/lib/Scx/Vith.pl
./usr/lib/perl5/5.36.1/unicore/lib/Scx/Xsux.pl
./usr/lib/perl5/5.36.1/unicore/lib/Scx/Yezi.pl
./usr/lib/perl5/5.36.1/unicore/lib/Scx/Yi.pl
./usr/lib/perl5/5.36.1/unicore/lib/Scx/Zinh.pl
./usr/lib/perl5/5.36.1/unicore/lib/Scx/Zyyy.pl
./usr/lib/perl5/5.36.1/unicore/lib/Scx/Zzzz.pl
./usr/lib/perl5/5.36.1/unicore/lib/Term/Y.pl
./usr/lib/perl5/5.36.1/unicore/lib/UIdeo/Y.pl
./usr/lib/perl5/5.36.1/unicore/lib/Upper/Y.pl
./usr/lib/perl5/5.36.1/unicore/lib/VS/Y.pl
./usr/lib/perl5/5.36.1/unicore/lib/Vo/R.pl
./usr/lib/perl5/5.36.1/unicore/lib/Vo/Tr.pl
./usr/lib/perl5/5.36.1/unicore/lib/Vo/Tu.pl
./usr/lib/perl5/5.36.1/unicore/lib/Vo/U.pl
./usr/lib/perl5/5.36.1/unicore/lib/WB/EX.pl
./usr/lib/perl5/5.36.1/unicore/lib/WB/Extend.pl
./usr/lib/perl5/5.36.1/unicore/lib/WB/FO.pl
./usr/lib/perl5/5.36.1/unicore/lib/WB/HL.pl
./usr/lib/perl5/5.36.1/unicore/lib/WB/KA.pl
./usr/lib/perl5/5.36.1/unicore/lib/WB/LE.pl
./usr/lib/perl5/5.36.1/unicore/lib/WB/MB.pl
./usr/lib/perl5/5.36.1/unicore/lib/WB/ML.pl
./usr/lib/perl5/5.36.1/unicore/lib/WB/MN.pl
./usr/lib/perl5/5.36.1/unicore/lib/WB/NU.pl
./usr/lib/perl5/5.36.1/unicore/lib/WB/WSegSpac.pl
./usr/lib/perl5/5.36.1/unicore/lib/WB/XX.pl
./usr/lib/perl5/5.36.1/unicore/lib/XIDC/Y.pl
./usr/lib/perl5/5.36.1/unicore/lib/XIDS/Y.pl
./usr/lib/perl5/5.36.1/unicore/uni_keywords.pl
./usr/lib/perl5/5.36.1/unicore/version
./usr/lib/perl5/5.36.1/utf8.pm
./usr/lib/perl5/5.36.1/vars.pm
./usr/lib/perl5/5.36.1/version.pm
./usr/lib/perl5/5.36.1/version.pod
./usr/lib/perl5/5.36.1/version/Internals.pod
./usr/lib/perl5/5.36.1/version/regex.pm
./usr/lib/perl5/5.36.1/vmsish.pm
./usr/lib/perl5/5.36.1/warnings.pm
./usr/lib/perl5/5.36.1/warnings/register.pm
./usr/lib/perl5/site_perl/5.36.1/Date/Format.pm
./usr/lib/perl5/site_perl/5.36.1/Date/Language.pm
./usr/lib/perl5/site_perl/5.36.1/Date/Language/Afar.pm
./usr/lib/perl5/site_perl/5.36.1/Date/Language/Amharic.pm
./usr/lib/perl5/site_perl/5.36.1/Date/Language/Austrian.pm
./usr/lib/perl5/site_perl/5.36.1/Date/Language/Brazilian.pm
./usr/lib/perl5/site_perl/5.36.1/Date/Language/Bulgarian.pm
./usr/lib/perl5/site_perl/5.36.1/Date/Language/Chinese.pm
./usr/lib/perl5/site_perl/5.36.1/Date/Language/Chinese_GB.pm
./usr/lib/perl5/site_perl/5.36.1/Date/Language/Czech.pm
./usr/lib/perl5/site_perl/5.36.1/Date/Language/Danish.pm
./usr/lib/perl5/site_perl/5.36.1/Date/Language/Dutch.pm
./usr/lib/perl5/site_perl/5.36.1/Date/Language/English.pm
./usr/lib/perl5/site_perl/5.36.1/Date/Language/Finnish.pm
./usr/lib/perl5/site_perl/5.36.1/Date/Language/French.pm
./usr/lib/perl5/site_perl/5.36.1/Date/Language/Gedeo.pm
./usr/lib/perl5/site_perl/5.36.1/Date/Language/German.pm
./usr/lib/perl5/site_perl/5.36.1/Date/Language/Greek.pm
./usr/lib/perl5/site_perl/5.36.1/Date/Language/Hungarian.pm
./usr/lib/perl5/site_perl/5.36.1/Date/Language/Icelandic.pm
./usr/lib/perl5/site_perl/5.36.1/Date/Language/Italian.pm
./usr/lib/perl5/site_perl/5.36.1/Date/Language/Norwegian.pm
./usr/lib/perl5/site_perl/5.36.1/Date/Language/Occitan.pm
./usr/lib/perl5/site_perl/5.36.1/Date/Language/Oromo.pm
./usr/lib/perl5/site_perl/5.36.1/Date/Language/Romanian.pm
./usr/lib/perl5/site_perl/5.36.1/Date/Language/Russian.pm
./usr/lib/perl5/site_perl/5.36.1/Date/Language/Russian_cp1251.pm
./usr/lib/perl5/site_perl/5.36.1/Date/Language/Russian_koi8r.pm
./usr/lib/perl5/site_perl/5.36.1/Date/Language/Sidama.pm
./usr/lib/perl5/site_perl/5.36.1/Date/Language/Somali.pm
./usr/lib/perl5/site_perl/5.36.1/Date/Language/Spanish.pm
./usr/lib/perl5/site_perl/5.36.1/Date/Language/Swedish.pm
./usr/lib/perl5/site_perl/5.36.1/Date/Language/Tigrinya.pm
./usr/lib/perl5/site_perl/5.36.1/Date/Language/TigrinyaEritrean.pm
./usr/lib/perl5/site_perl/5.36.1/Date/Language/TigrinyaEthiopian.pm
./usr/lib/perl5/site_perl/5.36.1/Date/Language/Turkish.pm
./usr/lib/perl5/site_perl/5.36.1/Date/Parse.pm
./usr/lib/perl5/site_perl/5.36.1/DateTime/Tiny.pm
./usr/lib/perl5/site_perl/5.36.1/Digest/HMAC.pm
./usr/lib/perl5/site_perl/5.36.1/Digest/HMAC_MD5.pm
./usr/lib/perl5/site_perl/5.36.1/Digest/HMAC_SHA1.pm
./usr/lib/perl5/site_perl/5.36.1/Encode/Locale.pm
./usr/lib/perl5/site_perl/5.36.1/File/Listing.pm
./usr/lib/perl5/site_perl/5.36.1/File/Util.pm
./usr/lib/perl5/site_perl/5.36.1/File/Util/Cookbook.pod
./usr/lib/perl5/site_perl/5.36.1/File/Util/Definitions.pm
./usr/lib/perl5/site_perl/5.36.1/File/Util/Exception.pm
./usr/lib/perl5/site_perl/5.36.1/File/Util/Exception/Diagnostic.pm
./usr/lib/perl5/site_perl/5.36.1/File/Util/Exception/Standard.pm
./usr/lib/perl5/site_perl/5.36.1/File/Util/Interface/Classic.pm
./usr/lib/perl5/site_perl/5.36.1/File/Util/Interface/Modern.pm
./usr/lib/perl5/site_perl/5.36.1/File/Util/Manual.pod
./usr/lib/perl5/site_perl/5.36.1/File/Util/Manual/Examples.pod
./usr/lib/perl5/site_perl/5.36.1/GD/Graph.pm
./usr/lib/perl5/site_perl/5.36.1/GD/Graph/Data.pm
./usr/lib/perl5/site_perl/5.36.1/GD/Graph/Error.pm
./usr/lib/perl5/site_perl/5.36.1/GD/Graph/FAQ.pod
./usr/lib/perl5/site_perl/5.36.1/GD/Graph/area.pm
./usr/lib/perl5/site_perl/5.36.1/GD/Graph/axestype.pm
./usr/lib/perl5/site_perl/5.36.1/GD/Graph/bars.pm
./usr/lib/perl5/site_perl/5.36.1/GD/Graph/colour.pm
./usr/lib/perl5/site_perl/5.36.1/GD/Graph/hbars.pm
./usr/lib/perl5/site_perl/5.36.1/GD/Graph/lines.pm
./usr/lib/perl5/site_perl/5.36.1/GD/Graph/linespoints.pm
./usr/lib/perl5/site_perl/5.36.1/GD/Graph/mixed.pm
./usr/lib/perl5/site_perl/5.36.1/GD/Graph/pie.pm
./usr/lib/perl5/site_perl/5.36.1/GD/Graph/points.pm
./usr/lib/perl5/site_perl/5.36.1/GD/Graph/utils.pm
./usr/lib/perl5/site_perl/5.36.1/GD/Text.pm
./usr/lib/perl5/site_perl/5.36.1/GD/Text/Align.pm
./usr/lib/perl5/site_perl/5.36.1/GD/Text/Wrap.pm
./usr/lib/perl5/site_perl/5.36.1/HTML/Tagset.pm
./usr/lib/perl5/site_perl/5.36.1/HTTP/Config.pm
./usr/lib/perl5/site_perl/5.36.1/HTTP/Cookies.pm
./usr/lib/perl5/site_perl/5.36.1/HTTP/Cookies/Microsoft.pm
./usr/lib/perl5/site_perl/5.36.1/HTTP/Cookies/Netscape.pm
./usr/lib/perl5/site_perl/5.36.1/HTTP/Daemon.pm
./usr/lib/perl5/site_perl/5.36.1/HTTP/Date.pm
./usr/lib/perl5/site_perl/5.36.1/HTTP/Headers.pm
./usr/lib/perl5/site_perl/5.36.1/HTTP/Headers/Auth.pm
./usr/lib/perl5/site_perl/5.36.1/HTTP/Headers/ETag.pm
./usr/lib/perl5/site_perl/5.36.1/HTTP/Headers/Util.pm
./usr/lib/perl5/site_perl/5.36.1/HTTP/Message.pm
./usr/lib/perl5/site_perl/5.36.1/HTTP/Negotiate.pm
./usr/lib/perl5/site_perl/5.36.1/HTTP/Request.pm
./usr/lib/perl5/site_perl/5.36.1/HTTP/Request/Common.pm
./usr/lib/perl5/site_perl/5.36.1/HTTP/Response.pm
./usr/lib/perl5/site_perl/5.36.1/HTTP/Status.pm
./usr/lib/perl5/site_perl/5.36.1/IO/HTML.pm
./usr/lib/perl5/site_perl/5.36.1/IO/Socket/SSL.pm
./usr/lib/perl5/site_perl/5.36.1/IO/Socket/SSL.pod
./usr/lib/perl5/site_perl/5.36.1/IO/Socket/SSL/Intercept.pm
./usr/lib/perl5/site_perl/5.36.1/IO/Socket/SSL/PublicSuffix.pm
./usr/lib/perl5/site_perl/5.36.1/IO/Socket/SSL/Utils.pm
./usr/lib/perl5/site_perl/5.36.1/JSON/Tiny.pm
./usr/lib/perl5/site_perl/5.36.1/JSON/Tiny.pod
./usr/lib/perl5/site_perl/5.36.1/LWP.pm
./usr/lib/perl5/site_perl/5.36.1/LWP/Authen/Basic.pm
./usr/lib/perl5/site_perl/5.36.1/LWP/Authen/Digest.pm
./usr/lib/perl5/site_perl/5.36.1/LWP/Authen/Ntlm.pm
./usr/lib/perl5/site_perl/5.36.1/LWP/ConnCache.pm
./usr/lib/perl5/site_perl/5.36.1/LWP/Debug.pm
./usr/lib/perl5/site_perl/5.36.1/LWP/Debug/TraceHTTP.pm
./usr/lib/perl5/site_perl/5.36.1/LWP/DebugFile.pm
./usr/lib/perl5/site_perl/5.36.1/LWP/MediaTypes.pm
./usr/lib/perl5/site_perl/5.36.1/LWP/MemberMixin.pm
./usr/lib/perl5/site_perl/5.36.1/LWP/Protocol.pm
./usr/lib/perl5/site_perl/5.36.1/LWP/Protocol/cpan.pm
./usr/lib/perl5/site_perl/5.36.1/LWP/Protocol/data.pm
./usr/lib/perl5/site_perl/5.36.1/LWP/Protocol/file.pm
./usr/lib/perl5/site_perl/5.36.1/LWP/Protocol/ftp.pm
./usr/lib/perl5/site_perl/5.36.1/LWP/Protocol/gopher.pm
./usr/lib/perl5/site_perl/5.36.1/LWP/Protocol/http.pm
./usr/lib/perl5/site_perl/5.36.1/LWP/Protocol/loopback.pm
./usr/lib/perl5/site_perl/5.36.1/LWP/Protocol/mailto.pm
./usr/lib/perl5/site_perl/5.36.1/LWP/Protocol/nntp.pm
./usr/lib/perl5/site_perl/5.36.1/LWP/Protocol/nogo.pm
./usr/lib/perl5/site_perl/5.36.1/LWP/RobotUA.pm
./usr/lib/perl5/site_perl/5.36.1/LWP/Simple.pm
./usr/lib/perl5/site_perl/5.36.1/LWP/UserAgent.pm
./usr/lib/perl5/site_perl/5.36.1/LWP/media.types
./usr/lib/perl5/site_perl/5.36.1/Mail/Address.pm
./usr/lib/perl5/site_perl/5.36.1/Mail/Address.pod
./usr/lib/perl5/site_perl/5.36.1/Mail/Cap.pm
./usr/lib/perl5/site_perl/5.36.1/Mail/Cap.pod
./usr/lib/perl5/site_perl/5.36.1/Mail/Field.pm
./usr/lib/perl5/site_perl/5.36.1/Mail/Field.pod
./usr/lib/perl5/site_perl/5.36.1/Mail/Field/AddrList.pm
./usr/lib/perl5/site_perl/5.36.1/Mail/Field/AddrList.pod
./usr/lib/perl5/site_perl/5.36.1/Mail/Field/Date.pm
./usr/lib/perl5/site_perl/5.36.1/Mail/Field/Date.pod
./usr/lib/perl5/site_perl/5.36.1/Mail/Field/Generic.pm
./usr/lib/perl5/site_perl/5.36.1/Mail/Field/Generic.pod
./usr/lib/perl5/site_perl/5.36.1/Mail/Filter.pm
./usr/lib/perl5/site_perl/5.36.1/Mail/Filter.pod
./usr/lib/perl5/site_perl/5.36.1/Mail/Header.pm
./usr/lib/perl5/site_perl/5.36.1/Mail/Header.pod
./usr/lib/perl5/site_perl/5.36.1/Mail/Internet.pm
./usr/lib/perl5/site_perl/5.36.1/Mail/Internet.pod
./usr/lib/perl5/site_perl/5.36.1/Mail/Mailer.pm
./usr/lib/perl5/site_perl/5.36.1/Mail/Mailer.pod
./usr/lib/perl5/site_perl/5.36.1/Mail/Mailer/qmail.pm
./usr/lib/perl5/site_perl/5.36.1/Mail/Mailer/rfc822.pm
./usr/lib/perl5/site_perl/5.36.1/Mail/Mailer/sendmail.pm
./usr/lib/perl5/site_perl/5.36.1/Mail/Mailer/smtp.pm
./usr/lib/perl5/site_perl/5.36.1/Mail/Mailer/smtps.pm
./usr/lib/perl5/site_perl/5.36.1/Mail/Mailer/testfile.pm
./usr/lib/perl5/site_perl/5.36.1/Mail/Send.pm
./usr/lib/perl5/site_perl/5.36.1/Mail/Send.pod
./usr/lib/perl5/site_perl/5.36.1/Mail/Util.pm
./usr/lib/perl5/site_perl/5.36.1/Mail/Util.pod
./usr/lib/perl5/site_perl/5.36.1/MailTools.pm
./usr/lib/perl5/site_perl/5.36.1/MailTools.pod
./usr/lib/perl5/site_perl/5.36.1/Mozilla/CA.pm
./usr/lib/perl5/site_perl/5.36.1/Mozilla/CA/cacert.pem
./usr/lib/perl5/site_perl/5.36.1/Net/DNS.pm
./usr/lib/perl5/site_perl/5.36.1/Net/DNS/Domain.pm
./usr/lib/perl5/site_perl/5.36.1/Net/DNS/DomainName.pm
./usr/lib/perl5/site_perl/5.36.1/Net/DNS/FAQ.pod
./usr/lib/perl5/site_perl/5.36.1/Net/DNS/Header.pm
./usr/lib/perl5/site_perl/5.36.1/Net/DNS/Mailbox.pm
./usr/lib/perl5/site_perl/5.36.1/Net/DNS/Nameserver.pm
./usr/lib/perl5/site_perl/5.36.1/Net/DNS/Packet.pm
./usr/lib/perl5/site_perl/5.36.1/Net/DNS/Parameters.pm
./usr/lib/perl5/site_perl/5.36.1/Net/DNS/Question.pm
./usr/lib/perl5/site_perl/5.36.1/Net/DNS/RR.pm
./usr/lib/perl5/site_perl/5.36.1/Net/DNS/RR/A.pm
./usr/lib/perl5/site_perl/5.36.1/Net/DNS/RR/AAAA.pm
./usr/lib/perl5/site_perl/5.36.1/Net/DNS/RR/AFSDB.pm
./usr/lib/perl5/site_perl/5.36.1/Net/DNS/RR/AMTRELAY.pm
./usr/lib/perl5/site_perl/5.36.1/Net/DNS/RR/APL.pm
./usr/lib/perl5/site_perl/5.36.1/Net/DNS/RR/CAA.pm
./usr/lib/perl5/site_perl/5.36.1/Net/DNS/RR/CDNSKEY.pm
./usr/lib/perl5/site_perl/5.36.1/Net/DNS/RR/CDS.pm
./usr/lib/perl5/site_perl/5.36.1/Net/DNS/RR/CERT.pm
./usr/lib/perl5/site_perl/5.36.1/Net/DNS/RR/CNAME.pm
./usr/lib/perl5/site_perl/5.36.1/Net/DNS/RR/CSYNC.pm
./usr/lib/perl5/site_perl/5.36.1/Net/DNS/RR/DHCID.pm
./usr/lib/perl5/site_perl/5.36.1/Net/DNS/RR/DNAME.pm
./usr/lib/perl5/site_perl/5.36.1/Net/DNS/RR/DNSKEY.pm
./usr/lib/perl5/site_perl/5.36.1/Net/DNS/RR/DS.pm
./usr/lib/perl5/site_perl/5.36.1/Net/DNS/RR/EUI48.pm
./usr/lib/perl5/site_perl/5.36.1/Net/DNS/RR/EUI64.pm
./usr/lib/perl5/site_perl/5.36.1/Net/DNS/RR/GPOS.pm
./usr/lib/perl5/site_perl/5.36.1/Net/DNS/RR/HINFO.pm
./usr/lib/perl5/site_perl/5.36.1/Net/DNS/RR/HIP.pm
./usr/lib/perl5/site_perl/5.36.1/Net/DNS/RR/HTTPS.pm
./usr/lib/perl5/site_perl/5.36.1/Net/DNS/RR/IPSECKEY.pm
./usr/lib/perl5/site_perl/5.36.1/Net/DNS/RR/ISDN.pm
./usr/lib/perl5/site_perl/5.36.1/Net/DNS/RR/KEY.pm
./usr/lib/perl5/site_perl/5.36.1/Net/DNS/RR/KX.pm
./usr/lib/perl5/site_perl/5.36.1/Net/DNS/RR/L32.pm
./usr/lib/perl5/site_perl/5.36.1/Net/DNS/RR/L64.pm
./usr/lib/perl5/site_perl/5.36.1/Net/DNS/RR/LOC.pm
./usr/lib/perl5/site_perl/5.36.1/Net/DNS/RR/LP.pm
./usr/lib/perl5/site_perl/5.36.1/Net/DNS/RR/MB.pm
./usr/lib/perl5/site_perl/5.36.1/Net/DNS/RR/MG.pm
./usr/lib/perl5/site_perl/5.36.1/Net/DNS/RR/MINFO.pm
./usr/lib/perl5/site_perl/5.36.1/Net/DNS/RR/MR.pm
./usr/lib/perl5/site_perl/5.36.1/Net/DNS/RR/MX.pm
./usr/lib/perl5/site_perl/5.36.1/Net/DNS/RR/NAPTR.pm
./usr/lib/perl5/site_perl/5.36.1/Net/DNS/RR/NID.pm
./usr/lib/perl5/site_perl/5.36.1/Net/DNS/RR/NS.pm
./usr/lib/perl5/site_perl/5.36.1/Net/DNS/RR/NSEC.pm
./usr/lib/perl5/site_perl/5.36.1/Net/DNS/RR/NSEC3.pm
./usr/lib/perl5/site_perl/5.36.1/Net/DNS/RR/NSEC3PARAM.pm
./usr/lib/perl5/site_perl/5.36.1/Net/DNS/RR/NULL.pm
./usr/lib/perl5/site_perl/5.36.1/Net/DNS/RR/OPENPGPKEY.pm
./usr/lib/perl5/site_perl/5.36.1/Net/DNS/RR/OPT.pm
./usr/lib/perl5/site_perl/5.36.1/Net/DNS/RR/PTR.pm
./usr/lib/perl5/site_perl/5.36.1/Net/DNS/RR/PX.pm
./usr/lib/perl5/site_perl/5.36.1/Net/DNS/RR/RP.pm
./usr/lib/perl5/site_perl/5.36.1/Net/DNS/RR/RRSIG.pm
./usr/lib/perl5/site_perl/5.36.1/Net/DNS/RR/RT.pm
./usr/lib/perl5/site_perl/5.36.1/Net/DNS/RR/SIG.pm
./usr/lib/perl5/site_perl/5.36.1/Net/DNS/RR/SMIMEA.pm
./usr/lib/perl5/site_perl/5.36.1/Net/DNS/RR/SOA.pm
./usr/lib/perl5/site_perl/5.36.1/Net/DNS/RR/SPF.pm
./usr/lib/perl5/site_perl/5.36.1/Net/DNS/RR/SRV.pm
./usr/lib/perl5/site_perl/5.36.1/Net/DNS/RR/SSHFP.pm
./usr/lib/perl5/site_perl/5.36.1/Net/DNS/RR/SVCB.pm
./usr/lib/perl5/site_perl/5.36.1/Net/DNS/RR/TKEY.pm
./usr/lib/perl5/site_perl/5.36.1/Net/DNS/RR/TLSA.pm
./usr/lib/perl5/site_perl/5.36.1/Net/DNS/RR/TSIG.pm
./usr/lib/perl5/site_perl/5.36.1/Net/DNS/RR/TXT.pm
./usr/lib/perl5/site_perl/5.36.1/Net/DNS/RR/URI.pm
./usr/lib/perl5/site_perl/5.36.1/Net/DNS/RR/X25.pm
./usr/lib/perl5/site_perl/5.36.1/Net/DNS/RR/ZONEMD.pm
./usr/lib/perl5/site_perl/5.36.1/Net/DNS/Resolver.pm
./usr/lib/perl5/site_perl/5.36.1/Net/DNS/Resolver/Base.pm
./usr/lib/perl5/site_perl/5.36.1/Net/DNS/Resolver/MSWin32.pm
./usr/lib/perl5/site_perl/5.36.1/Net/DNS/Resolver/Recurse.pm
./usr/lib/perl5/site_perl/5.36.1/Net/DNS/Resolver/UNIX.pm
./usr/lib/perl5/site_perl/5.36.1/Net/DNS/Resolver/android.pm
./usr/lib/perl5/site_perl/5.36.1/Net/DNS/Resolver/cygwin.pm
./usr/lib/perl5/site_perl/5.36.1/Net/DNS/Resolver/os2.pm
./usr/lib/perl5/site_perl/5.36.1/Net/DNS/Resolver/os390.pm
./usr/lib/perl5/site_perl/5.36.1/Net/DNS/Text.pm
./usr/lib/perl5/site_perl/5.36.1/Net/DNS/Update.pm
./usr/lib/perl5/site_perl/5.36.1/Net/DNS/ZoneFile.pm
./usr/lib/perl5/site_perl/5.36.1/Net/HTTP.pm
./usr/lib/perl5/site_perl/5.36.1/Net/HTTP/Methods.pm
./usr/lib/perl5/site_perl/5.36.1/Net/HTTP/NB.pm
./usr/lib/perl5/site_perl/5.36.1/Net/HTTPS.pm
./usr/lib/perl5/site_perl/5.36.1/Path/Tiny.pm
./usr/lib/perl5/site_perl/5.36.1/Time/Zone.pm
./usr/lib/perl5/site_perl/5.36.1/TimeDate.pm
./usr/lib/perl5/site_perl/5.36.1/Try/Tiny.pm
./usr/lib/perl5/site_perl/5.36.1/URI.pm
./usr/lib/perl5/site_perl/5.36.1/URI/Escape.pm
./usr/lib/perl5/site_perl/5.36.1/URI/Heuristic.pm
./usr/lib/perl5/site_perl/5.36.1/URI/IRI.pm
./usr/lib/perl5/site_perl/5.36.1/URI/QueryParam.pm
./usr/lib/perl5/site_perl/5.36.1/URI/Split.pm
./usr/lib/perl5/site_perl/5.36.1/URI/URL.pm
./usr/lib/perl5/site_perl/5.36.1/URI/WithBase.pm
./usr/lib/perl5/site_perl/5.36.1/URI/_foreign.pm
./usr/lib/perl5/site_perl/5.36.1/URI/_generic.pm
./usr/lib/perl5/site_perl/5.36.1/URI/_idna.pm
./usr/lib/perl5/site_perl/5.36.1/URI/_ldap.pm
./usr/lib/perl5/site_perl/5.36.1/URI/_login.pm
./usr/lib/perl5/site_perl/5.36.1/URI/_punycode.pm
./usr/lib/perl5/site_perl/5.36.1/URI/_query.pm
./usr/lib/perl5/site_perl/5.36.1/URI/_segment.pm
./usr/lib/perl5/site_perl/5.36.1/URI/_server.pm
./usr/lib/perl5/site_perl/5.36.1/URI/_userpass.pm
./usr/lib/perl5/site_perl/5.36.1/URI/data.pm
./usr/lib/perl5/site_perl/5.36.1/URI/file.pm
./usr/lib/perl5/site_perl/5.36.1/URI/file/Base.pm
./usr/lib/perl5/site_perl/5.36.1/URI/file/FAT.pm
./usr/lib/perl5/site_perl/5.36.1/URI/file/Mac.pm
./usr/lib/perl5/site_perl/5.36.1/URI/file/OS2.pm
./usr/lib/perl5/site_perl/5.36.1/URI/file/QNX.pm
./usr/lib/perl5/site_perl/5.36.1/URI/file/Unix.pm
./usr/lib/perl5/site_perl/5.36.1/URI/file/Win32.pm
./usr/lib/perl5/site_perl/5.36.1/URI/ftp.pm
./usr/lib/perl5/site_perl/5.36.1/URI/gopher.pm
./usr/lib/perl5/site_perl/5.36.1/URI/http.pm
./usr/lib/perl5/site_perl/5.36.1/URI/https.pm
./usr/lib/perl5/site_perl/5.36.1/URI/ldap.pm
./usr/lib/perl5/site_perl/5.36.1/URI/ldapi.pm
./usr/lib/perl5/site_perl/5.36.1/URI/ldaps.pm
./usr/lib/perl5/site_perl/5.36.1/URI/mailto.pm
./usr/lib/perl5/site_perl/5.36.1/URI/mms.pm
./usr/lib/perl5/site_perl/5.36.1/URI/news.pm
./usr/lib/perl5/site_perl/5.36.1/URI/nntp.pm
./usr/lib/perl5/site_perl/5.36.1/URI/nntps.pm
./usr/lib/perl5/site_perl/5.36.1/URI/pop.pm
./usr/lib/perl5/site_perl/5.36.1/URI/rlogin.pm
./usr/lib/perl5/site_perl/5.36.1/URI/rsync.pm
./usr/lib/perl5/site_perl/5.36.1/URI/rtsp.pm
./usr/lib/perl5/site_perl/5.36.1/URI/rtspu.pm
./usr/lib/perl5/site_perl/5.36.1/URI/sftp.pm
./usr/lib/perl5/site_perl/5.36.1/URI/sip.pm
./usr/lib/perl5/site_perl/5.36.1/URI/sips.pm
./usr/lib/perl5/site_perl/5.36.1/URI/snews.pm
./usr/lib/perl5/site_perl/5.36.1/URI/ssh.pm
./usr/lib/perl5/site_perl/5.36.1/URI/telnet.pm
./usr/lib/perl5/site_perl/5.36.1/URI/tn3270.pm
./usr/lib/perl5/site_perl/5.36.1/URI/urn.pm
./usr/lib/perl5/site_perl/5.36.1/URI/urn/isbn.pm
./usr/lib/perl5/site_perl/5.36.1/URI/urn/oid.pm
./usr/lib/perl5/site_perl/5.36.1/WWW/RobotRules.pm
./usr/lib/perl5/site_perl/5.36.1/WWW/RobotRules/AnyDBM_File.pm
./usr/lib/perl5/site_perl/5.36.1/XML/NamespaceSupport.pm
./usr/lib/perl5/site_perl/5.36.1/XML/SAX.pm
./usr/lib/perl5/site_perl/5.36.1/XML/SAX/Base.pm
./usr/lib/perl5/site_perl/5.36.1/XML/SAX/BuildSAXBase.pl
./usr/lib/perl5/site_perl/5.36.1/XML/SAX/DocumentLocator.pm
./usr/lib/perl5/site_perl/5.36.1/XML/SAX/Exception.pm
./usr/lib/perl5/site_perl/5.36.1/XML/SAX/Intro.pod
./usr/lib/perl5/site_perl/5.36.1/XML/SAX/ParserFactory.pm
./usr/lib/perl5/site_perl/5.36.1/XML/SAX/PurePerl.pm
./usr/lib/perl5/site_perl/5.36.1/XML/SAX/PurePerl/DTDDecls.pm
./usr/lib/perl5/site_perl/5.36.1/XML/SAX/PurePerl/DebugHandler.pm
./usr/lib/perl5/site_perl/5.36.1/XML/SAX/PurePerl/DocType.pm
./usr/lib/perl5/site_perl/5.36.1/XML/SAX/PurePerl/EncodingDetect.pm
./usr/lib/perl5/site_perl/5.36.1/XML/SAX/PurePerl/Exception.pm
./usr/lib/perl5/site_perl/5.36.1/XML/SAX/PurePerl/NoUnicodeExt.pm
./usr/lib/perl5/site_perl/5.36.1/XML/SAX/PurePerl/Productions.pm
./usr/lib/perl5/site_perl/5.36.1/XML/SAX/PurePerl/Reader.pm
./usr/lib/perl5/site_perl/5.36.1/XML/SAX/PurePerl/Reader/NoUnicodeExt.pm
./usr/lib/perl5/site_perl/5.36.1/XML/SAX/PurePerl/Reader/Stream.pm
./usr/lib/perl5/site_perl/5.36.1/XML/SAX/PurePerl/Reader/String.pm
./usr/lib/perl5/site_perl/5.36.1/XML/SAX/PurePerl/Reader/URI.pm
./usr/lib/perl5/site_perl/5.36.1/XML/SAX/PurePerl/Reader/UnicodeExt.pm
./usr/lib/perl5/site_perl/5.36.1/XML/SAX/PurePerl/UnicodeExt.pm
./usr/lib/perl5/site_perl/5.36.1/XML/SAX/PurePerl/XMLDecl.pm
./usr/lib/perl5/site_perl/5.36.1/arm-linux/Clone.pm
./usr/lib/perl5/site_perl/5.36.1/arm-linux/Crypt/OpenSSL/RSA.pm
./usr/lib/perl5/site_perl/5.36.1/arm-linux/Crypt/OpenSSL/Random.pm
./usr/lib/perl5/site_perl/5.36.1/arm-linux/Digest/SHA1.pm
./usr/lib/perl5/site_perl/5.36.1/arm-linux/Encode/Detect.pm
./usr/lib/perl5/site_perl/5.36.1/arm-linux/Encode/Detect/Detector.pm
./usr/lib/perl5/site_perl/5.36.1/arm-linux/GD.pm
./usr/lib/perl5/site_perl/5.36.1/arm-linux/GD/Group.pm
./usr/lib/perl5/site_perl/5.36.1/arm-linux/GD/Image.pm
./usr/lib/perl5/site_perl/5.36.1/arm-linux/GD/Polygon.pm
./usr/lib/perl5/site_perl/5.36.1/arm-linux/GD/Polyline.pm
./usr/lib/perl5/site_perl/5.36.1/arm-linux/GD/Simple.pm
./usr/lib/perl5/site_perl/5.36.1/arm-linux/HTML/Entities.pm
./usr/lib/perl5/site_perl/5.36.1/arm-linux/HTML/Filter.pm
./usr/lib/perl5/site_perl/5.36.1/arm-linux/HTML/HeadParser.pm
./usr/lib/perl5/site_perl/5.36.1/arm-linux/HTML/LinkExtor.pm
./usr/lib/perl5/site_perl/5.36.1/arm-linux/HTML/Parser.pm
./usr/lib/perl5/site_perl/5.36.1/arm-linux/HTML/PullParser.pm
./usr/lib/perl5/site_perl/5.36.1/arm-linux/HTML/TokeParser.pm
./usr/lib/perl5/site_perl/5.36.1/arm-linux/Net/SSLeay.pm
./usr/lib/perl5/site_perl/5.36.1/arm-linux/Net/SSLeay.pod
./usr/lib/perl5/site_perl/5.36.1/arm-linux/Net/SSLeay/Handle.pm
./usr/lib/perl5/site_perl/5.36.1/arm-linux/NetAddr/IP.pm
./usr/lib/perl5/site_perl/5.36.1/arm-linux/NetAddr/IP/InetBase.pm
./usr/lib/perl5/site_perl/5.36.1/arm-linux/NetAddr/IP/Lite.pm
./usr/lib/perl5/site_perl/5.36.1/arm-linux/NetAddr/IP/Util.pm
./usr/lib/perl5/site_perl/5.36.1/arm-linux/NetAddr/IP/UtilPP.pm
./usr/lib/perl5/site_perl/5.36.1/arm-linux/NetAddr/IP/Util_IS.pm
./usr/lib/perl5/site_perl/5.36.1/arm-linux/XML/LibXML.pm
./usr/lib/perl5/site_perl/5.36.1/arm-linux/XML/LibXML.pod
./usr/lib/perl5/site_perl/5.36.1/arm-linux/XML/LibXML/Attr.pod
./usr/lib/perl5/site_perl/5.36.1/arm-linux/XML/LibXML/AttributeHash.pm
./usr/lib/perl5/site_perl/5.36.1/arm-linux/XML/LibXML/Boolean.pm
./usr/lib/perl5/site_perl/5.36.1/arm-linux/XML/LibXML/CDATASection.pod
./usr/lib/perl5/site_perl/5.36.1/arm-linux/XML/LibXML/Comment.pod
./usr/lib/perl5/site_perl/5.36.1/arm-linux/XML/LibXML/Common.pm
./usr/lib/perl5/site_perl/5.36.1/arm-linux/XML/LibXML/Common.pod
./usr/lib/perl5/site_perl/5.36.1/arm-linux/XML/LibXML/DOM.pod
./usr/lib/perl5/site_perl/5.36.1/arm-linux/XML/LibXML/Devel.pm
./usr/lib/perl5/site_perl/5.36.1/arm-linux/XML/LibXML/Document.pod
./usr/lib/perl5/site_perl/5.36.1/arm-linux/XML/LibXML/DocumentFragment.pod
./usr/lib/perl5/site_perl/5.36.1/arm-linux/XML/LibXML/Dtd.pod
./usr/lib/perl5/site_perl/5.36.1/arm-linux/XML/LibXML/Element.pod
./usr/lib/perl5/site_perl/5.36.1/arm-linux/XML/LibXML/ErrNo.pm
./usr/lib/perl5/site_perl/5.36.1/arm-linux/XML/LibXML/ErrNo.pod
./usr/lib/perl5/site_perl/5.36.1/arm-linux/XML/LibXML/Error.pm
./usr/lib/perl5/site_perl/5.36.1/arm-linux/XML/LibXML/Error.pod
./usr/lib/perl5/site_perl/5.36.1/arm-linux/XML/LibXML/InputCallback.pod
./usr/lib/perl5/site_perl/5.36.1/arm-linux/XML/LibXML/Literal.pm
./usr/lib/perl5/site_perl/5.36.1/arm-linux/XML/LibXML/Namespace.pod
./usr/lib/perl5/site_perl/5.36.1/arm-linux/XML/LibXML/Node.pod
./usr/lib/perl5/site_perl/5.36.1/arm-linux/XML/LibXML/NodeList.pm
./usr/lib/perl5/site_perl/5.36.1/arm-linux/XML/LibXML/Number.pm
./usr/lib/perl5/site_perl/5.36.1/arm-linux/XML/LibXML/PI.pod
./usr/lib/perl5/site_perl/5.36.1/arm-linux/XML/LibXML/Parser.pod
./usr/lib/perl5/site_perl/5.36.1/arm-linux/XML/LibXML/Pattern.pod
./usr/lib/perl5/site_perl/5.36.1/arm-linux/XML/LibXML/Reader.pm
./usr/lib/perl5/site_perl/5.36.1/arm-linux/XML/LibXML/Reader.pod
./usr/lib/perl5/site_perl/5.36.1/arm-linux/XML/LibXML/RegExp.pod
./usr/lib/perl5/site_perl/5.36.1/arm-linux/XML/LibXML/RelaxNG.pod
./usr/lib/perl5/site_perl/5.36.1/arm-linux/XML/LibXML/SAX.pm
./usr/lib/perl5/site_perl/5.36.1/arm-linux/XML/LibXML/SAX.pod
./usr/lib/perl5/site_perl/5.36.1/arm-linux/XML/LibXML/SAX/Builder.pm
./usr/lib/perl5/site_perl/5.36.1/arm-linux/XML/LibXML/SAX/Builder.pod
./usr/lib/perl5/site_perl/5.36.1/arm-linux/XML/LibXML/SAX/Generator.pm
./usr/lib/perl5/site_perl/5.36.1/arm-linux/XML/LibXML/SAX/Parser.pm
./usr/lib/perl5/site_perl/5.36.1/arm-linux/XML/LibXML/Schema.pod
./usr/lib/perl5/site_perl/5.36.1/arm-linux/XML/LibXML/Text.pod
./usr/lib/perl5/site_perl/5.36.1/arm-linux/XML/LibXML/XPathContext.pm
./usr/lib/perl5/site_perl/5.36.1/arm-linux/XML/LibXML/XPathContext.pod
./usr/lib/perl5/site_perl/5.36.1/arm-linux/XML/LibXML/XPathExpression.pod
./usr/lib/perl5/site_perl/5.36.1/arm-linux/auto/Clone/Clone.so
./usr/lib/perl5/site_perl/5.36.1/arm-linux/auto/Clone/autosplit.ix
./usr/lib/perl5/site_perl/5.36.1/arm-linux/auto/Crypt/OpenSSL/RSA/RSA.so
./usr/lib/perl5/site_perl/5.36.1/arm-linux/auto/Crypt/OpenSSL/RSA/autosplit.ix
./usr/lib/perl5/site_perl/5.36.1/arm-linux/auto/Crypt/OpenSSL/RSA/get_key_parameters.al
./usr/lib/perl5/site_perl/5.36.1/arm-linux/auto/Crypt/OpenSSL/RSA/import_random_seed.al
./usr/lib/perl5/site_perl/5.36.1/arm-linux/auto/Crypt/OpenSSL/RSA/new_key_from_parameters.al
./usr/lib/perl5/site_perl/5.36.1/arm-linux/auto/Crypt/OpenSSL/RSA/new_public_key.al
./usr/lib/perl5/site_perl/5.36.1/arm-linux/auto/Crypt/OpenSSL/Random/Random.so
./usr/lib/perl5/site_perl/5.36.1/arm-linux/auto/Date/Parse
./usr/lib/perl5/site_perl/5.36.1/arm-linux/auto/DateTime/Tiny
./usr/lib/perl5/site_perl/5.36.1/arm-linux/auto/Digest/HMAC
./usr/lib/perl5/site_perl/5.36.1/arm-linux/auto/Digest/SHA1/SHA1.so
./usr/lib/perl5/site_perl/5.36.1/arm-linux/auto/Encode/Detect/Detector/Detector.so
./usr/lib/perl5/site_perl/5.36.1/arm-linux/auto/Encode/Locale
./usr/lib/perl5/site_perl/5.36.1/arm-linux/auto/File/Listing
./usr/lib/perl5/site_perl/5.36.1/arm-linux/auto/File/Util
./usr/lib/perl5/site_perl/5.36.1/arm-linux/auto/GD/GD.so
./usr/lib/perl5/site_perl/5.36.1/arm-linux/auto/GD/Graph
./usr/lib/perl5/site_perl/5.36.1/arm-linux/auto/GD/Text
./usr/lib/perl5/site_perl/5.36.1/arm-linux/auto/GD/autosplit.ix
./usr/lib/perl5/site_perl/5.36.1/arm-linux/auto/HTML/Parser/Parser.so
./usr/lib/perl5/site_perl/5.36.1/arm-linux/auto/HTML/Tagset
./usr/lib/perl5/site_perl/5.36.1/arm-linux/auto/HTTP/Cookies
./usr/lib/perl5/site_perl/5.36.1/arm-linux/auto/HTTP/Daemon
./usr/lib/perl5/site_perl/5.36.1/arm-linux/auto/HTTP/Date
./usr/lib/perl5/site_perl/5.36.1/arm-linux/auto/HTTP/Message
./usr/lib/perl5/site_perl/5.36.1/arm-linux/auto/HTTP/Negotiate
./usr/lib/perl5/site_perl/5.36.1/arm-linux/auto/IO/HTML
./usr/lib/perl5/site_perl/5.36.1/arm-linux/auto/IO/Socket/SSL
./usr/lib/perl5/site_perl/5.36.1/arm-linux/auto/JSON/Tiny
./usr/lib/perl5/site_perl/5.36.1/arm-linux/auto/LWP/MediaTypes
./usr/lib/perl5/site_perl/5.36.1/arm-linux/auto/MailTools
./usr/lib/perl5/site_perl/5.36.1/arm-linux/auto/Mozilla/CA
./usr/lib/perl5/site_perl/5.36.1/arm-linux/auto/Net/DNS
./usr/lib/perl5/site_perl/5.36.1/arm-linux/auto/Net/HTTP
./usr/lib/perl5/site_perl/5.36.1/arm-linux/auto/Net/SSLeay/SSLeay.so
./usr/lib/perl5/site_perl/5.36.1/arm-linux/auto/Net/SSLeay/autosplit.ix
./usr/lib/perl5/site_perl/5.36.1/arm-linux/auto/Net/SSLeay/debug_read.al
./usr/lib/perl5/site_perl/5.36.1/arm-linux/auto/Net/SSLeay/do_https.al
./usr/lib/perl5/site_perl/5.36.1/arm-linux/auto/Net/SSLeay/do_https2.al
./usr/lib/perl5/site_perl/5.36.1/arm-linux/auto/Net/SSLeay/do_https3.al
./usr/lib/perl5/site_perl/5.36.1/arm-linux/auto/Net/SSLeay/do_https4.al
./usr/lib/perl5/site_perl/5.36.1/arm-linux/auto/Net/SSLeay/do_httpx2.al
./usr/lib/perl5/site_perl/5.36.1/arm-linux/auto/Net/SSLeay/do_httpx3.al
./usr/lib/perl5/site_perl/5.36.1/arm-linux/auto/Net/SSLeay/do_httpx4.al
./usr/lib/perl5/site_perl/5.36.1/arm-linux/auto/Net/SSLeay/dump_peer_certificate.al
./usr/lib/perl5/site_perl/5.36.1/arm-linux/auto/Net/SSLeay/get_http.al
./usr/lib/perl5/site_perl/5.36.1/arm-linux/auto/Net/SSLeay/get_http3.al
./usr/lib/perl5/site_perl/5.36.1/arm-linux/auto/Net/SSLeay/get_http4.al
./usr/lib/perl5/site_perl/5.36.1/arm-linux/auto/Net/SSLeay/get_https.al
./usr/lib/perl5/site_perl/5.36.1/arm-linux/auto/Net/SSLeay/get_https3.al
./usr/lib/perl5/site_perl/5.36.1/arm-linux/auto/Net/SSLeay/get_https4.al
./usr/lib/perl5/site_perl/5.36.1/arm-linux/auto/Net/SSLeay/get_httpx.al
./usr/lib/perl5/site_perl/5.36.1/arm-linux/auto/Net/SSLeay/get_httpx3.al
./usr/lib/perl5/site_perl/5.36.1/arm-linux/auto/Net/SSLeay/get_httpx4.al
./usr/lib/perl5/site_perl/5.36.1/arm-linux/auto/Net/SSLeay/head_http.al
./usr/lib/perl5/site_perl/5.36.1/arm-linux/auto/Net/SSLeay/head_http3.al
./usr/lib/perl5/site_perl/5.36.1/arm-linux/auto/Net/SSLeay/head_http4.al
./usr/lib/perl5/site_perl/5.36.1/arm-linux/auto/Net/SSLeay/head_https.al
./usr/lib/perl5/site_perl/5.36.1/arm-linux/auto/Net/SSLeay/head_https3.al
./usr/lib/perl5/site_perl/5.36.1/arm-linux/auto/Net/SSLeay/head_https4.al
./usr/lib/perl5/site_perl/5.36.1/arm-linux/auto/Net/SSLeay/head_httpx.al
./usr/lib/perl5/site_perl/5.36.1/arm-linux/auto/Net/SSLeay/head_httpx3.al
./usr/lib/perl5/site_perl/5.36.1/arm-linux/auto/Net/SSLeay/head_httpx4.al
./usr/lib/perl5/site_perl/5.36.1/arm-linux/auto/Net/SSLeay/http_cat.al
./usr/lib/perl5/site_perl/5.36.1/arm-linux/auto/Net/SSLeay/https_cat.al
./usr/lib/perl5/site_perl/5.36.1/arm-linux/auto/Net/SSLeay/httpx_cat.al
./usr/lib/perl5/site_perl/5.36.1/arm-linux/auto/Net/SSLeay/initialize.al
./usr/lib/perl5/site_perl/5.36.1/arm-linux/auto/Net/SSLeay/make_form.al
./usr/lib/perl5/site_perl/5.36.1/arm-linux/auto/Net/SSLeay/make_headers.al
./usr/lib/perl5/site_perl/5.36.1/arm-linux/auto/Net/SSLeay/new_x_ctx.al
./usr/lib/perl5/site_perl/5.36.1/arm-linux/auto/Net/SSLeay/open_proxy_tcp_connection.al
./usr/lib/perl5/site_perl/5.36.1/arm-linux/auto/Net/SSLeay/open_tcp_connection.al
./usr/lib/perl5/site_perl/5.36.1/arm-linux/auto/Net/SSLeay/post_http.al
./usr/lib/perl5/site_perl/5.36.1/arm-linux/auto/Net/SSLeay/post_http3.al
./usr/lib/perl5/site_perl/5.36.1/arm-linux/auto/Net/SSLeay/post_http4.al
./usr/lib/perl5/site_perl/5.36.1/arm-linux/auto/Net/SSLeay/post_https.al
./usr/lib/perl5/site_perl/5.36.1/arm-linux/auto/Net/SSLeay/post_https3.al
./usr/lib/perl5/site_perl/5.36.1/arm-linux/auto/Net/SSLeay/post_https4.al
./usr/lib/perl5/site_perl/5.36.1/arm-linux/auto/Net/SSLeay/post_httpx.al
./usr/lib/perl5/site_perl/5.36.1/arm-linux/auto/Net/SSLeay/post_httpx3.al
./usr/lib/perl5/site_perl/5.36.1/arm-linux/auto/Net/SSLeay/post_httpx4.al
./usr/lib/perl5/site_perl/5.36.1/arm-linux/auto/Net/SSLeay/put_http.al
./usr/lib/perl5/site_perl/5.36.1/arm-linux/auto/Net/SSLeay/put_http3.al
./usr/lib/perl5/site_perl/5.36.1/arm-linux/auto/Net/SSLeay/put_http4.al
./usr/lib/perl5/site_perl/5.36.1/arm-linux/auto/Net/SSLeay/put_https.al
./usr/lib/perl5/site_perl/5.36.1/arm-linux/auto/Net/SSLeay/put_https3.al
./usr/lib/perl5/site_perl/5.36.1/arm-linux/auto/Net/SSLeay/put_https4.al
./usr/lib/perl5/site_perl/5.36.1/arm-linux/auto/Net/SSLeay/put_httpx.al
./usr/lib/perl5/site_perl/5.36.1/arm-linux/auto/Net/SSLeay/put_httpx3.al
./usr/lib/perl5/site_perl/5.36.1/arm-linux/auto/Net/SSLeay/put_httpx4.al
./usr/lib/perl5/site_perl/5.36.1/arm-linux/auto/Net/SSLeay/randomize.al
./usr/lib/perl5/site_perl/5.36.1/arm-linux/auto/Net/SSLeay/set_cert_and_key.al
./usr/lib/perl5/site_perl/5.36.1/arm-linux/auto/Net/SSLeay/set_proxy.al
./usr/lib/perl5/site_perl/5.36.1/arm-linux/auto/Net/SSLeay/set_server_cert_and_key.al
./usr/lib/perl5/site_perl/5.36.1/arm-linux/auto/Net/SSLeay/ssl_read_CRLF.al
./usr/lib/perl5/site_perl/5.36.1/arm-linux/auto/Net/SSLeay/ssl_read_all.al
./usr/lib/perl5/site_perl/5.36.1/arm-linux/auto/Net/SSLeay/ssl_read_until.al
./usr/lib/perl5/site_perl/5.36.1/arm-linux/auto/Net/SSLeay/ssl_write_CRLF.al
./usr/lib/perl5/site_perl/5.36.1/arm-linux/auto/Net/SSLeay/ssl_write_all.al
./usr/lib/perl5/site_perl/5.36.1/arm-linux/auto/Net/SSLeay/sslcat.al
./usr/lib/perl5/site_perl/5.36.1/arm-linux/auto/Net/SSLeay/tcp_read_CRLF.al
./usr/lib/perl5/site_perl/5.36.1/arm-linux/auto/Net/SSLeay/tcp_read_all.al
./usr/lib/perl5/site_perl/5.36.1/arm-linux/auto/Net/SSLeay/tcp_read_until.al
./usr/lib/perl5/site_perl/5.36.1/arm-linux/auto/Net/SSLeay/tcp_write_CRLF.al
./usr/lib/perl5/site_perl/5.36.1/arm-linux/auto/Net/SSLeay/tcp_write_all.al
./usr/lib/perl5/site_perl/5.36.1/arm-linux/auto/Net/SSLeay/tcpcat.al
./usr/lib/perl5/site_perl/5.36.1/arm-linux/auto/Net/SSLeay/tcpxcat.al
./usr/lib/perl5/site_perl/5.36.1/arm-linux/auto/Net/SSLeay/want_X509_lookup.al
./usr/lib/perl5/site_perl/5.36.1/arm-linux/auto/Net/SSLeay/want_nothing.al
./usr/lib/perl5/site_perl/5.36.1/arm-linux/auto/Net/SSLeay/want_read.al
./usr/lib/perl5/site_perl/5.36.1/arm-linux/auto/Net/SSLeay/want_write.al
./usr/lib/perl5/site_perl/5.36.1/arm-linux/auto/NetAddr/IP/InetBase/_inet_ntop.al
./usr/lib/perl5/site_perl/5.36.1/arm-linux/auto/NetAddr/IP/InetBase/_inet_pton.al
./usr/lib/perl5/site_perl/5.36.1/arm-linux/auto/NetAddr/IP/InetBase/_packzeros.al
./usr/lib/perl5/site_perl/5.36.1/arm-linux/auto/NetAddr/IP/InetBase/autosplit.ix
./usr/lib/perl5/site_perl/5.36.1/arm-linux/auto/NetAddr/IP/InetBase/inet_any2n.al
./usr/lib/perl5/site_perl/5.36.1/arm-linux/auto/NetAddr/IP/InetBase/inet_n2ad.al
./usr/lib/perl5/site_perl/5.36.1/arm-linux/auto/NetAddr/IP/InetBase/inet_n2dx.al
./usr/lib/perl5/site_perl/5.36.1/arm-linux/auto/NetAddr/IP/InetBase/inet_ntoa.al
./usr/lib/perl5/site_perl/5.36.1/arm-linux/auto/NetAddr/IP/InetBase/ipv6_aton.al
./usr/lib/perl5/site_perl/5.36.1/arm-linux/auto/NetAddr/IP/InetBase/ipv6_ntoa.al
./usr/lib/perl5/site_perl/5.36.1/arm-linux/auto/NetAddr/IP/Util/Util.so
./usr/lib/perl5/site_perl/5.36.1/arm-linux/auto/NetAddr/IP/Util/autosplit.ix
./usr/lib/perl5/site_perl/5.36.1/arm-linux/auto/NetAddr/IP/UtilPP/_128x10.al
./usr/lib/perl5/site_perl/5.36.1/arm-linux/auto/NetAddr/IP/UtilPP/_128x2.al
./usr/lib/perl5/site_perl/5.36.1/arm-linux/auto/NetAddr/IP/UtilPP/_bcd2bin.al
./usr/lib/perl5/site_perl/5.36.1/arm-linux/auto/NetAddr/IP/UtilPP/_bcdcheck.al
./usr/lib/perl5/site_perl/5.36.1/arm-linux/auto/NetAddr/IP/UtilPP/_bin2bcdn.al
./usr/lib/perl5/site_perl/5.36.1/arm-linux/auto/NetAddr/IP/UtilPP/_deadlen.al
./usr/lib/perl5/site_perl/5.36.1/arm-linux/auto/NetAddr/IP/UtilPP/_sa128.al
./usr/lib/perl5/site_perl/5.36.1/arm-linux/auto/NetAddr/IP/UtilPP/add128.al
./usr/lib/perl5/site_perl/5.36.1/arm-linux/auto/NetAddr/IP/UtilPP/addconst.al
./usr/lib/perl5/site_perl/5.36.1/arm-linux/auto/NetAddr/IP/UtilPP/autosplit.ix
./usr/lib/perl5/site_perl/5.36.1/arm-linux/auto/NetAddr/IP/UtilPP/bcd2bin.al
./usr/lib/perl5/site_perl/5.36.1/arm-linux/auto/NetAddr/IP/UtilPP/bcdn2bin.al
./usr/lib/perl5/site_perl/5.36.1/arm-linux/auto/NetAddr/IP/UtilPP/bcdn2txt.al
./usr/lib/perl5/site_perl/5.36.1/arm-linux/auto/NetAddr/IP/UtilPP/bin2bcd.al
./usr/lib/perl5/site_perl/5.36.1/arm-linux/auto/NetAddr/IP/UtilPP/bin2bcdn.al
./usr/lib/perl5/site_perl/5.36.1/arm-linux/auto/NetAddr/IP/UtilPP/comp128.al
./usr/lib/perl5/site_perl/5.36.1/arm-linux/auto/NetAddr/IP/UtilPP/hasbits.al
./usr/lib/perl5/site_perl/5.36.1/arm-linux/auto/NetAddr/IP/UtilPP/ipanyto6.al
./usr/lib/perl5/site_perl/5.36.1/arm-linux/auto/NetAddr/IP/UtilPP/ipv4to6.al
./usr/lib/perl5/site_perl/5.36.1/arm-linux/auto/NetAddr/IP/UtilPP/ipv6to4.al
./usr/lib/perl5/site_perl/5.36.1/arm-linux/auto/NetAddr/IP/UtilPP/mask4to6.al
./usr/lib/perl5/site_perl/5.36.1/arm-linux/auto/NetAddr/IP/UtilPP/maskanyto6.al
./usr/lib/perl5/site_perl/5.36.1/arm-linux/auto/NetAddr/IP/UtilPP/notcontiguous.al
./usr/lib/perl5/site_perl/5.36.1/arm-linux/auto/NetAddr/IP/UtilPP/shiftleft.al
./usr/lib/perl5/site_perl/5.36.1/arm-linux/auto/NetAddr/IP/UtilPP/simple_pack.al
./usr/lib/perl5/site_perl/5.36.1/arm-linux/auto/NetAddr/IP/UtilPP/slowadd128.al
./usr/lib/perl5/site_perl/5.36.1/arm-linux/auto/NetAddr/IP/UtilPP/sub128.al
./usr/lib/perl5/site_perl/5.36.1/arm-linux/auto/NetAddr/IP/_compV6.al
./usr/lib/perl5/site_perl/5.36.1/arm-linux/auto/NetAddr/IP/_compact_v6.al
./usr/lib/perl5/site_perl/5.36.1/arm-linux/auto/NetAddr/IP/_splitplan.al
./usr/lib/perl5/site_perl/5.36.1/arm-linux/auto/NetAddr/IP/_splitref.al
./usr/lib/perl5/site_perl/5.36.1/arm-linux/auto/NetAddr/IP/autosplit.ix
./usr/lib/perl5/site_perl/5.36.1/arm-linux/auto/NetAddr/IP/canon.al
./usr/lib/perl5/site_perl/5.36.1/arm-linux/auto/NetAddr/IP/coalesce.al
./usr/lib/perl5/site_perl/5.36.1/arm-linux/auto/NetAddr/IP/compactref.al
./usr/lib/perl5/site_perl/5.36.1/arm-linux/auto/NetAddr/IP/do_prefix.al
./usr/lib/perl5/site_perl/5.36.1/arm-linux/auto/NetAddr/IP/hostenum.al
./usr/lib/perl5/site_perl/5.36.1/arm-linux/auto/NetAddr/IP/mod_version.al
./usr/lib/perl5/site_perl/5.36.1/arm-linux/auto/NetAddr/IP/nprefix.al
./usr/lib/perl5/site_perl/5.36.1/arm-linux/auto/NetAddr/IP/prefix.al
./usr/lib/perl5/site_perl/5.36.1/arm-linux/auto/NetAddr/IP/re.al
./usr/lib/perl5/site_perl/5.36.1/arm-linux/auto/NetAddr/IP/re6.al
./usr/lib/perl5/site_perl/5.36.1/arm-linux/auto/NetAddr/IP/short.al
./usr/lib/perl5/site_perl/5.36.1/arm-linux/auto/NetAddr/IP/wildcard.al
./usr/lib/perl5/site_perl/5.36.1/arm-linux/auto/Path/Tiny
./usr/lib/perl5/site_perl/5.36.1/arm-linux/auto/Try/Tiny
./usr/lib/perl5/site_perl/5.36.1/arm-linux/auto/URI
./usr/lib/perl5/site_perl/5.36.1/arm-linux/auto/WWW/RobotRules
./usr/lib/perl5/site_perl/5.36.1/arm-linux/auto/XML/LibXML/LibXML.so
./usr/lib/perl5/site_perl/5.36.1/arm-linux/auto/XML/NamespaceSupport
./usr/lib/perl5/site_perl/5.36.1/arm-linux/auto/XML/SAX/Base
./usr/lib/perl5/site_perl/5.36.1/lwpcook.pod
./usr/lib/perl5/site_perl/5.36.1/lwptut.pod
