./usr/bin/easy_install
./usr/bin/easy_install-2.7
./usr/lib/python2.7/site-packages/easy_install.py
./usr/lib/python2.7/site-packages/pkg_resources
./usr/lib/python2.7/site-packages/pkg_resources/__init__.py
./usr/lib/python2.7/site-packages/pkg_resources/_vendor
./usr/lib/python2.7/site-packages/pkg_resources/_vendor/__init__.py
./usr/lib/python2.7/site-packages/pkg_resources/_vendor/appdirs.py
./usr/lib/python2.7/site-packages/pkg_resources/_vendor/packaging
./usr/lib/python2.7/site-packages/pkg_resources/_vendor/packaging/__about__.py
./usr/lib/python2.7/site-packages/pkg_resources/_vendor/packaging/__init__.py
./usr/lib/python2.7/site-packages/pkg_resources/_vendor/packaging/_compat.py
./usr/lib/python2.7/site-packages/pkg_resources/_vendor/packaging/_structures.py
./usr/lib/python2.7/site-packages/pkg_resources/_vendor/packaging/markers.py
./usr/lib/python2.7/site-packages/pkg_resources/_vendor/packaging/requirements.py
./usr/lib/python2.7/site-packages/pkg_resources/_vendor/packaging/specifiers.py
./usr/lib/python2.7/site-packages/pkg_resources/_vendor/packaging/utils.py
./usr/lib/python2.7/site-packages/pkg_resources/_vendor/packaging/version.py
./usr/lib/python2.7/site-packages/pkg_resources/_vendor/pyparsing.py
./usr/lib/python2.7/site-packages/pkg_resources/_vendor/six.py
./usr/lib/python2.7/site-packages/pkg_resources/extern
./usr/lib/python2.7/site-packages/pkg_resources/extern/__init__.py
./usr/lib/python2.7/site-packages/pkg_resources/py31compat.py
./usr/lib/python2.7/site-packages/setuptools
./usr/lib/python2.7/site-packages/setuptools-44.0.0-py2.7.egg-info
./usr/lib/python2.7/site-packages/setuptools-44.0.0-py2.7.egg-info/PKG-INFO
./usr/lib/python2.7/site-packages/setuptools-44.0.0-py2.7.egg-info/SOURCES.txt
./usr/lib/python2.7/site-packages/setuptools-44.0.0-py2.7.egg-info/dependency_links.txt
./usr/lib/python2.7/site-packages/setuptools-44.0.0-py2.7.egg-info/entry_points.txt
./usr/lib/python2.7/site-packages/setuptools-44.0.0-py2.7.egg-info/requires.txt
./usr/lib/python2.7/site-packages/setuptools-44.0.0-py2.7.egg-info/top_level.txt
./usr/lib/python2.7/site-packages/setuptools-44.0.0-py2.7.egg-info/zip-safe
./usr/lib/python2.7/site-packages/setuptools/__init__.py
./usr/lib/python2.7/site-packages/setuptools/_deprecation_warning.py
./usr/lib/python2.7/site-packages/setuptools/_imp.py
./usr/lib/python2.7/site-packages/setuptools/_vendor
./usr/lib/python2.7/site-packages/setuptools/_vendor/__init__.py
./usr/lib/python2.7/site-packages/setuptools/_vendor/ordered_set.py
./usr/lib/python2.7/site-packages/setuptools/_vendor/packaging
./usr/lib/python2.7/site-packages/setuptools/_vendor/packaging/__about__.py
./usr/lib/python2.7/site-packages/setuptools/_vendor/packaging/__init__.py
./usr/lib/python2.7/site-packages/setuptools/_vendor/packaging/_compat.py
./usr/lib/python2.7/site-packages/setuptools/_vendor/packaging/_structures.py
./usr/lib/python2.7/site-packages/setuptools/_vendor/packaging/markers.py
./usr/lib/python2.7/site-packages/setuptools/_vendor/packaging/requirements.py
./usr/lib/python2.7/site-packages/setuptools/_vendor/packaging/specifiers.py
./usr/lib/python2.7/site-packages/setuptools/_vendor/packaging/tags.py
./usr/lib/python2.7/site-packages/setuptools/_vendor/packaging/utils.py
./usr/lib/python2.7/site-packages/setuptools/_vendor/packaging/version.py
./usr/lib/python2.7/site-packages/setuptools/_vendor/pyparsing.py
./usr/lib/python2.7/site-packages/setuptools/_vendor/six.py
./usr/lib/python2.7/site-packages/setuptools/archive_util.py
./usr/lib/python2.7/site-packages/setuptools/build_meta.py
./usr/lib/python2.7/site-packages/setuptools/cli-32.exe
./usr/lib/python2.7/site-packages/setuptools/cli-64.exe
./usr/lib/python2.7/site-packages/setuptools/cli.exe
./usr/lib/python2.7/site-packages/setuptools/command
./usr/lib/python2.7/site-packages/setuptools/command/__init__.py
./usr/lib/python2.7/site-packages/setuptools/command/alias.py
./usr/lib/python2.7/site-packages/setuptools/command/bdist_egg.py
./usr/lib/python2.7/site-packages/setuptools/command/bdist_rpm.py
./usr/lib/python2.7/site-packages/setuptools/command/bdist_wininst.py
./usr/lib/python2.7/site-packages/setuptools/command/build_clib.py
./usr/lib/python2.7/site-packages/setuptools/command/build_ext.py
./usr/lib/python2.7/site-packages/setuptools/command/build_py.py
./usr/lib/python2.7/site-packages/setuptools/command/develop.py
./usr/lib/python2.7/site-packages/setuptools/command/dist_info.py
./usr/lib/python2.7/site-packages/setuptools/command/easy_install.py
./usr/lib/python2.7/site-packages/setuptools/command/egg_info.py
./usr/lib/python2.7/site-packages/setuptools/command/install.py
./usr/lib/python2.7/site-packages/setuptools/command/install_egg_info.py
./usr/lib/python2.7/site-packages/setuptools/command/install_lib.py
./usr/lib/python2.7/site-packages/setuptools/command/install_scripts.py
./usr/lib/python2.7/site-packages/setuptools/command/launcher manifest.xml
./usr/lib/python2.7/site-packages/setuptools/command/py36compat.py
./usr/lib/python2.7/site-packages/setuptools/command/register.py
./usr/lib/python2.7/site-packages/setuptools/command/rotate.py
./usr/lib/python2.7/site-packages/setuptools/command/saveopts.py
./usr/lib/python2.7/site-packages/setuptools/command/sdist.py
./usr/lib/python2.7/site-packages/setuptools/command/setopt.py
./usr/lib/python2.7/site-packages/setuptools/command/test.py
./usr/lib/python2.7/site-packages/setuptools/command/upload.py
./usr/lib/python2.7/site-packages/setuptools/command/upload_docs.py
./usr/lib/python2.7/site-packages/setuptools/config.py
./usr/lib/python2.7/site-packages/setuptools/dep_util.py
./usr/lib/python2.7/site-packages/setuptools/depends.py
./usr/lib/python2.7/site-packages/setuptools/dist.py
./usr/lib/python2.7/site-packages/setuptools/errors.py
./usr/lib/python2.7/site-packages/setuptools/extension.py
./usr/lib/python2.7/site-packages/setuptools/extern
./usr/lib/python2.7/site-packages/setuptools/extern/__init__.py
./usr/lib/python2.7/site-packages/setuptools/glob.py
./usr/lib/python2.7/site-packages/setuptools/gui-32.exe
./usr/lib/python2.7/site-packages/setuptools/gui-64.exe
./usr/lib/python2.7/site-packages/setuptools/gui.exe
./usr/lib/python2.7/site-packages/setuptools/installer.py
./usr/lib/python2.7/site-packages/setuptools/launch.py
./usr/lib/python2.7/site-packages/setuptools/lib2to3_ex.py
./usr/lib/python2.7/site-packages/setuptools/monkey.py
./usr/lib/python2.7/site-packages/setuptools/msvc.py
./usr/lib/python2.7/site-packages/setuptools/namespaces.py
./usr/lib/python2.7/site-packages/setuptools/package_index.py
./usr/lib/python2.7/site-packages/setuptools/py27compat.py
./usr/lib/python2.7/site-packages/setuptools/py31compat.py
./usr/lib/python2.7/site-packages/setuptools/py33compat.py
./usr/lib/python2.7/site-packages/setuptools/py34compat.py
./usr/lib/python2.7/site-packages/setuptools/sandbox.py
./usr/lib/python2.7/site-packages/setuptools/script (dev).tmpl
./usr/lib/python2.7/site-packages/setuptools/script.tmpl
./usr/lib/python2.7/site-packages/setuptools/site-patch.py
./usr/lib/python2.7/site-packages/setuptools/ssl_support.py
./usr/lib/python2.7/site-packages/setuptools/unicode_utils.py
./usr/lib/python2.7/site-packages/setuptools/version.py
./usr/lib/python2.7/site-packages/setuptools/wheel.py
./usr/lib/python2.7/site-packages/setuptools/windows_support.py
