./etc/init.d/S61smb
./usr/bin/smbpasswd
./usr/bin/smbstatus
./usr/bin/smbtree
./usr/sbin/nmbd
./usr/sbin/samba_multicall
./usr/sbin/smbd
./usr/sbin/swat
./usr/swat/help/welcome-no-samba-doc.html
./usr/swat/include/footer.html
./usr/swat/include/header.html
./usr/swat/images/wizard.gif
./usr/swat/images/home.gif
./usr/swat/images/globals.gif
./usr/swat/images/status.gif
./usr/swat/images/printers.gif
./usr/swat/images/samba.gif
./usr/swat/images/viewconfig.gif
./usr/swat/images/shares.gif
./usr/swat/images/passwd.gif
./usr/www/cgi-bin/smb.cgi
./usr/www/cgi-bin/smb_proc.cgi
./usr/www/smb_hlp.html
