./etc/sane.d
./etc/sane.d/abaton.conf
./etc/sane.d/agfafocus.conf
./etc/sane.d/apple.conf
./etc/sane.d/artec.conf
./etc/sane.d/artec_eplus48u.conf
./etc/sane.d/avision.conf
./etc/sane.d/bh.conf
./etc/sane.d/canon630u.conf
./etc/sane.d/canon.conf
./etc/sane.d/canon_dr.conf
./etc/sane.d/cardscan.conf
./etc/sane.d/coolscan2.conf
./etc/sane.d/coolscan3.conf
./etc/sane.d/coolscan.conf
./etc/sane.d/dc210.conf
./etc/sane.d/dc240.conf
./etc/sane.d/dc25.conf
./etc/sane.d/dell1600n_net.conf
./etc/sane.d/dll.conf
./etc/sane.d/dll.d
./etc/sane.d/dmc.conf
./etc/sane.d/epjitsu.conf
./etc/sane.d/epson2.conf
./etc/sane.d/epson.conf
./etc/sane.d/fujitsu.conf
./etc/sane.d/genesys.conf
./etc/sane.d/gt68xx.conf
./etc/sane.d/hp3900.conf
./etc/sane.d/hp4200.conf
./etc/sane.d/hp5400.conf
./etc/sane.d/hp.conf
./etc/sane.d/hs2p.conf
./etc/sane.d/ibm.conf
./etc/sane.d/kodak.conf
./etc/sane.d/leo.conf
./etc/sane.d/lexmark.conf
./etc/sane.d/ma1509.conf
./etc/sane.d/matsushita.conf
./etc/sane.d/microtek2.conf
./etc/sane.d/microtek.conf
./etc/sane.d/mustek.conf
./etc/sane.d/mustek_usb.conf
./etc/sane.d/nec.conf
./etc/sane.d/net.conf
./etc/sane.d/p5.conf
./etc/sane.d/pie.conf
./etc/sane.d/pixma.conf
./etc/sane.d/plustek.conf
./etc/sane.d/plustek_pp.conf
./etc/sane.d/qcam.conf
./etc/sane.d/ricoh.conf
./etc/sane.d/rts8891.conf
./etc/sane.d/s9036.conf
./etc/sane.d/saned.conf
./etc/sane.d/sceptre.conf
./etc/sane.d/sharp.conf
./etc/sane.d/sm3840.conf
./etc/sane.d/snapscan.conf
./etc/sane.d/sp15c.conf
./etc/sane.d/st400.conf
./etc/sane.d/stv680.conf
./etc/sane.d/tamarack.conf
./etc/sane.d/teco1.conf
./etc/sane.d/teco2.conf
./etc/sane.d/teco3.conf
./etc/sane.d/test.conf
./etc/sane.d/u12.conf
./etc/sane.d/umax1220u.conf
./etc/sane.d/umax.conf
./etc/sane.d/umax_pp.conf
./etc/sane.d/xerox_mfp.conf
./usr/bin/gamma4scanimage
./usr/bin/sane-config
./usr/bin/sane-find-scanner
./usr/bin/scanimage
./usr/lib/libsane.so
./usr/lib/libsane.so.1
./usr/lib/libsane.so.1.0.21
./usr/lib/sane/libsane-abaton.so
./usr/lib/sane/libsane-abaton.so.1
./usr/lib/sane/libsane-abaton.so.1.0.21
./usr/lib/sane/libsane-agfafocus.so
./usr/lib/sane/libsane-agfafocus.so.1
./usr/lib/sane/libsane-agfafocus.so.1.0.21
./usr/lib/sane/libsane-apple.so
./usr/lib/sane/libsane-apple.so.1
./usr/lib/sane/libsane-apple.so.1.0.21
./usr/lib/sane/libsane-artec_eplus48u.so
./usr/lib/sane/libsane-artec_eplus48u.so.1
./usr/lib/sane/libsane-artec_eplus48u.so.1.0.21
./usr/lib/sane/libsane-artec.so
./usr/lib/sane/libsane-artec.so.1
./usr/lib/sane/libsane-artec.so.1.0.21
./usr/lib/sane/libsane-as6e.so
./usr/lib/sane/libsane-as6e.so.1
./usr/lib/sane/libsane-as6e.so.1.0.21
./usr/lib/sane/libsane-avision.so
./usr/lib/sane/libsane-avision.so.1
./usr/lib/sane/libsane-avision.so.1.0.21
./usr/lib/sane/libsane-bh.so
./usr/lib/sane/libsane-bh.so.1
./usr/lib/sane/libsane-bh.so.1.0.21
./usr/lib/sane/libsane-canon630u.so
./usr/lib/sane/libsane-canon630u.so.1
./usr/lib/sane/libsane-canon630u.so.1.0.21
./usr/lib/sane/libsane-canon_dr.so
./usr/lib/sane/libsane-canon_dr.so.1
./usr/lib/sane/libsane-canon_dr.so.1.0.21
./usr/lib/sane/libsane-canon.so
./usr/lib/sane/libsane-canon.so.1
./usr/lib/sane/libsane-canon.so.1.0.21
./usr/lib/sane/libsane-cardscan.so
./usr/lib/sane/libsane-cardscan.so.1
./usr/lib/sane/libsane-cardscan.so.1.0.21
./usr/lib/sane/libsane-coolscan2.so
./usr/lib/sane/libsane-coolscan2.so.1
./usr/lib/sane/libsane-coolscan2.so.1.0.21
./usr/lib/sane/libsane-coolscan3.so
./usr/lib/sane/libsane-coolscan3.so.1
./usr/lib/sane/libsane-coolscan3.so.1.0.21
./usr/lib/sane/libsane-coolscan.so
./usr/lib/sane/libsane-coolscan.so.1
./usr/lib/sane/libsane-coolscan.so.1.0.21
./usr/lib/sane/libsane-dc210.so
./usr/lib/sane/libsane-dc210.so.1
./usr/lib/sane/libsane-dc210.so.1.0.21
./usr/lib/sane/libsane-dc240.so
./usr/lib/sane/libsane-dc240.so.1
./usr/lib/sane/libsane-dc240.so.1.0.21
./usr/lib/sane/libsane-dc25.so
./usr/lib/sane/libsane-dc25.so.1
./usr/lib/sane/libsane-dc25.so.1.0.21
./usr/lib/sane/libsane-dell1600n_net.so
./usr/lib/sane/libsane-dell1600n_net.so.1
./usr/lib/sane/libsane-dell1600n_net.so.1.0.21
./usr/lib/sane/libsane-dll.so
./usr/lib/sane/libsane-dll.so.1
./usr/lib/sane/libsane-dll.so.1.0.21
./usr/lib/sane/libsane-dmc.so
./usr/lib/sane/libsane-dmc.so.1
./usr/lib/sane/libsane-dmc.so.1.0.21
./usr/lib/sane/libsane-epjitsu.so
./usr/lib/sane/libsane-epjitsu.so.1
./usr/lib/sane/libsane-epjitsu.so.1.0.21
./usr/lib/sane/libsane-epson2.so
./usr/lib/sane/libsane-epson2.so.1
./usr/lib/sane/libsane-epson2.so.1.0.21
./usr/lib/sane/libsane-epson.so
./usr/lib/sane/libsane-epson.so.1
./usr/lib/sane/libsane-epson.so.1.0.21
./usr/lib/sane/libsane-fujitsu.so
./usr/lib/sane/libsane-fujitsu.so.1
./usr/lib/sane/libsane-fujitsu.so.1.0.21
./usr/lib/sane/libsane-genesys.so
./usr/lib/sane/libsane-genesys.so.1
./usr/lib/sane/libsane-genesys.so.1.0.21
./usr/lib/sane/libsane-gt68xx.so
./usr/lib/sane/libsane-gt68xx.so.1
./usr/lib/sane/libsane-gt68xx.so.1.0.21
./usr/lib/sane/libsane-hp3500.so
./usr/lib/sane/libsane-hp3500.so.1
./usr/lib/sane/libsane-hp3500.so.1.0.21
./usr/lib/sane/libsane-hp3900.so
./usr/lib/sane/libsane-hp3900.so.1
./usr/lib/sane/libsane-hp3900.so.1.0.21
./usr/lib/sane/libsane-hp4200.so
./usr/lib/sane/libsane-hp4200.so.1
./usr/lib/sane/libsane-hp4200.so.1.0.21
./usr/lib/sane/libsane-hp5400.so
./usr/lib/sane/libsane-hp5400.so.1
./usr/lib/sane/libsane-hp5400.so.1.0.21
./usr/lib/sane/libsane-hp5590.so
./usr/lib/sane/libsane-hp5590.so.1
./usr/lib/sane/libsane-hp5590.so.1.0.21
./usr/lib/sane/libsane-hpljm1005.so
./usr/lib/sane/libsane-hpljm1005.so.1
./usr/lib/sane/libsane-hpljm1005.so.1.0.21
./usr/lib/sane/libsane-hp.so
./usr/lib/sane/libsane-hp.so.1
./usr/lib/sane/libsane-hp.so.1.0.21
./usr/lib/sane/libsane-hs2p.so
./usr/lib/sane/libsane-hs2p.so.1
./usr/lib/sane/libsane-hs2p.so.1.0.21
./usr/lib/sane/libsane-ibm.so
./usr/lib/sane/libsane-ibm.so.1
./usr/lib/sane/libsane-ibm.so.1.0.21
./usr/lib/sane/libsane-kodak.so
./usr/lib/sane/libsane-kodak.so.1
./usr/lib/sane/libsane-kodak.so.1.0.21
./usr/lib/sane/libsane-kvs1025.so
./usr/lib/sane/libsane-kvs1025.so.1
./usr/lib/sane/libsane-kvs1025.so.1.0.21
./usr/lib/sane/libsane-leo.so
./usr/lib/sane/libsane-leo.so.1
./usr/lib/sane/libsane-leo.so.1.0.21
./usr/lib/sane/libsane-lexmark.so
./usr/lib/sane/libsane-lexmark.so.1
./usr/lib/sane/libsane-lexmark.so.1.0.21
./usr/lib/sane/libsane-ma1509.so
./usr/lib/sane/libsane-ma1509.so.1
./usr/lib/sane/libsane-ma1509.so.1.0.21
./usr/lib/sane/libsane-matsushita.so
./usr/lib/sane/libsane-matsushita.so.1
./usr/lib/sane/libsane-matsushita.so.1.0.21
./usr/lib/sane/libsane-microtek2.so
./usr/lib/sane/libsane-microtek2.so.1
./usr/lib/sane/libsane-microtek2.so.1.0.21
./usr/lib/sane/libsane-microtek.so
./usr/lib/sane/libsane-microtek.so.1
./usr/lib/sane/libsane-microtek.so.1.0.21
./usr/lib/sane/libsane-mustek.so
./usr/lib/sane/libsane-mustek.so.1
./usr/lib/sane/libsane-mustek.so.1.0.21
./usr/lib/sane/libsane-mustek_usb.so
./usr/lib/sane/libsane-mustek_usb.so.1
./usr/lib/sane/libsane-mustek_usb.so.1.0.21
./usr/lib/sane/libsane-nec.so
./usr/lib/sane/libsane-nec.so.1
./usr/lib/sane/libsane-nec.so.1.0.21
./usr/lib/sane/libsane-net.so
./usr/lib/sane/libsane-net.so.1
./usr/lib/sane/libsane-net.so.1.0.21
./usr/lib/sane/libsane-niash.so
./usr/lib/sane/libsane-niash.so.1
./usr/lib/sane/libsane-niash.so.1.0.21
./usr/lib/sane/libsane-p5.so
./usr/lib/sane/libsane-p5.so.1
./usr/lib/sane/libsane-p5.so.1.0.21
./usr/lib/sane/libsane-pie.so
./usr/lib/sane/libsane-pie.so.1
./usr/lib/sane/libsane-pie.so.1.0.21
./usr/lib/sane/libsane-pixma.so
./usr/lib/sane/libsane-pixma.so.1
./usr/lib/sane/libsane-pixma.so.1.0.21
./usr/lib/sane/libsane-plustek_pp.so
./usr/lib/sane/libsane-plustek_pp.so.1
./usr/lib/sane/libsane-plustek_pp.so.1.0.21
./usr/lib/sane/libsane-plustek.so
./usr/lib/sane/libsane-plustek.so.1
./usr/lib/sane/libsane-plustek.so.1.0.21
./usr/lib/sane/libsane-qcam.so
./usr/lib/sane/libsane-qcam.so.1
./usr/lib/sane/libsane-qcam.so.1.0.21
./usr/lib/sane/libsane-ricoh.so
./usr/lib/sane/libsane-ricoh.so.1
./usr/lib/sane/libsane-ricoh.so.1.0.21
./usr/lib/sane/libsane-rts8891.so
./usr/lib/sane/libsane-rts8891.so.1
./usr/lib/sane/libsane-rts8891.so.1.0.21
./usr/lib/sane/libsane-s9036.so
./usr/lib/sane/libsane-s9036.so.1
./usr/lib/sane/libsane-s9036.so.1.0.21
./usr/lib/sane/libsane-sceptre.so
./usr/lib/sane/libsane-sceptre.so.1
./usr/lib/sane/libsane-sceptre.so.1.0.21
./usr/lib/sane/libsane-sharp.so
./usr/lib/sane/libsane-sharp.so.1
./usr/lib/sane/libsane-sharp.so.1.0.21
./usr/lib/sane/libsane-sm3600.so
./usr/lib/sane/libsane-sm3600.so.1
./usr/lib/sane/libsane-sm3600.so.1.0.21
./usr/lib/sane/libsane-sm3840.so
./usr/lib/sane/libsane-sm3840.so.1
./usr/lib/sane/libsane-sm3840.so.1.0.21
./usr/lib/sane/libsane-snapscan.so
./usr/lib/sane/libsane-snapscan.so.1
./usr/lib/sane/libsane-snapscan.so.1.0.21
./usr/lib/sane/libsane-sp15c.so
./usr/lib/sane/libsane-sp15c.so.1
./usr/lib/sane/libsane-sp15c.so.1.0.21
./usr/lib/sane/libsane-st400.so
./usr/lib/sane/libsane-st400.so.1
./usr/lib/sane/libsane-st400.so.1.0.21
./usr/lib/sane/libsane-stv680.so
./usr/lib/sane/libsane-stv680.so.1
./usr/lib/sane/libsane-stv680.so.1.0.21
./usr/lib/sane/libsane-tamarack.so
./usr/lib/sane/libsane-tamarack.so.1
./usr/lib/sane/libsane-tamarack.so.1.0.21
./usr/lib/sane/libsane-teco1.so
./usr/lib/sane/libsane-teco1.so.1
./usr/lib/sane/libsane-teco1.so.1.0.21
./usr/lib/sane/libsane-teco2.so
./usr/lib/sane/libsane-teco2.so.1
./usr/lib/sane/libsane-teco2.so.1.0.21
./usr/lib/sane/libsane-teco3.so
./usr/lib/sane/libsane-teco3.so.1
./usr/lib/sane/libsane-teco3.so.1.0.21
./usr/lib/sane/libsane-test.so
./usr/lib/sane/libsane-test.so.1
./usr/lib/sane/libsane-test.so.1.0.21
./usr/lib/sane/libsane-u12.so
./usr/lib/sane/libsane-u12.so.1
./usr/lib/sane/libsane-u12.so.1.0.21
./usr/lib/sane/libsane-umax1220u.so
./usr/lib/sane/libsane-umax1220u.so.1
./usr/lib/sane/libsane-umax1220u.so.1.0.21
./usr/lib/sane/libsane-umax_pp.so
./usr/lib/sane/libsane-umax_pp.so.1
./usr/lib/sane/libsane-umax_pp.so.1.0.21
./usr/lib/sane/libsane-umax.so
./usr/lib/sane/libsane-umax.so.1
./usr/lib/sane/libsane-umax.so.1.0.21
./usr/lib/sane/libsane-xerox_mfp.so
./usr/lib/sane/libsane-xerox_mfp.so.1
./usr/lib/sane/libsane-xerox_mfp.so.1.0.21
./usr/sbin/saned
./usr/share/sane
./usr/share/sane/artec_eplus48u
./usr/share/sane/epjitsu
./usr/share/sane/gt68xx
./usr/share/sane/snapscan
