./usr/lib/libslang.so.2.3.3
./usr/lib/slang/v2/modules/base64-module.so
./usr/lib/slang/v2/modules/chksum-module.so
./usr/lib/slang/v2/modules/csv-module.so
./usr/lib/slang/v2/modules/fcntl-module.so
./usr/lib/slang/v2/modules/fork-module.so
./usr/lib/slang/v2/modules/histogram-module.so
./usr/lib/slang/v2/modules/iconv-module.so
./usr/lib/slang/v2/modules/json-module.so
./usr/lib/slang/v2/modules/pcre-module.so
./usr/lib/slang/v2/modules/png-module.so
./usr/lib/slang/v2/modules/rand-module.so
./usr/lib/slang/v2/modules/select-module.so
./usr/lib/slang/v2/modules/slsmg-module.so
./usr/lib/slang/v2/modules/socket-module.so
./usr/lib/slang/v2/modules/stats-module.so
./usr/lib/slang/v2/modules/sysconf-module.so
./usr/lib/slang/v2/modules/termios-module.so
./usr/lib/slang/v2/modules/varray-module.so
./usr/lib/slang/v2/modules/zlib-module.so
