This file contains any messages produced by compilers while
running configure, to aid debugging if configure makes a mistake.

It was created by devio configure 1.2, which was
generated by GNU Autoconf 2.59.  Invocation command line was

  $ ./configure 

## --------- ##
## Platform. ##
## --------- ##

hostname = silver
uname -m = i686
uname -r = 2.6.27.21-0.1-pae
uname -s = Linux
uname -v = #1 SMP 2009-03-31 14:50:44 +0200

/usr/bin/uname -p = unknown
/bin/uname -X     = unknown

/bin/arch              = i686
/usr/bin/arch -k       = unknown
/usr/convex/getsysinfo = unknown
hostinfo               = unknown
/bin/machine           = unknown
/usr/bin/oslevel       = unknown
/bin/universe          = unknown

PATH: /opt/kde3/bin
PATH: /usr/lib/mpi/gcc/openmpi/bin
PATH: /home/jcard/bin
PATH: /usr/local/bin
PATH: /usr/bin
PATH: /bin
PATH: /usr/bin/X11
PATH: /usr/X11R6/bin
PATH: /usr/games
PATH: /usr/lib/mit/bin
PATH: /usr/lib/mit/sbin
PATH: /opt/gnome/bin
PATH: /usr/lib/qt3/bin
PATH: /usr/sbin
PATH: /usr/sbin


## ----------- ##
## Core tests. ##
## ----------- ##

configure:1352: checking for a BSD-compatible install
configure:1407: result: /usr/bin/install -c
configure:1418: checking whether build environment is sane
configure:1461: result: yes
configure:1526: checking for gawk
configure:1542: found /usr/bin/gawk
configure:1552: result: gawk
configure:1562: checking whether make sets $(MAKE)
configure:1582: result: yes
configure:1801: checking for gcc
configure:1817: found /usr/bin/gcc
configure:1827: result: gcc
configure:2071: checking for C compiler version
configure:2074: gcc --version </dev/null >&5
gcc (SUSE Linux) 4.3.2 [gcc-4_3-branch revision 141291]
Copyright (C) 2008 Free Software Foundation, Inc.
This is free software; see the source for copying conditions.  There is NO
warranty; not even for MERCHANTABILITY or FITNESS FOR A PARTICULAR PURPOSE.

configure:2077: $? = 0
configure:2079: gcc -v </dev/null >&5
Using built-in specs.
Target: i586-suse-linux
Configured with: ../configure --prefix=/usr --infodir=/usr/share/info --mandir=/usr/share/man --libdir=/usr/lib --libexecdir=/usr/lib --enable-languages=c,c++,objc,fortran,obj-c++,java,ada --enable-checking=release --with-gxx-include-dir=/usr/include/c++/4.3 --enable-ssp --disable-libssp --with-bugurl=http://bugs.opensuse.org/ --with-pkgversion='SUSE Linux' --disable-libgcj --disable-libmudflap --with-slibdir=/lib --with-system-zlib --enable-__cxa_atexit --enable-libstdcxx-allocator=new --disable-libstdcxx-pch --enable-version-specific-runtime-libs --program-suffix=-4.3 --enable-linux-futex --without-system-libunwind --with-cpu=generic --build=i586-suse-linux
Thread model: posix
gcc version 4.3.2 [gcc-4_3-branch revision 141291] (SUSE Linux) 
configure:2082: $? = 0
configure:2084: gcc -V </dev/null >&5
gcc: '-V' option must have argument
configure:2087: $? = 1
configure:2110: checking for C compiler default output file name
configure:2113: gcc    conftest.c  >&5
configure:2116: $? = 0
configure:2162: result: a.out
configure:2167: checking whether the C compiler works
configure:2173: ./a.out
configure:2176: $? = 0
configure:2193: result: yes
configure:2200: checking whether we are cross compiling
configure:2202: result: no
configure:2205: checking for suffix of executables
configure:2207: gcc -o conftest    conftest.c  >&5
configure:2210: $? = 0
configure:2235: result: 
configure:2241: checking for suffix of object files
configure:2262: gcc -c   conftest.c >&5
configure:2265: $? = 0
configure:2287: result: o
configure:2291: checking whether we are using the GNU C compiler
configure:2315: gcc -c   conftest.c >&5
configure:2321: $? = 0
configure:2325: test -z 
			 || test ! -s conftest.err
configure:2328: $? = 0
configure:2331: test -s conftest.o
configure:2334: $? = 0
configure:2347: result: yes
configure:2353: checking whether gcc accepts -g
configure:2374: gcc -c -g  conftest.c >&5
configure:2380: $? = 0
configure:2384: test -z 
			 || test ! -s conftest.err
configure:2387: $? = 0
configure:2390: test -s conftest.o
configure:2393: $? = 0
configure:2404: result: yes
configure:2421: checking for gcc option to accept ANSI C
configure:2491: gcc  -c -g -O2  conftest.c >&5
configure:2497: $? = 0
configure:2501: test -z 
			 || test ! -s conftest.err
configure:2504: $? = 0
configure:2507: test -s conftest.o
configure:2510: $? = 0
configure:2528: result: none needed
configure:2546: gcc -c -g -O2  conftest.c >&5
conftest.c:2: error: expected '=', ',', ';', 'asm' or '__attribute__' before 'me'
configure:2552: $? = 1
configure: failed program was:
| #ifndef __cplusplus
|   choke me
| #endif
configure:2696: checking for style of include used by make
configure:2724: result: GNU
configure:2752: checking dependency style of gcc
configure:2842: result: gcc3
configure:2869: checking how to run the C preprocessor
configure:2904: gcc -E  conftest.c
configure:2910: $? = 0
configure:2942: gcc -E  conftest.c
conftest.c:11:28: error: ac_nonexistent.h: No such file or directory
configure:2948: $? = 1
configure: failed program was:
| /* confdefs.h.  */
| 
| #define PACKAGE_NAME "devio"
| #define PACKAGE_TARNAME "devio"
| #define PACKAGE_VERSION "1.2"
| #define PACKAGE_STRING "devio 1.2"
| #define PACKAGE_BUGREPORT "http://sourceforge.net/projects/devio/"
| #define PACKAGE "devio"
| #define VERSION "1.2"
| /* end confdefs.h.  */
| #include <ac_nonexistent.h>
configure:2987: result: gcc -E
configure:3011: gcc -E  conftest.c
configure:3017: $? = 0
configure:3049: gcc -E  conftest.c
conftest.c:11:28: error: ac_nonexistent.h: No such file or directory
configure:3055: $? = 1
configure: failed program was:
| /* confdefs.h.  */
| 
| #define PACKAGE_NAME "devio"
| #define PACKAGE_TARNAME "devio"
| #define PACKAGE_VERSION "1.2"
| #define PACKAGE_STRING "devio 1.2"
| #define PACKAGE_BUGREPORT "http://sourceforge.net/projects/devio/"
| #define PACKAGE "devio"
| #define VERSION "1.2"
| /* end confdefs.h.  */
| #include <ac_nonexistent.h>
configure:3099: checking for egrep
configure:3109: result: grep -E
configure:3114: checking for ANSI C header files
configure:3139: gcc -c -g -O2  conftest.c >&5
configure:3145: $? = 0
configure:3149: test -z 
			 || test ! -s conftest.err
configure:3152: $? = 0
configure:3155: test -s conftest.o
configure:3158: $? = 0
configure:3247: gcc -o conftest -g -O2   conftest.c  >&5
conftest.c: In function 'main':
conftest.c:28: warning: incompatible implicit declaration of built-in function 'exit'
configure:3250: $? = 0
configure:3252: ./conftest
configure:3255: $? = 0
configure:3270: result: yes
configure:3294: checking for sys/types.h
configure:3310: gcc -c -g -O2  conftest.c >&5
configure:3316: $? = 0
configure:3320: test -z 
			 || test ! -s conftest.err
configure:3323: $? = 0
configure:3326: test -s conftest.o
configure:3329: $? = 0
configure:3340: result: yes
configure:3294: checking for sys/stat.h
configure:3310: gcc -c -g -O2  conftest.c >&5
configure:3316: $? = 0
configure:3320: test -z 
			 || test ! -s conftest.err
configure:3323: $? = 0
configure:3326: test -s conftest.o
configure:3329: $? = 0
configure:3340: result: yes
configure:3294: checking for stdlib.h
configure:3310: gcc -c -g -O2  conftest.c >&5
configure:3316: $? = 0
configure:3320: test -z 
			 || test ! -s conftest.err
configure:3323: $? = 0
configure:3326: test -s conftest.o
configure:3329: $? = 0
configure:3340: result: yes
configure:3294: checking for string.h
configure:3310: gcc -c -g -O2  conftest.c >&5
configure:3316: $? = 0
configure:3320: test -z 
			 || test ! -s conftest.err
configure:3323: $? = 0
configure:3326: test -s conftest.o
configure:3329: $? = 0
configure:3340: result: yes
configure:3294: checking for memory.h
configure:3310: gcc -c -g -O2  conftest.c >&5
configure:3316: $? = 0
configure:3320: test -z 
			 || test ! -s conftest.err
configure:3323: $? = 0
configure:3326: test -s conftest.o
configure:3329: $? = 0
configure:3340: result: yes
configure:3294: checking for strings.h
configure:3310: gcc -c -g -O2  conftest.c >&5
configure:3316: $? = 0
configure:3320: test -z 
			 || test ! -s conftest.err
configure:3323: $? = 0
configure:3326: test -s conftest.o
configure:3329: $? = 0
configure:3340: result: yes
configure:3294: checking for inttypes.h
configure:3310: gcc -c -g -O2  conftest.c >&5
configure:3316: $? = 0
configure:3320: test -z 
			 || test ! -s conftest.err
configure:3323: $? = 0
configure:3326: test -s conftest.o
configure:3329: $? = 0
configure:3340: result: yes
configure:3294: checking for stdint.h
configure:3310: gcc -c -g -O2  conftest.c >&5
configure:3316: $? = 0
configure:3320: test -z 
			 || test ! -s conftest.err
configure:3323: $? = 0
configure:3326: test -s conftest.o
configure:3329: $? = 0
configure:3340: result: yes
configure:3294: checking for unistd.h
configure:3310: gcc -c -g -O2  conftest.c >&5
configure:3316: $? = 0
configure:3320: test -z 
			 || test ! -s conftest.err
configure:3323: $? = 0
configure:3326: test -s conftest.o
configure:3329: $? = 0
configure:3340: result: yes
configure:3370: checking fcntl.h usability
configure:3382: gcc -c -g -O2  conftest.c >&5
configure:3388: $? = 0
configure:3392: test -z 
			 || test ! -s conftest.err
configure:3395: $? = 0
configure:3398: test -s conftest.o
configure:3401: $? = 0
configure:3411: result: yes
configure:3415: checking fcntl.h presence
configure:3425: gcc -E  conftest.c
configure:3431: $? = 0
configure:3451: result: yes
configure:3486: checking for fcntl.h
configure:3493: result: yes
configure:3370: checking limits.h usability
configure:3382: gcc -c -g -O2  conftest.c >&5
configure:3388: $? = 0
configure:3392: test -z 
			 || test ! -s conftest.err
configure:3395: $? = 0
configure:3398: test -s conftest.o
configure:3401: $? = 0
configure:3411: result: yes
configure:3415: checking limits.h presence
configure:3425: gcc -E  conftest.c
configure:3431: $? = 0
configure:3451: result: yes
configure:3486: checking for limits.h
configure:3493: result: yes
configure:3361: checking for stdlib.h
configure:3366: result: yes
configure:3361: checking for string.h
configure:3366: result: yes
configure:3361: checking for unistd.h
configure:3366: result: yes
configure:3508: checking whether stat file-mode macros are broken
configure:3556: result: no
configure:3566: checking for an ANSI C-conforming const
configure:3633: gcc -c -g -O2  conftest.c >&5
configure:3639: $? = 0
configure:3643: test -z 
			 || test ! -s conftest.err
configure:3646: $? = 0
configure:3649: test -s conftest.o
configure:3652: $? = 0
configure:3663: result: yes
configure:3673: checking for off_t
configure:3697: gcc -c -g -O2  conftest.c >&5
configure:3703: $? = 0
configure:3707: test -z 
			 || test ! -s conftest.err
configure:3710: $? = 0
configure:3713: test -s conftest.o
configure:3716: $? = 0
configure:3727: result: yes
configure:3739: checking for size_t
configure:3763: gcc -c -g -O2  conftest.c >&5
configure:3769: $? = 0
configure:3773: test -z 
			 || test ! -s conftest.err
configure:3776: $? = 0
configure:3779: test -s conftest.o
configure:3782: $? = 0
configure:3793: result: yes
configure:3805: checking for struct stat.st_blksize
configure:3828: gcc -c -g -O2  conftest.c >&5
configure:3834: $? = 0
configure:3838: test -z 
			 || test ! -s conftest.err
configure:3841: $? = 0
configure:3844: test -s conftest.o
configure:3847: $? = 0
configure:3904: result: yes
configure:3915: checking for struct stat.st_blocks
configure:3938: gcc -c -g -O2  conftest.c >&5
configure:3944: $? = 0
configure:3948: test -z 
			 || test ! -s conftest.err
configure:3951: $? = 0
configure:3954: test -s conftest.o
configure:3957: $? = 0
configure:4014: result: yes
configure:4039: checking for struct stat.st_rdev
configure:4062: gcc -c -g -O2  conftest.c >&5
configure:4068: $? = 0
configure:4072: test -z 
			 || test ! -s conftest.err
configure:4075: $? = 0
configure:4078: test -s conftest.o
configure:4081: $? = 0
configure:4138: result: yes
configure:4156: checking for stdlib.h
configure:4161: result: yes
configure:4301: checking for GNU libc compatible malloc
configure:4330: gcc -o conftest -g -O2   conftest.c  >&5
configure:4333: $? = 0
configure:4335: ./conftest
configure:4338: $? = 0
configure:4352: result: yes
configure:4382: checking for working memcmp
configure:4430: gcc -o conftest -g -O2   conftest.c  >&5
configure:4433: $? = 0
configure:4435: ./conftest
configure:4438: $? = 0
configure:4452: result: yes
configure:4470: checking for fdatasync
configure:4527: gcc -o conftest -g -O2   conftest.c  >&5
configure:4533: $? = 0
configure:4537: test -z 
			 || test ! -s conftest.err
configure:4540: $? = 0
configure:4543: test -s conftest
configure:4546: $? = 0
configure:4558: result: yes
configure:4470: checking for memset
configure:4527: gcc -o conftest -g -O2   conftest.c  >&5
conftest.c:57: warning: conflicting types for built-in function 'memset'
configure:4533: $? = 0
configure:4537: test -z 
			 || test ! -s conftest.err
configure:4540: $? = 0
configure:4543: test -s conftest
configure:4546: $? = 0
configure:4558: result: yes
configure:4470: checking for strerror
configure:4527: gcc -o conftest -g -O2   conftest.c  >&5
configure:4533: $? = 0
configure:4537: test -z 
			 || test ! -s conftest.err
configure:4540: $? = 0
configure:4543: test -s conftest
configure:4546: $? = 0
configure:4558: result: yes
configure:4470: checking for strtoul
configure:4527: gcc -o conftest -g -O2   conftest.c  >&5
configure:4533: $? = 0
configure:4537: test -z 
			 || test ! -s conftest.err
configure:4540: $? = 0
configure:4543: test -s conftest
configure:4546: $? = 0
configure:4558: result: yes
configure:4680: creating ./config.status

## ---------------------- ##
## Running config.status. ##
## ---------------------- ##

This file was extended by devio config.status 1.2, which was
generated by GNU Autoconf 2.59.  Invocation command line was

  CONFIG_FILES    = 
  CONFIG_HEADERS  = 
  CONFIG_LINKS    = 
  CONFIG_COMMANDS = 
  $ ./config.status 

on silver

config.status:690: creating Makefile
config.status:690: creating src/Makefile
config.status:794: creating config.h
config.status:1110: executing depfiles commands

## ---------------- ##
## Cache variables. ##
## ---------------- ##

ac_cv_c_compiler_gnu=yes
ac_cv_c_const=yes
ac_cv_env_CC_set=
ac_cv_env_CC_value=
ac_cv_env_CFLAGS_set=
ac_cv_env_CFLAGS_value=
ac_cv_env_CPPFLAGS_set=
ac_cv_env_CPPFLAGS_value=
ac_cv_env_CPP_set=
ac_cv_env_CPP_value=
ac_cv_env_LDFLAGS_set=
ac_cv_env_LDFLAGS_value=
ac_cv_env_build_alias_set=
ac_cv_env_build_alias_value=
ac_cv_env_host_alias_set=
ac_cv_env_host_alias_value=
ac_cv_env_target_alias_set=
ac_cv_env_target_alias_value=
ac_cv_exeext=
ac_cv_func_fdatasync=yes
ac_cv_func_malloc_0_nonnull=yes
ac_cv_func_memcmp_working=yes
ac_cv_func_memset=yes
ac_cv_func_strerror=yes
ac_cv_func_strtoul=yes
ac_cv_header_fcntl_h=yes
ac_cv_header_inttypes_h=yes
ac_cv_header_limits_h=yes
ac_cv_header_memory_h=yes
ac_cv_header_stat_broken=no
ac_cv_header_stdc=yes
ac_cv_header_stdint_h=yes
ac_cv_header_stdlib_h=yes
ac_cv_header_string_h=yes
ac_cv_header_strings_h=yes
ac_cv_header_sys_stat_h=yes
ac_cv_header_sys_types_h=yes
ac_cv_header_unistd_h=yes
ac_cv_member_struct_stat_st_blksize=yes
ac_cv_member_struct_stat_st_blocks=yes
ac_cv_member_struct_stat_st_rdev=yes
ac_cv_objext=o
ac_cv_path_install='/usr/bin/install -c'
ac_cv_prog_AWK=gawk
ac_cv_prog_CPP='gcc -E'
ac_cv_prog_ac_ct_CC=gcc
ac_cv_prog_cc_g=yes
ac_cv_prog_cc_stdc=
ac_cv_prog_egrep='grep -E'
ac_cv_prog_make_make_set=yes
ac_cv_type_off_t=yes
ac_cv_type_size_t=yes
am_cv_CC_dependencies_compiler_type=gcc3

## ----------------- ##
## Output variables. ##
## ----------------- ##

ACLOCAL='${SHELL} /home/jcard/Desktop/buildroot-2009.05/devio-1.2/missing --run aclocal-1.9'
AMDEPBACKSLASH='\'
AMDEP_FALSE='#'
AMDEP_TRUE=''
AMTAR='${SHELL} /home/jcard/Desktop/buildroot-2009.05/devio-1.2/missing --run tar'
AUTOCONF='${SHELL} /home/jcard/Desktop/buildroot-2009.05/devio-1.2/missing --run autoconf'
AUTOHEADER='${SHELL} /home/jcard/Desktop/buildroot-2009.05/devio-1.2/missing --run autoheader'
AUTOMAKE='${SHELL} /home/jcard/Desktop/buildroot-2009.05/devio-1.2/missing --run automake-1.9'
AWK='gawk'
CC='gcc'
CCDEPMODE='depmode=gcc3'
CFLAGS='-g -O2'
CPP='gcc -E'
CPPFLAGS=''
CYGPATH_W='echo'
DEFS='-DHAVE_CONFIG_H'
DEPDIR='.deps'
ECHO_C=''
ECHO_N='-n'
ECHO_T=''
EGREP='grep -E'
EXEEXT=''
INSTALL_DATA='${INSTALL} -m 644'
INSTALL_PROGRAM='${INSTALL}'
INSTALL_SCRIPT='${INSTALL}'
INSTALL_STRIP_PROGRAM='${SHELL} $(install_sh) -c -s'
LDFLAGS=''
LIBOBJS=''
LIBS=''
LTLIBOBJS=''
MAKEINFO='${SHELL} /home/jcard/Desktop/buildroot-2009.05/devio-1.2/missing --run makeinfo'
OBJEXT='o'
PACKAGE='devio'
PACKAGE_BUGREPORT='http://sourceforge.net/projects/devio/'
PACKAGE_NAME='devio'
PACKAGE_STRING='devio 1.2'
PACKAGE_TARNAME='devio'
PACKAGE_VERSION='1.2'
PATH_SEPARATOR=':'
SET_MAKE=''
SHELL='/bin/sh'
STRIP=''
VERSION='1.2'
ac_ct_CC='gcc'
ac_ct_STRIP=''
am__fastdepCC_FALSE='#'
am__fastdepCC_TRUE=''
am__include='include'
am__leading_dot='.'
am__quote=''
am__tar='${AMTAR} chof - "$$tardir"'
am__untar='${AMTAR} xf -'
bindir='${exec_prefix}/bin'
build_alias=''
datadir='${prefix}/share'
exec_prefix='${prefix}'
host_alias=''
includedir='${prefix}/include'
infodir='${prefix}/info'
install_sh='/home/jcard/Desktop/buildroot-2009.05/devio-1.2/install-sh'
libdir='${exec_prefix}/lib'
libexecdir='${exec_prefix}/libexec'
localstatedir='${prefix}/var'
mandir='${prefix}/man'
mkdir_p='mkdir -p --'
oldincludedir='/usr/include'
prefix='/usr/local'
program_transform_name='s,x,x,'
sbindir='${exec_prefix}/sbin'
sharedstatedir='${prefix}/com'
sysconfdir='${prefix}/etc'
target_alias=''

## ----------- ##
## confdefs.h. ##
## ----------- ##

#define HAVE_FCNTL_H 1
#define HAVE_FDATASYNC 1
#define HAVE_INTTYPES_H 1
#define HAVE_LIMITS_H 1
#define HAVE_MALLOC 1
#define HAVE_MEMORY_H 1
#define HAVE_MEMSET 1
#define HAVE_STDINT_H 1
#define HAVE_STDLIB_H 1
#define HAVE_STDLIB_H 1
#define HAVE_STDLIB_H 1
#define HAVE_STRERROR 1
#define HAVE_STRINGS_H 1
#define HAVE_STRING_H 1
#define HAVE_STRING_H 1
#define HAVE_STRTOUL 1
#define HAVE_STRUCT_STAT_ST_BLKSIZE 1
#define HAVE_STRUCT_STAT_ST_BLOCKS 1
#define HAVE_STRUCT_STAT_ST_RDEV 1
#define HAVE_ST_BLOCKS 1
#define HAVE_SYS_STAT_H 1
#define HAVE_SYS_TYPES_H 1
#define HAVE_UNISTD_H 1
#define HAVE_UNISTD_H 1
#define PACKAGE "devio"
#define PACKAGE_BUGREPORT "http://sourceforge.net/projects/devio/"
#define PACKAGE_NAME "devio"
#define PACKAGE_STRING "devio 1.2"
#define PACKAGE_TARNAME "devio"
#define PACKAGE_VERSION "1.2"
#define STDC_HEADERS 1
#define VERSION "1.2"

configure: exit 0
