# alt-f_next Package Build List
#
# These packages are roughly in alphabetical
# order of dependancy with the folowing format:
#
# IPKG_NAME:BUILDROOT_PKG;COMMA_SEPERATED_BUILD_OPT=y,#DISABLED_BUILD_OPT
#
attr
acl
alsa-lib
ncurses:BR2_PACKAGE_NCURSES=y,#BR2_PACKAGE_NCURSES_WCHAR
ncursesw:-ncurses;BR2_PACKAGE_NCURSES=y,BR2_PACKAGE_NCURSES_WCHAR=y
alsa-utils:BR2_PACKAGE_ALSA_UTILS=y,#BR2_PACKAGE_ALSA_UTILS_ALSACONF,BR2_PACKAGE_ALSA_UTILS_ACONNECT=y,BR2_PACKAGE_ALSA_UTILS_ALSACTL=y,#BR2_PACKAGE_ALSA_UTILS_ALSALOOP,BR2_PACKAGE_ALSA_UTILS_ALSAMIXER=y,#BR2_PACKAGE_ALSA_UTILS_ALSAUCM,#BR2_PACKAGE_ALSA_UTILS_ALSATPLG,BR2_PACKAGE_ALSA_UTILS_AMIDI=y,BR2_PACKAGE_ALSA_UTILS_AMIXER=y,BR2_PACKAGE_ALSA_UTILS_APLAY=y,BR2_PACKAGE_ALSA_UTILS_APLAYMIDI=y,BR2_PACKAGE_ALSA_UTILS_ARECORDMIDI=y,BR2_PACKAGE_ALSA_UTILS_ASEQDUMP=y,BR2_PACKAGE_ALSA_UTILS_ASEQNET=y,#BR2_PACKAGE_ALSA_UTILS_BAT,BR2_PACKAGE_ALSA_UTILS_IECSET=y,BR2_PACKAGE_ALSA_UTILS_SPEAKER_TEST=y,#BR2_PACKAGE_ALSA_UTILS_ALSACONF,#BR2_PACKAGE_ALSA_UTILS_ALSAUCM,#BR2_PACKAGE_ALSA_UTILS_BAT
alt-f-utils:BR2_PACKAGE_ALT_F_UTILS=y,BR2_PACKAGE_ALT_F_UTILS_TARGET=y,#BR2_PACKAGE_HOST_ALT_F_UTILS
libtirpc:BR2_PACKAGE_LIBTIRPC=y,#BR2_PACKAGE_SAMBA_SMALL
expat
libiconv
gettext
libffi
zlib
openssl:BR2_PACKAGE_OPENSSL=y,BR2_PACKAGE_OPENSSL_BIN=y,BR2_PACKAGE_OPENSSL_ENGINES=y
berkeleydb:BR2_PACKAGE_BERKELEYDB=y,#BR2_PACKAGE_BERKELEYDB_COMPAT185,#BR2_PACKAGE_BERKELEYDB_TOOLS
bzip2
sqlite
gdbm
python:BR2_PACKAGE_PYTHON=y,BR2_PACKAGE_PYTHON_BZIP2=y,BR2_PACKAGE_PYTHON_BSDDB=y,BR2_PACKAGE_PYTHON_CURSES=y,BR2_PACKAGE_PYTHON_ZLIB=y,BR2_PACKAGE_PYTHON_PY_ONLY=y,BR2_PACKAGE_PYTHON_READLINE=y,BR2_PACKAGE_PYTHON_PYEXPAT=y,BR2_PACKAGE_PYTHON_SQLITE=y,BR2_PACKAGE_PYTHON_SSL=y
readline
util-linux:BR2_PACKAGE_UTIL_LINUX=y,BR2_PACKAGE_UTIL_LINUX_BINARIES=y
apr
libxml2
mariadb:BR2_PACKAGE_MYSQL=y,BR2_PACKAGE_MARIADB=y
apr-util
flex
at
aufs
dbus
libdaemon
pcre
libglib2
avahi:BR2_PACKAGE_AVAHI=y,BR2_PACKAGE_AVAHI_AUTOIPD=y,BR2_PACKAGE_AVAHI_DAEMON=y
bctoolbox
bonnie
icu
boost
bridge-utils
e2fsprogs
lzo
btrfs-progs
cifs-utils
libusb
cups
dialog
dnsmasq
dosfstools:BR2_PACKAGE_DOSFSTOOLS=y,BR2_PACKAGE_DOSFSTOOLS_FATLABEL=y,BR2_PACKAGE_DOSFSTOOLS_FSCK_FAT=y
dropbear
ethtool
faad2
libpng
freetype
fontconfig
libsndfile
lame
libogg
libvorbis
libtheora
wavpack
ffmpeg:BR2_PACKAGE_FFMPEG=y,BR2_PACKAGE_FFMPEG_FFSERVER=y,BR2_PACKAGE_FFMPEG_FFPROBE=y
file
flac
xz
ghostscript-fonts
libjpeg:BR2_PACKAGE_LIBJPEG=y,BR2_PACKAGE_JPEG=y
tiff:BR2_PACKAGE_TIFF=y,BR2_PACKAGE_TIFF_UTILITIES=y
lcms2
ghostscript
libcurl:BR2_PACKAGE_LIBCURL=y,BR2_PACKAGE_CURL=y
gdb:BR2_PACKAGE_GDB=y,BR2_PACKAGE_GDB_SERVER=y,BR2_PACKAGE_GDB_DEBUGGER=y
gmp
gnupg:BR2_PACKAGE_GNUPG=y,BR2_PACKAGE_GNUPG_GPGV=y,BR2_PACKAGE_GNUPG_GPGSPLIT=y
htop
libconfuse
libite
inadyn-mt
initscripts
iperf
iptables
iptraf-ng
kexec:BR2_PACKAGE_KEXEC=y,BR2_PACKAGE_KEXEC_ZLIB=y
lftp
libevent
libexif
libfuse
libgpg-error
libgcrypt
libid3tag
libmad
libmcrypt
libnl:BR2_PACKAGE_LIBNL=y,BR2_PACKAGE_LIBNL_TOOLS=y
libpcap
popt
gptfdisk:BR2_PACKAGE_GPTFDISK=y,BR2_PACKAGE_GPTFDISK_GDISK=y,BR2_PACKAGE_GPTFDISK_CGDISK=y
librsync
libunistring
libupnp
libusb-compat
lighttpd:BR2_PACKAGE_LIGHTTPD=y,BR2_PACKAGE_LIGHTTPD_OPENSSL=y,BR2_PACKAGE_LIGHTTPD_ZLIB=y,BR2_PACKAGE_LIGHTTPD_PCRE=y,BR2_PACKAGE_LIGHTTPD_WEBDAV=y
lz4
make
slang
mc
mdadm
ortp
mediastreamer
micropython-lib:BR2_PACKAGE_MICROPYTHON=y,BR2_PACKAGE_MICROPYTHON_LIB=y
micropython
minidlna
mpd
mpg123-libs:mpg123;BR2_PACKAGE_MPG123=y
mpg123-progs:mpg123;BR2_PACKAGE_MPG123=y
samba-small:BR2_PACKAGE_SAMBA_SMALL=y
mplayer:BR2_PACKAGE_MPLAYER=y,BR2_PACKAGE_MPLAYER_MENCODER=y
msmtp
mtd-utils:mtd;BR2_PACKAGE_MTD=y,BR2_PACKAGE_MTD_DOCFDISK=y,BR2_PACKAGE_MTD_DOC_LOADBIOS=y,BR2_PACKAGE_MTD_FLASH_OTP_DUMP=y,BR2_PACKAGE_MTD_FLASH_OTP_INFO=y,BR2_PACKAGE_MTD_FLASH_OTP_LOCK=y,BR2_PACKAGE_MTD_FLASH_OTP_WRITE=y,BR3_PACKAGE_MTD_FTL_CHECK=y,BR2_PACKAGE_MTD_FTL_CHECK=y,BR2_PACKAGE_MTD_FTL_FORMAT=y,BR2_PACKAGE_MTD_JFFS2DUMP=y,BR2_PACKAGE_MTD_MKFSJFFS2=y,BR2_PACKAGE_MTD_MKFSUBIFS=y,BR2_PACKAGE_MTD_MTDPART=y,BR2_PACKAGE_MTD_NFTLDUMP=y,BR2_PACKAGE_MTD_NFTL_FORMAT=y,BR2_PACKAGE_MTD_RECV_IMAGE=y,BR2_PACKAGE_MTD_RFDDUMP=y,BR2_PACKAGE_MTD_RFDFORMAT=y,BR2_PACKAGE_MTD_SERVE_IMAGE=y,BR2_PACKAGE_MTD_SUMTOOL=y
mxml
nano
ncftp:BR2_PACKAGE_NCFTP=y,BR2_PACKAGE_NCFTP_BOOKMARKS=y
neon
netatalk
netperf
netsnmp:BR2_PACKAGE_NETSNMP=y
nfs-utils
nmap
ntfs-3g
ntp
openssh
openvpn
p7zip
parted
perl:BR2_PACKAGE_PERL=y,BR2_PACKAGE_PERL_CRYPT_OPENSSL_RANDOM=y,BR2_PACKAGE_PERL_CRYPT_OPENSSL_RSA=y,BR2_PACKAGE_PERL_DATETIME_TINY=y,BR2_PACKAGE_PERL_DIGEST_HMAC=y,BR2_PACKAGE_PERL_DIGEST_SHA1=y,BR2_PACKAGE_PERL_ENCODE_DETECT=y,BR2_PACKAGE_PERL_ENCODE_LOCALE=y,BR2_PACKAGE_PERL_FILE_LISTING=y,BR2_PACKAGE_PERL_FILE_UTIL=y,BR2_PACKAGE_PERL_GD=y,BR2_PACKAGE_PERL_GDGRAPH=y,BR2_PACKAGE_PERL_GDTEXTUTIL=y,BR2_PACKAGE_PERL_HTML_PARSER=y,BR2_PACKAGE_PERL_HTML_TAGSET=y,BR2_PACKAGE_PERL_HTTP_COOKIES=y,BR2_PACKAGE_PERL_HTTP_DAEMON=y,BR2_PACKAGE_PERL_HTTP_DATE=y,BR2_PACKAGE_PERL_HTTP_MESSAGE=y,BR2_PACKAGE_PERL_HTTP_NEGOTIATE=y,BR2_PACKAGE_PERL_IO_HTML=y,BR2_PACKAGE_PERL_IO_SOCKET_SSL=y,BR2_PACKAGE_PERL_JSON_TINY=y,BR2_PACKAGE_PERL_LIBWWW_PERL=y,BR2_PACKAGE_PERL_LWP_MEDIATYPES=y,BR2_PACKAGE_PERL_MAILTOOLS=y,BR2_PACKAGE_PERL_MIME_BASE64=y,BR2_PACKAGE_PERL_NET_DNS=y,BR2_PACKAGE_PERL_NET_HTTP=y,BR2_PACKAGE_PERL_NET_SSLEAY=y,BR2_PACKAGE_PERL_NETADDR_IP=y,BR2_PACKAGE_PERL_PATH_TINY=y,BR2_PACKAGE_PERL_TIME_HIRES=y,BR2_PACKAGE_PERL_TIMEDATE=y,BR2_PACKAGE_PERL_TRY_TINY=y,BR2_PACKAGE_PERL_URI=y,BR2_PACKAGE_PERL_WWW_ROBOTRULES=y,BR2_PACKAGE_PERL_XML_LIBXML=y,BR2_PACKAGE_PERL_XML_NAMESPACESUPPORT=y,BR2_PACKAGE_PERL_XML_SAX=y,BR2_PACKAGE_PERL_XML_SAX_BASE=y
git
php:BR2_PACKAGE_PHP=y,BR2_PACKAGE_PHP_SAPI_CGI=y,BR2_PACKAGE_PHP_SAPI_CLI=y,BR2_PACKAGE_PHP_EXT_CALENDAR=y,BR2_PACKAGE_PHP_EXT_FILEINFO=y,BR2_PACKAGE_PHP_EXT_READLINE=y,BR2_PACKAGE_PHP_EXT_BZIP2=y,BR2_PACKAGE_PHP_EXT_PHAR=y,BR2_PACKAGE_PHP_EXT_ZIP=y,BR2_PACKAGE_PHP_EXT_ZLIB=y,BR2_PACKAGE_PHP_EXT_HASH=y,BR2_PACKAGE_PHP_EXT_MCRYPT=y,BR2_PACKAGE_PHP_EXT_OPENSSL=y,BR2_PACKAGE_PHP_EXT_MYSQLI=y,BR2_PACKAGE_PHP_EXT_SQLITE=y,BR2_PACKAGE_PHP_EXT_SYSVMSG=y,BR2_PACKAGE_PHP_EXT_LIBXML2=y,BR2_PACKAGE_PHP_EXT_XML=y,BR2_PACKAGE_PHP_EXT_XMLREADER=y,BR2_PACKAGE_PHP_EXT_XMLWRITER=y,BR2_PACKAGE_PHP_EXT_SNMP=y,BR2_PACKAGE_PHP_EXT_SOCKETS=y,BR2_PACKAGE_PHP_EXT_SYSVSEM=y,BR2_PACKAGE_PHP_EXT_SYSVSHM=y,BR2_PACKAGE_PHP_EXT_SOAP=y,BR2_PACKAGE_PHP_EXT_SIMPLEXML=y
pptp-linux
python-cffi
python-cryptography
python-enum34
python-idna
python-ipaddress
python-pyasn
python-pycrypto
python-pyopenssl
python-setuptools
python-six
quota
rpcbind
rsync
sane-backends
hplip
screen
smartmontools
socat
twolame
sox
strace
stunnel
sudo
sysstat
taglib
tcpdump
transmission:BR2_PACKAGE_TRANSMISSION=y,BR2_PACKAGE_TRANSMISSION_CLI=y,BR2_PACKAGE_TRANSMISSION_DAEMON=y,BR2_PACKAGE_TRANSMISSION_REMOTE=y
uemacs
unrar
ushare
vsftpd
ncursesw:ncurses;BR2_PACKAGE_NCURSES=y,BR2_PACKAGE_NCURSES_WCHAR=y
wireless_tools
wpa_supplicant
