./usr/lib/libavcodec.so
./usr/lib/libavcodec.so.54
./usr/lib/libavcodec.so.54.92.100
./usr/lib/libavdevice.so
./usr/lib/libavdevice.so.54
./usr/lib/libavdevice.so.54.3.103
./usr/lib/libavfilter.so
./usr/lib/libavfilter.so.3
./usr/lib/libavfilter.so.3.42.103
./usr/lib/libavformat.so
./usr/lib/libavformat.so.54
./usr/lib/libavformat.so.54.63.104
./usr/lib/libavutil.so
./usr/lib/libavutil.so.52
./usr/lib/libavutil.so.52.18.100
./usr/lib/libswresample.so
./usr/lib/libswresample.so.0
./usr/lib/libswresample.so.0.17.102
./usr/lib/libswscale.so
./usr/lib/libswscale.so.2
./usr/lib/libswscale.so.2.2.100
