./usr/bin/fuppes
./usr/bin/fuppesd
./usr/lib/libfuppes.so
./usr/lib/libfuppes.so.0
./usr/lib/fuppes/libencoder_pcm.so.0.0.0
./usr/lib/fuppes/libencoder_pcm.so.0
./usr/lib/fuppes/libencoder_wav.so.0
./usr/lib/fuppes/libmetadata_dlna_profiles.so.0
./usr/lib/fuppes/libdatabase_sqlite3.so.0.0.0
./usr/lib/fuppes/libdatabase_sqlite3.so
./usr/lib/fuppes/libmetadata_dlna_profiles.so
./usr/lib/fuppes/libmetadata_dlna_profiles.so.0.0.0
./usr/lib/fuppes/libencoder_wav.so.0.0.0
./usr/lib/fuppes/libencoder_pcm.so
./usr/lib/fuppes/libdatabase_sqlite3.so.0
./usr/lib/fuppes/libencoder_wav.so
./usr/lib/libfuppes.so.0.0.0
./usr/share/fuppes/style.css
./usr/share/fuppes/header-gradient-small.png
./usr/share/fuppes/fuppes-small.png
./usr/share/fuppes/header-gradient.png
