./usr/bin/gawk
./usr/bin/igawk
./usr/bin/pgawk
./usr/bin/pgawk-3.1.8
./usr/lib/awk
./usr/lib/awk/grcat
./usr/lib/awk/pwcat
./usr/share/awk
./usr/share/awk/assert.awk
./usr/share/awk/bits2str.awk
./usr/share/awk/cliff_rand.awk
./usr/share/awk/ctime.awk
./usr/share/awk/ftrans.awk
./usr/share/awk/getopt.awk
./usr/share/awk/gettime.awk
./usr/share/awk/group.awk
./usr/share/awk/join.awk
./usr/share/awk/libintl.awk
./usr/share/awk/nextfile.awk
./usr/share/awk/noassign.awk
./usr/share/awk/ord.awk
./usr/share/awk/passwd.awk
./usr/share/awk/readable.awk
./usr/share/awk/rewind.awk
./usr/share/awk/round.awk
./usr/share/awk/strtonum.awk
./usr/share/awk/zerofile.awk
