./usr/bin/git
./usr/bin/git-cvsserver
./usr/bin/git-receive-pack
./usr/bin/git-shell
./usr/bin/git-upload-archive
./usr/bin/git-upload-pack
./usr/lib/git-core
./usr/lib/git-core/git
./usr/lib/git-core/git-add
./usr/lib/git-core/git-add--interactive
./usr/lib/git-core/git-am
./usr/lib/git-core/git-annotate
./usr/lib/git-core/git-apply
./usr/lib/git-core/git-archimport
./usr/lib/git-core/git-archive
./usr/lib/git-core/git-bisect
./usr/lib/git-core/git-bisect--helper
./usr/lib/git-core/git-blame
./usr/lib/git-core/git-branch
./usr/lib/git-core/git-bundle
./usr/lib/git-core/git-cat-file
./usr/lib/git-core/git-check-attr
./usr/lib/git-core/git-check-ignore
./usr/lib/git-core/git-check-mailmap
./usr/lib/git-core/git-checkout
./usr/lib/git-core/git-checkout-index
./usr/lib/git-core/git-check-ref-format
./usr/lib/git-core/git-cherry
./usr/lib/git-core/git-cherry-pick
./usr/lib/git-core/git-clean
./usr/lib/git-core/git-clone
./usr/lib/git-core/git-column
./usr/lib/git-core/git-commit
./usr/lib/git-core/git-commit-tree
./usr/lib/git-core/git-config
./usr/lib/git-core/git-count-objects
./usr/lib/git-core/git-credential
./usr/lib/git-core/git-credential-cache
./usr/lib/git-core/git-credential-cache--daemon
./usr/lib/git-core/git-credential-store
./usr/lib/git-core/git-cvsexportcommit
./usr/lib/git-core/git-cvsimport
./usr/lib/git-core/git-cvsserver
./usr/lib/git-core/git-daemon
./usr/lib/git-core/git-describe
./usr/lib/git-core/git-diff
./usr/lib/git-core/git-diff-files
./usr/lib/git-core/git-diff-index
./usr/lib/git-core/git-difftool
./usr/lib/git-core/git-difftool--helper
./usr/lib/git-core/git-diff-tree
./usr/lib/git-core/git-fast-export
./usr/lib/git-core/git-fast-import
./usr/lib/git-core/git-fetch
./usr/lib/git-core/git-fetch-pack
./usr/lib/git-core/git-filter-branch
./usr/lib/git-core/git-fmt-merge-msg
./usr/lib/git-core/git-for-each-ref
./usr/lib/git-core/git-format-patch
./usr/lib/git-core/git-fsck
./usr/lib/git-core/git-fsck-objects
./usr/lib/git-core/git-gc
./usr/lib/git-core/git-get-tar-commit-id
./usr/lib/git-core/git-grep
./usr/lib/git-core/git-hash-object
./usr/lib/git-core/git-help
./usr/lib/git-core/git-http-backend
./usr/lib/git-core/git-http-fetch
./usr/lib/git-core/git-http-push
./usr/lib/git-core/git-imap-send
./usr/lib/git-core/git-index-pack
./usr/lib/git-core/git-init
./usr/lib/git-core/git-init-db
./usr/lib/git-core/git-instaweb
./usr/lib/git-core/git-interpret-trailers
./usr/lib/git-core/git-log
./usr/lib/git-core/git-ls-files
./usr/lib/git-core/git-ls-remote
./usr/lib/git-core/git-ls-tree
./usr/lib/git-core/git-mailinfo
./usr/lib/git-core/git-mailsplit
./usr/lib/git-core/git-merge
./usr/lib/git-core/git-merge-base
./usr/lib/git-core/git-merge-file
./usr/lib/git-core/git-merge-index
./usr/lib/git-core/git-merge-octopus
./usr/lib/git-core/git-merge-one-file
./usr/lib/git-core/git-merge-ours
./usr/lib/git-core/git-merge-recursive
./usr/lib/git-core/git-merge-resolve
./usr/lib/git-core/git-merge-subtree
./usr/lib/git-core/git-mergetool
./usr/lib/git-core/git-mergetool--lib
./usr/lib/git-core/git-merge-tree
./usr/lib/git-core/git-mktag
./usr/lib/git-core/git-mktree
./usr/lib/git-core/git-mv
./usr/lib/git-core/git-name-rev
./usr/lib/git-core/git-notes
./usr/lib/git-core/git-p4
./usr/lib/git-core/git-pack-objects
./usr/lib/git-core/git-pack-redundant
./usr/lib/git-core/git-pack-refs
./usr/lib/git-core/git-parse-remote
./usr/lib/git-core/git-patch-id
./usr/lib/git-core/git-prune
./usr/lib/git-core/git-prune-packed
./usr/lib/git-core/git-pull
./usr/lib/git-core/git-push
./usr/lib/git-core/git-quiltimport
./usr/lib/git-core/git-read-tree
./usr/lib/git-core/git-rebase
./usr/lib/git-core/git-rebase--am
./usr/lib/git-core/git-rebase--interactive
./usr/lib/git-core/git-rebase--merge
./usr/lib/git-core/git-receive-pack
./usr/lib/git-core/git-reflog
./usr/lib/git-core/git-relink
./usr/lib/git-core/git-remote
./usr/lib/git-core/git-remote-ext
./usr/lib/git-core/git-remote-fd
./usr/lib/git-core/git-remote-ftp
./usr/lib/git-core/git-remote-ftps
./usr/lib/git-core/git-remote-http
./usr/lib/git-core/git-remote-https
./usr/lib/git-core/git-remote-testsvn
./usr/lib/git-core/git-repack
./usr/lib/git-core/git-replace
./usr/lib/git-core/git-request-pull
./usr/lib/git-core/git-rerere
./usr/lib/git-core/git-reset
./usr/lib/git-core/git-revert
./usr/lib/git-core/git-rev-list
./usr/lib/git-core/git-rev-parse
./usr/lib/git-core/git-rm
./usr/lib/git-core/git-send-email
./usr/lib/git-core/git-send-pack
./usr/lib/git-core/git-shell
./usr/lib/git-core/git-sh-i18n
./usr/lib/git-core/git-sh-i18n--envsubst
./usr/lib/git-core/git-shortlog
./usr/lib/git-core/git-show
./usr/lib/git-core/git-show-branch
./usr/lib/git-core/git-show-index
./usr/lib/git-core/git-show-ref
./usr/lib/git-core/git-sh-setup
./usr/lib/git-core/git-stage
./usr/lib/git-core/git-stash
./usr/lib/git-core/git-status
./usr/lib/git-core/git-stripspace
./usr/lib/git-core/git-submodule
./usr/lib/git-core/git-svn
./usr/lib/git-core/git-symbolic-ref
./usr/lib/git-core/git-tag
./usr/lib/git-core/git-unpack-file
./usr/lib/git-core/git-unpack-objects
./usr/lib/git-core/git-update-index
./usr/lib/git-core/git-update-ref
./usr/lib/git-core/git-update-server-info
./usr/lib/git-core/git-upload-archive
./usr/lib/git-core/git-upload-pack
./usr/lib/git-core/git-var
./usr/lib/git-core/git-verify-commit
./usr/lib/git-core/git-verify-pack
./usr/lib/git-core/git-verify-tag
./usr/lib/git-core/git-web--browse
./usr/lib/git-core/git-whatchanged
./usr/lib/git-core/git-write-tree
./usr/lib/git-core/mergetools
./usr/lib/git-core/mergetools/araxis
./usr/lib/git-core/mergetools/bc
./usr/lib/git-core/mergetools/bc3
./usr/lib/git-core/mergetools/codecompare
./usr/lib/git-core/mergetools/deltawalker
./usr/lib/git-core/mergetools/diffmerge
./usr/lib/git-core/mergetools/diffuse
./usr/lib/git-core/mergetools/ecmerge
./usr/lib/git-core/mergetools/emerge
./usr/lib/git-core/mergetools/gvimdiff
./usr/lib/git-core/mergetools/gvimdiff2
./usr/lib/git-core/mergetools/gvimdiff3
./usr/lib/git-core/mergetools/kdiff3
./usr/lib/git-core/mergetools/kompare
./usr/lib/git-core/mergetools/meld
./usr/lib/git-core/mergetools/opendiff
./usr/lib/git-core/mergetools/p4merge
./usr/lib/git-core/mergetools/tkdiff
./usr/lib/git-core/mergetools/tortoisemerge
./usr/lib/git-core/mergetools/vimdiff
./usr/lib/git-core/mergetools/vimdiff2
./usr/lib/git-core/mergetools/vimdiff3
./usr/lib/git-core/mergetools/xxdiff
./usr/lib/perl5/site_perl/5.16.0/Error.pm
./usr/lib/perl5/site_perl/5.16.0/Git
./usr/lib/perl5/site_perl/5.16.0/Git/I18N.pm
./usr/lib/perl5/site_perl/5.16.0/Git/IndexInfo.pm
./usr/lib/perl5/site_perl/5.16.0/Git.pm
./usr/lib/perl5/site_perl/5.16.0/Git/SVN
./usr/lib/perl5/site_perl/5.16.0/Git/SVN/Editor.pm
./usr/lib/perl5/site_perl/5.16.0/Git/SVN/Fetcher.pm
./usr/lib/perl5/site_perl/5.16.0/Git/SVN/GlobSpec.pm
./usr/lib/perl5/site_perl/5.16.0/Git/SVN/Log.pm
./usr/lib/perl5/site_perl/5.16.0/Git/SVN/Memoize
./usr/lib/perl5/site_perl/5.16.0/Git/SVN/Memoize/YAML.pm
./usr/lib/perl5/site_perl/5.16.0/Git/SVN/Migration.pm
./usr/lib/perl5/site_perl/5.16.0/Git/SVN.pm
./usr/lib/perl5/site_perl/5.16.0/Git/SVN/Prompt.pm
./usr/lib/perl5/site_perl/5.16.0/Git/SVN/Ra.pm
./usr/lib/perl5/site_perl/5.16.0/Git/SVN/Utils.pm
./usr/share/git-core
./usr/share/git-core/templates
./usr/share/git-core/templates/branches
./usr/share/git-core/templates/description
./usr/share/git-core/templates/hooks
./usr/share/git-core/templates/hooks/applypatch-msg.sample
./usr/share/git-core/templates/hooks/commit-msg.sample
./usr/share/git-core/templates/hooks/post-update.sample
./usr/share/git-core/templates/hooks/pre-applypatch.sample
./usr/share/git-core/templates/hooks/pre-commit.sample
./usr/share/git-core/templates/hooks/prepare-commit-msg.sample
./usr/share/git-core/templates/hooks/pre-push.sample
./usr/share/git-core/templates/hooks/pre-rebase.sample
./usr/share/git-core/templates/hooks/update.sample
./usr/share/git-core/templates/info
./usr/share/git-core/templates/info/exclude
./usr/share/gitweb
./usr/share/gitweb/gitweb.cgi
./usr/share/gitweb/static
./usr/share/gitweb/static/git-favicon.png
./usr/share/gitweb/static/git-logo.png
./usr/share/gitweb/static/gitweb.css
./usr/share/gitweb/static/gitweb.js
