./etc/init.d/S14lvm
./etc/lvm/lvm.conf
./usr/sbin/lvchange
./usr/sbin/lvcreate
./usr/sbin/lvdisplay
./usr/sbin/lvextend
./usr/sbin/lvm
./usr/sbin/lvmchange
./usr/sbin/lvmdiskscan
./usr/sbin/lvmsadc
./usr/sbin/lvmsar
./usr/sbin/lvreduce
./usr/sbin/lvremove
./usr/sbin/lvrename
./usr/sbin/lvresize
./usr/sbin/lvs
./usr/sbin/lvscan
./usr/sbin/pvchange
./usr/sbin/pvcreate
./usr/sbin/pvdisplay
./usr/sbin/pvmove
./usr/sbin/pvremove
./usr/sbin/pvresize
./usr/sbin/pvs
./usr/sbin/pvscan
./usr/sbin/vgcfgbackup
./usr/sbin/vgcfgrestore
./usr/sbin/vgchange
./usr/sbin/vgck
./usr/sbin/vgconvert
./usr/sbin/vgcreate
./usr/sbin/vgdisplay
./usr/sbin/vgexport
./usr/sbin/vgextend
./usr/sbin/vgimport
./usr/sbin/vgmerge
./usr/sbin/vgmknodes
./usr/sbin/vgreduce
./usr/sbin/vgremove
./usr/sbin/vgrename
./usr/sbin/vgs
./usr/sbin/vgscan
./usr/sbin/vgsplit
./usr/www/cgi-bin/Disk_lvm.men
./usr/www/cgi-bin/lvm.cgi
./usr/www/cgi-bin/lvm_proc.cgi
./usr/www/lvm_hlp.html
