./etc/mt-daapd.conf
./etc/mt-daapd.playlist
./etc/init.d/S80mt_daapd
./usr/sbin/mt-daapd
./usr/share/mt-daapd/admin-root/aspl-license.html
./usr/share/mt-daapd/admin-root/aspl-license.txt
./usr/share/mt-daapd/admin-root/config.html
./usr/share/mt-daapd/admin-root/config-update.html
./usr/share/mt-daapd/admin-root/feedback.html
./usr/share/mt-daapd/admin-root/ftr.html
./usr/share/mt-daapd/admin-root/gpl-license.html
./usr/share/mt-daapd/admin-root/gpl-license.txt
./usr/share/mt-daapd/admin-root/hdr.html
./usr/share/mt-daapd/admin-root/index.html
./usr/share/mt-daapd/admin-root/linkOpaque.gif
./usr/share/mt-daapd/admin-root/linkTransparent.gif
./usr/share/mt-daapd/admin-root/mt-daapd.css
./usr/share/mt-daapd/admin-root/mt-daapd.png
./usr/share/mt-daapd/admin-root/required.gif
./usr/share/mt-daapd/admin-root/status.html
./usr/share/mt-daapd/admin-root/thanks.html
./usr/www/cgi-bin/mt_daapd.cgi
./usr/www/cgi-bin/mt_daapd_proc.cgi
