./etc/init.d/S44mysqld
./usr/bin/innochecksum
./usr/bin/msql2mysql
./usr/bin/myisamchk
./usr/bin/myisam_ftdump
./usr/bin/myisamlog
./usr/bin/myisampack
./usr/bin/my_print_defaults
./usr/bin/mysqlaccess
./usr/bin/mysqlbinlog
./usr/bin/mysqlbug
./usr/bin/mysql_config
./usr/bin/mysql_convert_table_format
./usr/bin/mysqld_multi
./usr/bin/mysqld_safe
./usr/bin/mysqldumpslow
./usr/bin/mysql_find_rows
./usr/bin/mysql_fix_extensions
./usr/bin/mysql_fix_privilege_tables
./usr/bin/mysqlhotcopy
./usr/bin/mysql_install_db
./usr/bin/mysql_secure_installation
./usr/bin/mysql_setpermission
./usr/bin/mysqlslap
./usr/bin/mysqltest
./usr/bin/mysqltest_embedded
./usr/bin/mysql_tzinfo_to_sql
./usr/bin/mysql_upgrade
./usr/bin/mysql_waitpid
./usr/bin/mysql_zap
./usr/bin/perror
./usr/bin/replace
./usr/bin/resolveip
./usr/bin/resolve_stack_dump
./usr/lib/mysql/plugin/ha_archive.so
./usr/lib/mysql/plugin/ha_archive.so.0
./usr/lib/mysql/plugin/ha_archive.so.0.0.0
./usr/lib/mysql/plugin/ha_blackhole.so
./usr/lib/mysql/plugin/ha_blackhole.so.0
./usr/lib/mysql/plugin/ha_blackhole.so.0.0.0
./usr/lib/mysql/plugin/ha_example.so
./usr/lib/mysql/plugin/ha_example.so.0
./usr/lib/mysql/plugin/ha_example.so.0.0.0
./usr/lib/mysql/plugin/ha_federated.so
./usr/lib/mysql/plugin/ha_federated.so.0
./usr/lib/mysql/plugin/ha_federated.so.0.0.0
./usr/lib/mysql/plugin/ha_innodb_plugin.so
./usr/lib/mysql/plugin/ha_innodb_plugin.so.0
./usr/lib/mysql/plugin/ha_innodb_plugin.so.0.0.0
./usr/lib/mysql/plugin/ha_innodb.so
./usr/lib/mysql/plugin/ha_innodb.so.0
./usr/lib/mysql/plugin/ha_innodb.so.0.0.0
./usr/sbin/mysqld
./usr/sbin/mysqlmanager
./usr/share/mysql/binary-configure
./usr/share/mysql/charsets/armscii8.xml
./usr/share/mysql/charsets/ascii.xml
./usr/share/mysql/charsets/cp1250.xml
./usr/share/mysql/charsets/cp1251.xml
./usr/share/mysql/charsets/cp1256.xml
./usr/share/mysql/charsets/cp1257.xml
./usr/share/mysql/charsets/cp850.xml
./usr/share/mysql/charsets/cp852.xml
./usr/share/mysql/charsets/cp866.xml
./usr/share/mysql/charsets/dec8.xml
./usr/share/mysql/charsets/geostd8.xml
./usr/share/mysql/charsets/greek.xml
./usr/share/mysql/charsets/hebrew.xml
./usr/share/mysql/charsets/hp8.xml
./usr/share/mysql/charsets/Index.xml
./usr/share/mysql/charsets/keybcs2.xml
./usr/share/mysql/charsets/koi8r.xml
./usr/share/mysql/charsets/koi8u.xml
./usr/share/mysql/charsets/latin1.xml
./usr/share/mysql/charsets/latin2.xml
./usr/share/mysql/charsets/latin5.xml
./usr/share/mysql/charsets/latin7.xml
./usr/share/mysql/charsets/macce.xml
./usr/share/mysql/charsets/macroman.xml
./usr/share/mysql/charsets/README
./usr/share/mysql/charsets/swe7.xml
./usr/share/mysql/config.huge.ini
./usr/share/mysql/config.medium.ini
./usr/share/mysql/config.small.ini
./usr/share/mysql/czech/errmsg.sys
./usr/share/mysql/danish/errmsg.sys
./usr/share/mysql/dutch/errmsg.sys
./usr/share/mysql/english/errmsg.sys
./usr/share/mysql/errmsg.txt
./usr/share/mysql/estonian/errmsg.sys
./usr/share/mysql/fill_help_tables.sql
./usr/share/mysql/french/errmsg.sys
./usr/share/mysql/german/errmsg.sys
./usr/share/mysql/greek/errmsg.sys
./usr/share/mysql/hungarian/errmsg.sys
./usr/share/mysql/italian/errmsg.sys
./usr/share/mysql/japanese/errmsg.sys
./usr/share/mysql/korean/errmsg.sys
./usr/share/mysql/mi_test_all
./usr/share/mysql/mi_test_all.res
./usr/share/mysql/my-huge.cnf
./usr/share/mysql/my-innodb-heavy-4G.cnf
./usr/share/mysql/my-large.cnf
./usr/share/mysql/my-medium.cnf
./usr/share/mysql/my-small.cnf
./usr/share/mysql/mysqld_multi.server
./usr/share/mysql/mysql_fix_privilege_tables.sql
./usr/share/mysql/mysql-log-rotate
./usr/share/mysql/mysql.server
./usr/share/mysql/mysql_system_tables_data.sql
./usr/share/mysql/mysql_system_tables.sql
./usr/share/mysql/mysql_test_data_timezone.sql
./usr/share/mysql/ndb-config-2-node.ini
./usr/share/mysql/norwegian/errmsg.sys
./usr/share/mysql/norwegian-ny/errmsg.sys
./usr/share/mysql/polish/errmsg.sys
./usr/share/mysql/portuguese/errmsg.sys
./usr/share/mysql/romanian/errmsg.sys
./usr/share/mysql/russian/errmsg.sys
./usr/share/mysql/serbian/errmsg.sys
./usr/share/mysql/slovak/errmsg.sys
./usr/share/mysql/spanish/errmsg.sys
./usr/share/mysql/swedish/errmsg.sys
./usr/share/mysql/ukrainian/errmsg.sys
