./usr/lib/libform.so
./usr/lib/libform.so.5
./usr/lib/libform.so.5.6
./usr/lib/libmenu.so
./usr/lib/libmenu.so.5
./usr/lib/libmenu.so.5.6
./usr/lib/libncurses.so
./usr/lib/libncurses.so.5
./usr/lib/libncurses.so.5.6
./usr/lib/libpanel.so
./usr/lib/libpanel.so.5
./usr/lib/libpanel.so.5.6
./usr/share/terminfo/a/ansi
./usr/share/terminfo/l/linux
./usr/share/terminfo/v/vt100
./usr/share/terminfo/v/vt102
./usr/share/terminfo/v/vt200
./usr/share/terminfo/v/vt220
./usr/share/terminfo/x/xterm
./usr/share/terminfo/x/xterm-color
./usr/share/terminfo/x/xterm-xfree86
