./etc/afp.conf
./etc/init.d/S51netatalk
./usr/bin/ad
./usr/bin/afpldaptest
./usr/bin/afppasswd
./usr/bin/apple_dump
./usr/bin/asip-status.pl
./usr/bin/cnid2_create
./usr/bin/dbd
./usr/bin/macusers
./usr/bin/uniconv
./usr/lib/libatalk.so
./usr/lib/libatalk.so.2
./usr/lib/libatalk.so.2.0.0
./usr/lib/netatalk
./usr/lib/netatalk/uams_clrtxt.so
./usr/lib/netatalk/uams_dhx2_passwd.so
./usr/lib/netatalk/uams_dhx2.so
./usr/lib/netatalk/uams_dhx_passwd.so
./usr/lib/netatalk/uams_dhx.so
./usr/lib/netatalk/uams_guest.so
./usr/lib/netatalk/uams_passwd.so
./usr/lib/netatalk/uams_randnum.so
./usr/sbin/afpd
./usr/sbin/cnid_dbd
./usr/sbin/cnid_metad
./usr/sbin/netatalk
./var/lib/netatalk
./var/lib/netatalk/CNID
./var/lib/netatalk/CNID/README
./var/lib/netatalk/README
