./etc/ppp
./etc/ppp/chap-secrets
./etc/ppp/options
./etc/ppp/pap-secrets
./usr/lib/pppd
./usr/lib/pppd/2.4.5
./usr/lib/pppd/2.4.5/minconn.so
./usr/lib/pppd/2.4.5/openl2tp.so
./usr/lib/pppd/2.4.5/passprompt.so
./usr/lib/pppd/2.4.5/passwordfd.so
./usr/lib/pppd/2.4.5/pppoatm.so
./usr/lib/pppd/2.4.5/pppol2tp.so
./usr/lib/pppd/2.4.5/radattr.so
./usr/lib/pppd/2.4.5/radius.so
./usr/lib/pppd/2.4.5/radrealms.so
./usr/lib/pppd/2.4.5/rp-pppoe.so
./usr/lib/pppd/2.4.5/winbind.so
./usr/sbin/chat
./usr/sbin/pppd
./usr/sbin/pppdump
./usr/sbin/pppoe-discovery
./usr/sbin/pppstats
