./usr/bin/pfree
./usr/bin/pkill
./usr/bin/ppidof
./usr/bin/pps
./usr/bin/ptop
./usr/bin/puptime
./usr/bin/pwatch
./usr/lib/libprocps.so
./usr/lib/libprocps.so.4
./usr/lib/libprocps.so.4.0.0
./usr/local/bin/free
./usr/local/bin/kill
./usr/local/bin/pgrep
./usr/local/bin/pidof
./usr/local/bin/pkill
./usr/local/bin/pmap
./usr/local/bin/ps
./usr/local/bin/pwdx
./usr/local/bin/slabtop
./usr/local/bin/tload
./usr/local/bin/top
./usr/local/bin/uptime
./usr/local/bin/vmstat
./usr/local/bin/w
./usr/local/bin/watch
./usr/local/sbin/sysctl
