./usr/lib/python2.7/site-packages/Crypto
./usr/lib/python2.7/site-packages/Crypto/Cipher
./usr/lib/python2.7/site-packages/Crypto/Cipher/AES.py
./usr/lib/python2.7/site-packages/Crypto/Cipher/AES.pyc
./usr/lib/python2.7/site-packages/Crypto/Cipher/_AES.so
./usr/lib/python2.7/site-packages/Crypto/Cipher/ARC2.py
./usr/lib/python2.7/site-packages/Crypto/Cipher/ARC2.pyc
./usr/lib/python2.7/site-packages/Crypto/Cipher/_ARC2.so
./usr/lib/python2.7/site-packages/Crypto/Cipher/ARC4.py
./usr/lib/python2.7/site-packages/Crypto/Cipher/ARC4.pyc
./usr/lib/python2.7/site-packages/Crypto/Cipher/_ARC4.so
./usr/lib/python2.7/site-packages/Crypto/Cipher/blockalgo.py
./usr/lib/python2.7/site-packages/Crypto/Cipher/blockalgo.pyc
./usr/lib/python2.7/site-packages/Crypto/Cipher/Blowfish.py
./usr/lib/python2.7/site-packages/Crypto/Cipher/Blowfish.pyc
./usr/lib/python2.7/site-packages/Crypto/Cipher/_Blowfish.so
./usr/lib/python2.7/site-packages/Crypto/Cipher/CAST.py
./usr/lib/python2.7/site-packages/Crypto/Cipher/CAST.pyc
./usr/lib/python2.7/site-packages/Crypto/Cipher/_CAST.so
./usr/lib/python2.7/site-packages/Crypto/Cipher/DES3.py
./usr/lib/python2.7/site-packages/Crypto/Cipher/DES3.pyc
./usr/lib/python2.7/site-packages/Crypto/Cipher/_DES3.so
./usr/lib/python2.7/site-packages/Crypto/Cipher/DES.py
./usr/lib/python2.7/site-packages/Crypto/Cipher/DES.pyc
./usr/lib/python2.7/site-packages/Crypto/Cipher/_DES.so
./usr/lib/python2.7/site-packages/Crypto/Cipher/__init__.py
./usr/lib/python2.7/site-packages/Crypto/Cipher/__init__.pyc
./usr/lib/python2.7/site-packages/Crypto/Cipher/PKCS1_OAEP.py
./usr/lib/python2.7/site-packages/Crypto/Cipher/PKCS1_OAEP.pyc
./usr/lib/python2.7/site-packages/Crypto/Cipher/PKCS1_v1_5.py
./usr/lib/python2.7/site-packages/Crypto/Cipher/PKCS1_v1_5.pyc
./usr/lib/python2.7/site-packages/Crypto/Cipher/XOR.py
./usr/lib/python2.7/site-packages/Crypto/Cipher/XOR.pyc
./usr/lib/python2.7/site-packages/Crypto/Cipher/_XOR.so
./usr/lib/python2.7/site-packages/Crypto/Hash
./usr/lib/python2.7/site-packages/Crypto/Hash/hashalgo.py
./usr/lib/python2.7/site-packages/Crypto/Hash/hashalgo.pyc
./usr/lib/python2.7/site-packages/Crypto/Hash/HMAC.py
./usr/lib/python2.7/site-packages/Crypto/Hash/HMAC.pyc
./usr/lib/python2.7/site-packages/Crypto/Hash/__init__.py
./usr/lib/python2.7/site-packages/Crypto/Hash/__init__.pyc
./usr/lib/python2.7/site-packages/Crypto/Hash/MD2.py
./usr/lib/python2.7/site-packages/Crypto/Hash/MD2.pyc
./usr/lib/python2.7/site-packages/Crypto/Hash/_MD2.so
./usr/lib/python2.7/site-packages/Crypto/Hash/MD4.py
./usr/lib/python2.7/site-packages/Crypto/Hash/MD4.pyc
./usr/lib/python2.7/site-packages/Crypto/Hash/_MD4.so
./usr/lib/python2.7/site-packages/Crypto/Hash/MD5.py
./usr/lib/python2.7/site-packages/Crypto/Hash/MD5.pyc
./usr/lib/python2.7/site-packages/Crypto/Hash/_RIPEMD160.so
./usr/lib/python2.7/site-packages/Crypto/Hash/RIPEMD.py
./usr/lib/python2.7/site-packages/Crypto/Hash/RIPEMD.pyc
./usr/lib/python2.7/site-packages/Crypto/Hash/SHA224.py
./usr/lib/python2.7/site-packages/Crypto/Hash/SHA224.pyc
./usr/lib/python2.7/site-packages/Crypto/Hash/_SHA224.so
./usr/lib/python2.7/site-packages/Crypto/Hash/SHA256.py
./usr/lib/python2.7/site-packages/Crypto/Hash/SHA256.pyc
./usr/lib/python2.7/site-packages/Crypto/Hash/_SHA256.so
./usr/lib/python2.7/site-packages/Crypto/Hash/SHA384.py
./usr/lib/python2.7/site-packages/Crypto/Hash/SHA384.pyc
./usr/lib/python2.7/site-packages/Crypto/Hash/_SHA384.so
./usr/lib/python2.7/site-packages/Crypto/Hash/SHA512.py
./usr/lib/python2.7/site-packages/Crypto/Hash/SHA512.pyc
./usr/lib/python2.7/site-packages/Crypto/Hash/_SHA512.so
./usr/lib/python2.7/site-packages/Crypto/Hash/SHA.py
./usr/lib/python2.7/site-packages/Crypto/Hash/SHA.pyc
./usr/lib/python2.7/site-packages/Crypto/__init__.py
./usr/lib/python2.7/site-packages/Crypto/__init__.pyc
./usr/lib/python2.7/site-packages/Crypto/pct_warnings.py
./usr/lib/python2.7/site-packages/Crypto/pct_warnings.pyc
./usr/lib/python2.7/site-packages/Crypto/Protocol
./usr/lib/python2.7/site-packages/Crypto/Protocol/AllOrNothing.py
./usr/lib/python2.7/site-packages/Crypto/Protocol/AllOrNothing.pyc
./usr/lib/python2.7/site-packages/Crypto/Protocol/Chaffing.py
./usr/lib/python2.7/site-packages/Crypto/Protocol/Chaffing.pyc
./usr/lib/python2.7/site-packages/Crypto/Protocol/__init__.py
./usr/lib/python2.7/site-packages/Crypto/Protocol/__init__.pyc
./usr/lib/python2.7/site-packages/Crypto/Protocol/KDF.py
./usr/lib/python2.7/site-packages/Crypto/Protocol/KDF.pyc
./usr/lib/python2.7/site-packages/Crypto/PublicKey
./usr/lib/python2.7/site-packages/Crypto/PublicKey/_DSA.py
./usr/lib/python2.7/site-packages/Crypto/PublicKey/DSA.py
./usr/lib/python2.7/site-packages/Crypto/PublicKey/_DSA.pyc
./usr/lib/python2.7/site-packages/Crypto/PublicKey/DSA.pyc
./usr/lib/python2.7/site-packages/Crypto/PublicKey/ElGamal.py
./usr/lib/python2.7/site-packages/Crypto/PublicKey/ElGamal.pyc
./usr/lib/python2.7/site-packages/Crypto/PublicKey/__init__.py
./usr/lib/python2.7/site-packages/Crypto/PublicKey/__init__.pyc
./usr/lib/python2.7/site-packages/Crypto/PublicKey/pubkey.py
./usr/lib/python2.7/site-packages/Crypto/PublicKey/pubkey.pyc
./usr/lib/python2.7/site-packages/Crypto/PublicKey/_RSA.py
./usr/lib/python2.7/site-packages/Crypto/PublicKey/RSA.py
./usr/lib/python2.7/site-packages/Crypto/PublicKey/_RSA.pyc
./usr/lib/python2.7/site-packages/Crypto/PublicKey/RSA.pyc
./usr/lib/python2.7/site-packages/Crypto/PublicKey/_slowmath.py
./usr/lib/python2.7/site-packages/Crypto/PublicKey/_slowmath.pyc
./usr/lib/python2.7/site-packages/Crypto/Random
./usr/lib/python2.7/site-packages/Crypto/Random/Fortuna
./usr/lib/python2.7/site-packages/Crypto/Random/Fortuna/FortunaAccumulator.py
./usr/lib/python2.7/site-packages/Crypto/Random/Fortuna/FortunaAccumulator.pyc
./usr/lib/python2.7/site-packages/Crypto/Random/Fortuna/FortunaGenerator.py
./usr/lib/python2.7/site-packages/Crypto/Random/Fortuna/FortunaGenerator.pyc
./usr/lib/python2.7/site-packages/Crypto/Random/Fortuna/__init__.py
./usr/lib/python2.7/site-packages/Crypto/Random/Fortuna/__init__.pyc
./usr/lib/python2.7/site-packages/Crypto/Random/Fortuna/SHAd256.py
./usr/lib/python2.7/site-packages/Crypto/Random/Fortuna/SHAd256.pyc
./usr/lib/python2.7/site-packages/Crypto/Random/__init__.py
./usr/lib/python2.7/site-packages/Crypto/Random/__init__.pyc
./usr/lib/python2.7/site-packages/Crypto/Random/OSRNG
./usr/lib/python2.7/site-packages/Crypto/Random/OSRNG/fallback.py
./usr/lib/python2.7/site-packages/Crypto/Random/OSRNG/fallback.pyc
./usr/lib/python2.7/site-packages/Crypto/Random/OSRNG/__init__.py
./usr/lib/python2.7/site-packages/Crypto/Random/OSRNG/__init__.pyc
./usr/lib/python2.7/site-packages/Crypto/Random/OSRNG/nt.py
./usr/lib/python2.7/site-packages/Crypto/Random/OSRNG/nt.pyc
./usr/lib/python2.7/site-packages/Crypto/Random/OSRNG/posix.py
./usr/lib/python2.7/site-packages/Crypto/Random/OSRNG/posix.pyc
./usr/lib/python2.7/site-packages/Crypto/Random/OSRNG/rng_base.py
./usr/lib/python2.7/site-packages/Crypto/Random/OSRNG/rng_base.pyc
./usr/lib/python2.7/site-packages/Crypto/Random/random.py
./usr/lib/python2.7/site-packages/Crypto/Random/random.pyc
./usr/lib/python2.7/site-packages/Crypto/Random/_UserFriendlyRNG.py
./usr/lib/python2.7/site-packages/Crypto/Random/_UserFriendlyRNG.pyc
./usr/lib/python2.7/site-packages/Crypto/SelfTest
./usr/lib/python2.7/site-packages/Crypto/SelfTest/Cipher
./usr/lib/python2.7/site-packages/Crypto/SelfTest/Cipher/common.py
./usr/lib/python2.7/site-packages/Crypto/SelfTest/Cipher/common.pyc
./usr/lib/python2.7/site-packages/Crypto/SelfTest/Cipher/__init__.py
./usr/lib/python2.7/site-packages/Crypto/SelfTest/Cipher/__init__.pyc
./usr/lib/python2.7/site-packages/Crypto/SelfTest/Cipher/test_AES.py
./usr/lib/python2.7/site-packages/Crypto/SelfTest/Cipher/test_AES.pyc
./usr/lib/python2.7/site-packages/Crypto/SelfTest/Cipher/test_ARC2.py
./usr/lib/python2.7/site-packages/Crypto/SelfTest/Cipher/test_ARC2.pyc
./usr/lib/python2.7/site-packages/Crypto/SelfTest/Cipher/test_ARC4.py
./usr/lib/python2.7/site-packages/Crypto/SelfTest/Cipher/test_ARC4.pyc
./usr/lib/python2.7/site-packages/Crypto/SelfTest/Cipher/test_Blowfish.py
./usr/lib/python2.7/site-packages/Crypto/SelfTest/Cipher/test_Blowfish.pyc
./usr/lib/python2.7/site-packages/Crypto/SelfTest/Cipher/test_CAST.py
./usr/lib/python2.7/site-packages/Crypto/SelfTest/Cipher/test_CAST.pyc
./usr/lib/python2.7/site-packages/Crypto/SelfTest/Cipher/test_DES3.py
./usr/lib/python2.7/site-packages/Crypto/SelfTest/Cipher/test_DES3.pyc
./usr/lib/python2.7/site-packages/Crypto/SelfTest/Cipher/test_DES.py
./usr/lib/python2.7/site-packages/Crypto/SelfTest/Cipher/test_DES.pyc
./usr/lib/python2.7/site-packages/Crypto/SelfTest/Cipher/test_pkcs1_15.py
./usr/lib/python2.7/site-packages/Crypto/SelfTest/Cipher/test_pkcs1_15.pyc
./usr/lib/python2.7/site-packages/Crypto/SelfTest/Cipher/test_pkcs1_oaep.py
./usr/lib/python2.7/site-packages/Crypto/SelfTest/Cipher/test_pkcs1_oaep.pyc
./usr/lib/python2.7/site-packages/Crypto/SelfTest/Cipher/test_XOR.py
./usr/lib/python2.7/site-packages/Crypto/SelfTest/Cipher/test_XOR.pyc
./usr/lib/python2.7/site-packages/Crypto/SelfTest/Hash
./usr/lib/python2.7/site-packages/Crypto/SelfTest/Hash/common.py
./usr/lib/python2.7/site-packages/Crypto/SelfTest/Hash/common.pyc
./usr/lib/python2.7/site-packages/Crypto/SelfTest/Hash/__init__.py
./usr/lib/python2.7/site-packages/Crypto/SelfTest/Hash/__init__.pyc
./usr/lib/python2.7/site-packages/Crypto/SelfTest/Hash/test_HMAC.py
./usr/lib/python2.7/site-packages/Crypto/SelfTest/Hash/test_HMAC.pyc
./usr/lib/python2.7/site-packages/Crypto/SelfTest/Hash/test_MD2.py
./usr/lib/python2.7/site-packages/Crypto/SelfTest/Hash/test_MD2.pyc
./usr/lib/python2.7/site-packages/Crypto/SelfTest/Hash/test_MD4.py
./usr/lib/python2.7/site-packages/Crypto/SelfTest/Hash/test_MD4.pyc
./usr/lib/python2.7/site-packages/Crypto/SelfTest/Hash/test_MD5.py
./usr/lib/python2.7/site-packages/Crypto/SelfTest/Hash/test_MD5.pyc
./usr/lib/python2.7/site-packages/Crypto/SelfTest/Hash/test_RIPEMD.py
./usr/lib/python2.7/site-packages/Crypto/SelfTest/Hash/test_RIPEMD.pyc
./usr/lib/python2.7/site-packages/Crypto/SelfTest/Hash/test_SHA224.py
./usr/lib/python2.7/site-packages/Crypto/SelfTest/Hash/test_SHA224.pyc
./usr/lib/python2.7/site-packages/Crypto/SelfTest/Hash/test_SHA256.py
./usr/lib/python2.7/site-packages/Crypto/SelfTest/Hash/test_SHA256.pyc
./usr/lib/python2.7/site-packages/Crypto/SelfTest/Hash/test_SHA384.py
./usr/lib/python2.7/site-packages/Crypto/SelfTest/Hash/test_SHA384.pyc
./usr/lib/python2.7/site-packages/Crypto/SelfTest/Hash/test_SHA512.py
./usr/lib/python2.7/site-packages/Crypto/SelfTest/Hash/test_SHA512.pyc
./usr/lib/python2.7/site-packages/Crypto/SelfTest/Hash/test_SHA.py
./usr/lib/python2.7/site-packages/Crypto/SelfTest/Hash/test_SHA.pyc
./usr/lib/python2.7/site-packages/Crypto/SelfTest/__init__.py
./usr/lib/python2.7/site-packages/Crypto/SelfTest/__init__.pyc
./usr/lib/python2.7/site-packages/Crypto/SelfTest/Protocol
./usr/lib/python2.7/site-packages/Crypto/SelfTest/Protocol/__init__.py
./usr/lib/python2.7/site-packages/Crypto/SelfTest/Protocol/__init__.pyc
./usr/lib/python2.7/site-packages/Crypto/SelfTest/Protocol/test_AllOrNothing.py
./usr/lib/python2.7/site-packages/Crypto/SelfTest/Protocol/test_AllOrNothing.pyc
./usr/lib/python2.7/site-packages/Crypto/SelfTest/Protocol/test_chaffing.py
./usr/lib/python2.7/site-packages/Crypto/SelfTest/Protocol/test_chaffing.pyc
./usr/lib/python2.7/site-packages/Crypto/SelfTest/Protocol/test_KDF.py
./usr/lib/python2.7/site-packages/Crypto/SelfTest/Protocol/test_KDF.pyc
./usr/lib/python2.7/site-packages/Crypto/SelfTest/Protocol/test_rfc1751.py
./usr/lib/python2.7/site-packages/Crypto/SelfTest/Protocol/test_rfc1751.pyc
./usr/lib/python2.7/site-packages/Crypto/SelfTest/PublicKey
./usr/lib/python2.7/site-packages/Crypto/SelfTest/PublicKey/__init__.py
./usr/lib/python2.7/site-packages/Crypto/SelfTest/PublicKey/__init__.pyc
./usr/lib/python2.7/site-packages/Crypto/SelfTest/PublicKey/test_DSA.py
./usr/lib/python2.7/site-packages/Crypto/SelfTest/PublicKey/test_DSA.pyc
./usr/lib/python2.7/site-packages/Crypto/SelfTest/PublicKey/test_ElGamal.py
./usr/lib/python2.7/site-packages/Crypto/SelfTest/PublicKey/test_ElGamal.pyc
./usr/lib/python2.7/site-packages/Crypto/SelfTest/PublicKey/test_importKey.py
./usr/lib/python2.7/site-packages/Crypto/SelfTest/PublicKey/test_importKey.pyc
./usr/lib/python2.7/site-packages/Crypto/SelfTest/PublicKey/test_RSA.py
./usr/lib/python2.7/site-packages/Crypto/SelfTest/PublicKey/test_RSA.pyc
./usr/lib/python2.7/site-packages/Crypto/SelfTest/Random
./usr/lib/python2.7/site-packages/Crypto/SelfTest/Random/Fortuna
./usr/lib/python2.7/site-packages/Crypto/SelfTest/Random/Fortuna/__init__.py
./usr/lib/python2.7/site-packages/Crypto/SelfTest/Random/Fortuna/__init__.pyc
./usr/lib/python2.7/site-packages/Crypto/SelfTest/Random/Fortuna/test_FortunaAccumulator.py
./usr/lib/python2.7/site-packages/Crypto/SelfTest/Random/Fortuna/test_FortunaAccumulator.pyc
./usr/lib/python2.7/site-packages/Crypto/SelfTest/Random/Fortuna/test_FortunaGenerator.py
./usr/lib/python2.7/site-packages/Crypto/SelfTest/Random/Fortuna/test_FortunaGenerator.pyc
./usr/lib/python2.7/site-packages/Crypto/SelfTest/Random/Fortuna/test_SHAd256.py
./usr/lib/python2.7/site-packages/Crypto/SelfTest/Random/Fortuna/test_SHAd256.pyc
./usr/lib/python2.7/site-packages/Crypto/SelfTest/Random/__init__.py
./usr/lib/python2.7/site-packages/Crypto/SelfTest/Random/__init__.pyc
./usr/lib/python2.7/site-packages/Crypto/SelfTest/Random/OSRNG
./usr/lib/python2.7/site-packages/Crypto/SelfTest/Random/OSRNG/__init__.py
./usr/lib/python2.7/site-packages/Crypto/SelfTest/Random/OSRNG/__init__.pyc
./usr/lib/python2.7/site-packages/Crypto/SelfTest/Random/OSRNG/test_fallback.py
./usr/lib/python2.7/site-packages/Crypto/SelfTest/Random/OSRNG/test_fallback.pyc
./usr/lib/python2.7/site-packages/Crypto/SelfTest/Random/OSRNG/test_generic.py
./usr/lib/python2.7/site-packages/Crypto/SelfTest/Random/OSRNG/test_generic.pyc
./usr/lib/python2.7/site-packages/Crypto/SelfTest/Random/OSRNG/test_nt.py
./usr/lib/python2.7/site-packages/Crypto/SelfTest/Random/OSRNG/test_nt.pyc
./usr/lib/python2.7/site-packages/Crypto/SelfTest/Random/OSRNG/test_posix.py
./usr/lib/python2.7/site-packages/Crypto/SelfTest/Random/OSRNG/test_posix.pyc
./usr/lib/python2.7/site-packages/Crypto/SelfTest/Random/OSRNG/test_winrandom.py
./usr/lib/python2.7/site-packages/Crypto/SelfTest/Random/OSRNG/test_winrandom.pyc
./usr/lib/python2.7/site-packages/Crypto/SelfTest/Random/test_random.py
./usr/lib/python2.7/site-packages/Crypto/SelfTest/Random/test_random.pyc
./usr/lib/python2.7/site-packages/Crypto/SelfTest/Random/test_rpoolcompat.py
./usr/lib/python2.7/site-packages/Crypto/SelfTest/Random/test_rpoolcompat.pyc
./usr/lib/python2.7/site-packages/Crypto/SelfTest/Random/test__UserFriendlyRNG.py
./usr/lib/python2.7/site-packages/Crypto/SelfTest/Random/test__UserFriendlyRNG.pyc
./usr/lib/python2.7/site-packages/Crypto/SelfTest/Signature
./usr/lib/python2.7/site-packages/Crypto/SelfTest/Signature/__init__.py
./usr/lib/python2.7/site-packages/Crypto/SelfTest/Signature/__init__.pyc
./usr/lib/python2.7/site-packages/Crypto/SelfTest/Signature/test_pkcs1_15.py
./usr/lib/python2.7/site-packages/Crypto/SelfTest/Signature/test_pkcs1_15.pyc
./usr/lib/python2.7/site-packages/Crypto/SelfTest/Signature/test_pkcs1_pss.py
./usr/lib/python2.7/site-packages/Crypto/SelfTest/Signature/test_pkcs1_pss.pyc
./usr/lib/python2.7/site-packages/Crypto/SelfTest/st_common.py
./usr/lib/python2.7/site-packages/Crypto/SelfTest/st_common.pyc
./usr/lib/python2.7/site-packages/Crypto/SelfTest/Util
./usr/lib/python2.7/site-packages/Crypto/SelfTest/Util/__init__.py
./usr/lib/python2.7/site-packages/Crypto/SelfTest/Util/__init__.pyc
./usr/lib/python2.7/site-packages/Crypto/SelfTest/Util/test_asn1.py
./usr/lib/python2.7/site-packages/Crypto/SelfTest/Util/test_asn1.pyc
./usr/lib/python2.7/site-packages/Crypto/SelfTest/Util/test_Counter.py
./usr/lib/python2.7/site-packages/Crypto/SelfTest/Util/test_Counter.pyc
./usr/lib/python2.7/site-packages/Crypto/SelfTest/Util/test_number.py
./usr/lib/python2.7/site-packages/Crypto/SelfTest/Util/test_number.pyc
./usr/lib/python2.7/site-packages/Crypto/SelfTest/Util/test_winrandom.py
./usr/lib/python2.7/site-packages/Crypto/SelfTest/Util/test_winrandom.pyc
./usr/lib/python2.7/site-packages/Crypto/Signature
./usr/lib/python2.7/site-packages/Crypto/Signature/__init__.py
./usr/lib/python2.7/site-packages/Crypto/Signature/__init__.pyc
./usr/lib/python2.7/site-packages/Crypto/Signature/PKCS1_PSS.py
./usr/lib/python2.7/site-packages/Crypto/Signature/PKCS1_PSS.pyc
./usr/lib/python2.7/site-packages/Crypto/Signature/PKCS1_v1_5.py
./usr/lib/python2.7/site-packages/Crypto/Signature/PKCS1_v1_5.pyc
./usr/lib/python2.7/site-packages/Crypto/Util
./usr/lib/python2.7/site-packages/Crypto/Util/asn1.py
./usr/lib/python2.7/site-packages/Crypto/Util/asn1.pyc
./usr/lib/python2.7/site-packages/Crypto/Util/Counter.py
./usr/lib/python2.7/site-packages/Crypto/Util/Counter.pyc
./usr/lib/python2.7/site-packages/Crypto/Util/_counter.so
./usr/lib/python2.7/site-packages/Crypto/Util/__init__.py
./usr/lib/python2.7/site-packages/Crypto/Util/__init__.pyc
./usr/lib/python2.7/site-packages/Crypto/Util/_number_new.py
./usr/lib/python2.7/site-packages/Crypto/Util/_number_new.pyc
./usr/lib/python2.7/site-packages/Crypto/Util/number.py
./usr/lib/python2.7/site-packages/Crypto/Util/number.pyc
./usr/lib/python2.7/site-packages/Crypto/Util/py21compat.py
./usr/lib/python2.7/site-packages/Crypto/Util/py21compat.pyc
./usr/lib/python2.7/site-packages/Crypto/Util/py3compat.py
./usr/lib/python2.7/site-packages/Crypto/Util/py3compat.pyc
./usr/lib/python2.7/site-packages/Crypto/Util/randpool.py
./usr/lib/python2.7/site-packages/Crypto/Util/randpool.pyc
./usr/lib/python2.7/site-packages/Crypto/Util/RFC1751.py
./usr/lib/python2.7/site-packages/Crypto/Util/RFC1751.pyc
./usr/lib/python2.7/site-packages/Crypto/Util/strxor.so
./usr/lib/python2.7/site-packages/Crypto/Util/winrandom.py
./usr/lib/python2.7/site-packages/Crypto/Util/winrandom.pyc
./usr/lib/python2.7/site-packages/pycrypto-2.6.1-py2.7.egg-info
