./usr/lib/de.msg
./usr/lib/en.msg
./usr/lib/fi.msg
./usr/lib/fr.msg
./usr/lib/it.msg
./usr/lib/ja.msg
./usr/lib/nl.msg
./usr/lib/pl.msg
./usr/lib/tr.msg
./usr/swat/help/manpages
./usr/swat/help/manpages/cifs.upcall.8.html
./usr/swat/help/manpages/eventlogadm.8.html
./usr/swat/help/manpages/findsmb.1.html
./usr/swat/help/manpages/idmap_ad.8.html
./usr/swat/help/manpages/idmap_adex.8.html
./usr/swat/help/manpages/idmap_hash.8.html
./usr/swat/help/manpages/idmap_ldap.8.html
./usr/swat/help/manpages/idmap_nss.8.html
./usr/swat/help/manpages/idmap_rid.8.html
./usr/swat/help/manpages/idmap_tdb2.8.html
./usr/swat/help/manpages/idmap_tdb.8.html
./usr/swat/help/manpages/index.html
./usr/swat/help/manpages/ldb.3.html
./usr/swat/help/manpages/ldbadd.1.html
./usr/swat/help/manpages/ldbdel.1.html
./usr/swat/help/manpages/ldbedit.1.html
./usr/swat/help/manpages/ldbmodify.1.html
./usr/swat/help/manpages/ldbrename.1.html
./usr/swat/help/manpages/ldbsearch.1.html
./usr/swat/help/manpages/libsmbclient.7.html
./usr/swat/help/manpages/lmhosts.5.html
./usr/swat/help/manpages/log2pcap.1.html
./usr/swat/help/manpages/mount.cifs.8.html
./usr/swat/help/manpages/net.8.html
./usr/swat/help/manpages/nmbd.8.html
./usr/swat/help/manpages/nmblookup.1.html
./usr/swat/help/manpages/ntlm_auth.1.html
./usr/swat/help/manpages/pam_winbind.8.html
./usr/swat/help/manpages/pdbedit.8.html
./usr/swat/help/manpages/profiles.1.html
./usr/swat/help/manpages/rpcclient.1.html
./usr/swat/help/manpages/samba.7.html
./usr/swat/help/manpages/sharesec.1.html
./usr/swat/help/manpages/smbcacls.1.html
./usr/swat/help/manpages/smbclient.1.html
./usr/swat/help/manpages/smb.conf.5.html
./usr/swat/help/manpages/smbcontrol.1.html
./usr/swat/help/manpages/smbcquotas.1.html
./usr/swat/help/manpages/smbd.8.html
./usr/swat/help/manpages/smbget.1.html
./usr/swat/help/manpages/smbgetrc.5.html
./usr/swat/help/manpages/smbpasswd.5.html
./usr/swat/help/manpages/smbpasswd.8.html
./usr/swat/help/manpages/smbspool.8.html
./usr/swat/help/manpages/smbstatus.1.html
./usr/swat/help/manpages/smbtar.1.html
./usr/swat/help/manpages/smbtree.1.html
./usr/swat/help/manpages/swat.8.html
./usr/swat/help/manpages/tdbbackup.8.html
./usr/swat/help/manpages/tdbdump.8.html
./usr/swat/help/manpages/tdbtool.8.html
./usr/swat/help/manpages/testparm.1.html
./usr/swat/help/manpages/umount.cifs.8.html
./usr/swat/help/manpages/vfs_acl_tdb.8.html
./usr/swat/help/manpages/vfs_acl_xattr.8.html
./usr/swat/help/manpages/vfs_audit.8.html
./usr/swat/help/manpages/vfs_cacheprime.8.html
./usr/swat/help/manpages/vfs_cap.8.html
./usr/swat/help/manpages/vfs_catia.8.html
./usr/swat/help/manpages/vfs_commit.8.html
./usr/swat/help/manpages/vfs_default_quota.8.html
./usr/swat/help/manpages/vfs_dirsort.8.html
./usr/swat/help/manpages/vfs_extd_audit.8.html
./usr/swat/help/manpages/vfs_fake_perms.8.html
./usr/swat/help/manpages/vfs_fileid.8.html
./usr/swat/help/manpages/vfs_full_audit.8.html
./usr/swat/help/manpages/vfs_gpfs.8.html
./usr/swat/help/manpages/vfs_netatalk.8.html
./usr/swat/help/manpages/vfs_notify_fam.8.html
./usr/swat/help/manpages/vfs_prealloc.8.html
./usr/swat/help/manpages/vfs_preopen.8.html
./usr/swat/help/manpages/vfs_readahead.8.html
./usr/swat/help/manpages/vfs_readonly.8.html
./usr/swat/help/manpages/vfs_recycle.8.html
./usr/swat/help/manpages/vfs_shadow_copy2.8.html
./usr/swat/help/manpages/vfs_shadow_copy.8.html
./usr/swat/help/manpages/vfs_smb_traffic_analyzer.8.html
./usr/swat/help/manpages/vfs_streams_depot.8.html
./usr/swat/help/manpages/vfs_streams_xattr.8.html
./usr/swat/help/manpages/vfstest.1.html
./usr/swat/help/manpages/vfs_xattr_tdb.8.html
./usr/swat/help/manpages/wbinfo.1.html
./usr/swat/help/manpages/winbindd.8.html
./usr/swat/help/manpages/winbind_krb5_locator.7.html
./usr/swat/help/Samba3-ByExample
./usr/swat/help/Samba3-ByExample/2000users.html
./usr/swat/help/Samba3-ByExample/apa.html
./usr/swat/help/Samba3-ByExample/appendix.html
./usr/swat/help/Samba3-ByExample/Big500users.html
./usr/swat/help/Samba3-ByExample/ch14.html
./usr/swat/help/Samba3-ByExample/DMSMig.html
./usr/swat/help/Samba3-ByExample/DomApps.html
./usr/swat/help/Samba3-ByExample/ExNetworks.html
./usr/swat/help/Samba3-ByExample/go01.html
./usr/swat/help/Samba3-ByExample/HA.html
./usr/swat/help/Samba3-ByExample/happy.html
./usr/swat/help/Samba3-ByExample/images
./usr/swat/help/Samba3-ByExample/images/AccountingNetwork.png
./usr/swat/help/Samba3-ByExample/images/acct2net.png
./usr/swat/help/Samba3-ByExample/images/ch7-dual-additive-LDAP-Ok.png
./usr/swat/help/Samba3-ByExample/images/ch7-dual-additive-LDAP.png
./usr/swat/help/Samba3-ByExample/images/ch7-fail-overLDAP.png
./usr/swat/help/Samba3-ByExample/images/ch7-singleLDAP.png
./usr/swat/help/Samba3-ByExample/images/ch8-migration.png
./usr/swat/help/Samba3-ByExample/images/chap4-net.png
./usr/swat/help/Samba3-ByExample/images/chap5-net.png
./usr/swat/help/Samba3-ByExample/images/chap6-net.png
./usr/swat/help/Samba3-ByExample/images/chap7-idresol.png
./usr/swat/help/Samba3-ByExample/images/chap7-net2-Br.png
./usr/swat/help/Samba3-ByExample/images/chap7-net-Ar.png
./usr/swat/help/Samba3-ByExample/images/chap9-ADSDC.png
./usr/swat/help/Samba3-ByExample/images/chap9-SambaDC.png
./usr/swat/help/Samba3-ByExample/images/Charity-Network.png
./usr/swat/help/Samba3-ByExample/images/HostAnnouncment.png
./usr/swat/help/Samba3-ByExample/images/imc-usermanager2.png
./usr/swat/help/Samba3-ByExample/images/lam-config.png
./usr/swat/help/Samba3-ByExample/images/lam-group-members.png
./usr/swat/help/Samba3-ByExample/images/lam-groups.png
./usr/swat/help/Samba3-ByExample/images/lam-hosts.png
./usr/swat/help/Samba3-ByExample/images/lam-login.png
./usr/swat/help/Samba3-ByExample/images/lam-users.png
./usr/swat/help/Samba3-ByExample/images/NullConnect.png
./usr/swat/help/Samba3-ByExample/images/openmag.png
./usr/swat/help/Samba3-ByExample/images/UNIX-Samba-and-LDAP.png
./usr/swat/help/Samba3-ByExample/images/UserConnect.png
./usr/swat/help/Samba3-ByExample/images/UserMgrNT4.png
./usr/swat/help/Samba3-ByExample/images/WindowsXP-NullConnection.png
./usr/swat/help/Samba3-ByExample/images/WindowsXP-UserConnection.png
./usr/swat/help/Samba3-ByExample/images/WINREPRESSME-Capture2.png
./usr/swat/help/Samba3-ByExample/images/WINREPRESSME-Capture.png
./usr/swat/help/Samba3-ByExample/images/wxpp001.png
./usr/swat/help/Samba3-ByExample/images/wxpp004.png
./usr/swat/help/Samba3-ByExample/images/wxpp006.png
./usr/swat/help/Samba3-ByExample/images/wxpp007.png
./usr/swat/help/Samba3-ByExample/images/wxpp008.png
./usr/swat/help/Samba3-ByExample/images/XP-screen001.png
./usr/swat/help/Samba3-ByExample/index.html
./usr/swat/help/Samba3-ByExample/ix01.html
./usr/swat/help/Samba3-ByExample/kerberos.html
./usr/swat/help/Samba3-ByExample/ntmigration.html
./usr/swat/help/Samba3-ByExample/nw4migration.html
./usr/swat/help/Samba3-ByExample/pr01.html
./usr/swat/help/Samba3-ByExample/pr02.html
./usr/swat/help/Samba3-ByExample/pr03.html
./usr/swat/help/Samba3-ByExample/preface.html
./usr/swat/help/Samba3-ByExample/primer.html
./usr/swat/help/Samba3-ByExample/RefSection.html
./usr/swat/help/Samba3-ByExample/secure.html
./usr/swat/help/Samba3-ByExample/simple.html
./usr/swat/help/Samba3-ByExample/small.html
./usr/swat/help/Samba3-ByExample/unixclients.html
./usr/swat/help/Samba3-ByExample/upgrades.html
./usr/swat/help/Samba3-Developers-Guide
./usr/swat/help/Samba3-Developers-Guide/architecture.html
./usr/swat/help/Samba3-Developers-Guide/CodingSuggestions.html
./usr/swat/help/Samba3-Developers-Guide/contributing.html
./usr/swat/help/Samba3-Developers-Guide/debug.html
./usr/swat/help/Samba3-Developers-Guide/devprinting.html
./usr/swat/help/Samba3-Developers-Guide/index.html
./usr/swat/help/Samba3-Developers-Guide/internals.html
./usr/swat/help/Samba3-Developers-Guide/modules.html
./usr/swat/help/Samba3-Developers-Guide/ntdomain.html
./usr/swat/help/Samba3-Developers-Guide/Packaging.html
./usr/swat/help/Samba3-Developers-Guide/parsing.html
./usr/swat/help/Samba3-Developers-Guide/pr01.html
./usr/swat/help/Samba3-Developers-Guide/pt01.html
./usr/swat/help/Samba3-Developers-Guide/pt02.html
./usr/swat/help/Samba3-Developers-Guide/pt03.html
./usr/swat/help/Samba3-Developers-Guide/pt04.html
./usr/swat/help/Samba3-Developers-Guide/pt05.html
./usr/swat/help/Samba3-Developers-Guide/pwencrypt.html
./usr/swat/help/Samba3-Developers-Guide/rpc-plugin.html
./usr/swat/help/Samba3-Developers-Guide/tracing.html
./usr/swat/help/Samba3-Developers-Guide/unix-smb.html
./usr/swat/help/Samba3-Developers-Guide/vfs.html
./usr/swat/help/Samba3-Developers-Guide/wins.html
./usr/swat/help/Samba3-HOWTO
./usr/swat/help/Samba3-HOWTO/AccessControls.html
./usr/swat/help/Samba3-HOWTO/AdvancedNetworkManagement.html
./usr/swat/help/Samba3-HOWTO/apa.html
./usr/swat/help/Samba3-HOWTO/Appendix.html
./usr/swat/help/Samba3-HOWTO/Backup.html
./usr/swat/help/Samba3-HOWTO/bugreport.html
./usr/swat/help/Samba3-HOWTO/cfgsmarts.html
./usr/swat/help/Samba3-HOWTO/ch47.html
./usr/swat/help/Samba3-HOWTO/ChangeNotes.html
./usr/swat/help/Samba3-HOWTO/ch-ldap-tls.html
./usr/swat/help/Samba3-HOWTO/classicalprinting.html
./usr/swat/help/Samba3-HOWTO/ClientConfig.html
./usr/swat/help/Samba3-HOWTO/compiling.html
./usr/swat/help/Samba3-HOWTO/CUPS-printing.html
./usr/swat/help/Samba3-HOWTO/diagnosis.html
./usr/swat/help/Samba3-HOWTO/DNSDHCP.html
./usr/swat/help/Samba3-HOWTO/domain-member.html
./usr/swat/help/Samba3-HOWTO/FastStart.html
./usr/swat/help/Samba3-HOWTO/go01.html
./usr/swat/help/Samba3-HOWTO/groupmapping.html
./usr/swat/help/Samba3-HOWTO/idmapper.html
./usr/swat/help/Samba3-HOWTO/images
./usr/swat/help/Samba3-HOWTO/images/10small.png
./usr/swat/help/Samba3-HOWTO/images/11small.png
./usr/swat/help/Samba3-HOWTO/images/12small.png
./usr/swat/help/Samba3-HOWTO/images/13small.png
./usr/swat/help/Samba3-HOWTO/images/14small.png
./usr/swat/help/Samba3-HOWTO/images/1small.png
./usr/swat/help/Samba3-HOWTO/images/2small.png
./usr/swat/help/Samba3-HOWTO/images/3small.png
./usr/swat/help/Samba3-HOWTO/images/4small.png
./usr/swat/help/Samba3-HOWTO/images/5small.png
./usr/swat/help/Samba3-HOWTO/images/6small.png
./usr/swat/help/Samba3-HOWTO/images/7small.png
./usr/swat/help/Samba3-HOWTO/images/8small.png
./usr/swat/help/Samba3-HOWTO/images/9small.png
./usr/swat/help/Samba3-HOWTO/images/access1.png
./usr/swat/help/Samba3-HOWTO/images/a_small.png
./usr/swat/help/Samba3-HOWTO/images/browsing1.png
./usr/swat/help/Samba3-HOWTO/images/cups1.png
./usr/swat/help/Samba3-HOWTO/images/cups2.png
./usr/swat/help/Samba3-HOWTO/images/domain.png
./usr/swat/help/Samba3-HOWTO/images/ethereal1.png
./usr/swat/help/Samba3-HOWTO/images/ethereal2.png
./usr/swat/help/Samba3-HOWTO/images/idmap-gid2sid.png
./usr/swat/help/Samba3-HOWTO/images/idmap-sid2gid.png
./usr/swat/help/Samba3-HOWTO/images/idmap-sid2uid.png
./usr/swat/help/Samba3-HOWTO/images/idmap-store-gid2sid.png
./usr/swat/help/Samba3-HOWTO/images/idmap-uid2sid.png
./usr/swat/help/Samba3-HOWTO/images/idmap_winbind_no_loop.png
./usr/swat/help/Samba3-HOWTO/images/pdftoepsonusb.png
./usr/swat/help/Samba3-HOWTO/images/pdftosocket.png
./usr/swat/help/Samba3-HOWTO/images/trusts1.png
./usr/swat/help/Samba3-HOWTO/images/w2kp001.png
./usr/swat/help/Samba3-HOWTO/images/w2kp002.png
./usr/swat/help/Samba3-HOWTO/images/w2kp003.png
./usr/swat/help/Samba3-HOWTO/images/w2kp004.png
./usr/swat/help/Samba3-HOWTO/images/w2kp005.png
./usr/swat/help/Samba3-HOWTO/images/WME001.png
./usr/swat/help/Samba3-HOWTO/images/WME002.png
./usr/swat/help/Samba3-HOWTO/images/WME003.png
./usr/swat/help/Samba3-HOWTO/images/WME005.png
./usr/swat/help/Samba3-HOWTO/images/WME009.png
./usr/swat/help/Samba3-HOWTO/images/WME010.png
./usr/swat/help/Samba3-HOWTO/images/WME013.png
./usr/swat/help/Samba3-HOWTO/images/WME014.png
./usr/swat/help/Samba3-HOWTO/images/wxpp001.png
./usr/swat/help/Samba3-HOWTO/images/WXPP002.png
./usr/swat/help/Samba3-HOWTO/images/WXPP003.png
./usr/swat/help/Samba3-HOWTO/images/wxpp004.png
./usr/swat/help/Samba3-HOWTO/images/WXPP005.png
./usr/swat/help/Samba3-HOWTO/images/wxpp006.png
./usr/swat/help/Samba3-HOWTO/images/wxpp007.png
./usr/swat/help/Samba3-HOWTO/images/wxpp008.png
./usr/swat/help/Samba3-HOWTO/images/WXPP009.png
./usr/swat/help/Samba3-HOWTO/images/WXPP014.png
./usr/swat/help/Samba3-HOWTO/index.html
./usr/swat/help/Samba3-HOWTO/install.html
./usr/swat/help/Samba3-HOWTO/integrate-ms-networks.html
./usr/swat/help/Samba3-HOWTO/InterdomainTrusts.html
./usr/swat/help/Samba3-HOWTO/introduction.html
./usr/swat/help/Samba3-HOWTO/IntroSMB.html
./usr/swat/help/Samba3-HOWTO/ix01.html
./usr/swat/help/Samba3-HOWTO/largefile.html
./usr/swat/help/Samba3-HOWTO/locking.html
./usr/swat/help/Samba3-HOWTO/migration.html
./usr/swat/help/Samba3-HOWTO/msdfs.html
./usr/swat/help/Samba3-HOWTO/NetCommand.html
./usr/swat/help/Samba3-HOWTO/NetworkBrowsing.html
./usr/swat/help/Samba3-HOWTO/NT4Migration.html
./usr/swat/help/Samba3-HOWTO/optional.html
./usr/swat/help/Samba3-HOWTO/Other-Clients.html
./usr/swat/help/Samba3-HOWTO/pam.html
./usr/swat/help/Samba3-HOWTO/passdb.html
./usr/swat/help/Samba3-HOWTO/PolicyMgmt.html
./usr/swat/help/Samba3-HOWTO/Portability.html
./usr/swat/help/Samba3-HOWTO/pr01.html
./usr/swat/help/Samba3-HOWTO/pr02.html
./usr/swat/help/Samba3-HOWTO/pr03.html
./usr/swat/help/Samba3-HOWTO/problems.html
./usr/swat/help/Samba3-HOWTO/ProfileMgmt.html
./usr/swat/help/Samba3-HOWTO/rights.html
./usr/swat/help/Samba3-HOWTO/samba-bdc.html
./usr/swat/help/Samba3-HOWTO/SambaHA.html
./usr/swat/help/Samba3-HOWTO/samba-pdc.html
./usr/swat/help/Samba3-HOWTO/securing-samba.html
./usr/swat/help/Samba3-HOWTO/ServerType.html
./usr/swat/help/Samba3-HOWTO/speed.html
./usr/swat/help/Samba3-HOWTO/StandAloneServer.html
./usr/swat/help/Samba3-HOWTO/SWAT.html
./usr/swat/help/Samba3-HOWTO/tdb.html
./usr/swat/help/Samba3-HOWTO/TOSHpreface.html
./usr/swat/help/Samba3-HOWTO/troubleshooting.html
./usr/swat/help/Samba3-HOWTO/type.html
./usr/swat/help/Samba3-HOWTO/unicode.html
./usr/swat/help/Samba3-HOWTO/upgrading-to-3.0.html
./usr/swat/help/Samba3-HOWTO/VFS.html
./usr/swat/help/Samba3-HOWTO/winbind.html
./usr/swat/help/welcome.html
./usr/swat/js
./usr/swat/using_samba
./usr/swat/using_samba/appa.html
./usr/swat/using_samba/appb.html
./usr/swat/using_samba/appc.html
./usr/swat/using_samba/appd.html
./usr/swat/using_samba/appe.html
./usr/swat/using_samba/appf.html
./usr/swat/using_samba/appg.html
./usr/swat/using_samba/ch00.html
./usr/swat/using_samba/ch01.html
./usr/swat/using_samba/ch02.html
./usr/swat/using_samba/ch03.html
./usr/swat/using_samba/ch04.html
./usr/swat/using_samba/ch05.html
./usr/swat/using_samba/ch06.html
./usr/swat/using_samba/ch07.html
./usr/swat/using_samba/ch08.html
./usr/swat/using_samba/ch09.html
./usr/swat/using_samba/ch10.html
./usr/swat/using_samba/ch11.html
./usr/swat/using_samba/ch12.html
./usr/swat/using_samba/figs
./usr/swat/using_samba/figs/sam2_0101.gif
./usr/swat/using_samba/figs/sam2_0102.gif
./usr/swat/using_samba/figs/sam2_0103.gif
./usr/swat/using_samba/figs/sam2_0104.gif
./usr/swat/using_samba/figs/sam2_0105.gif
./usr/swat/using_samba/figs/sam2_0106.gif
./usr/swat/using_samba/figs/sam2_0107.gif
./usr/swat/using_samba/figs/sam2_0108.gif
./usr/swat/using_samba/figs/sam2_0109.gif
./usr/swat/using_samba/figs/sam2_0110.gif
./usr/swat/using_samba/figs/sam2_0111.gif
./usr/swat/using_samba/figs/sam2_0112.gif
./usr/swat/using_samba/figs/sam2_0113.gif
./usr/swat/using_samba/figs/sam2_0114.gif
./usr/swat/using_samba/figs/sam2_0201.gif
./usr/swat/using_samba/figs/sam2_0202.gif
./usr/swat/using_samba/figs/sam2_0203.gif
./usr/swat/using_samba/figs/sam2_0204.gif
./usr/swat/using_samba/figs/sam2_0301.gif
./usr/swat/using_samba/figs/sam2_0302.gif
./usr/swat/using_samba/figs/sam2_0303.gif
./usr/swat/using_samba/figs/sam2_0304.gif
./usr/swat/using_samba/figs/sam2_0305.gif
./usr/swat/using_samba/figs/sam2_0306.gif
./usr/swat/using_samba/figs/sam2_0307.gif
./usr/swat/using_samba/figs/sam2_0308.gif
./usr/swat/using_samba/figs/sam2_0309.gif
./usr/swat/using_samba/figs/sam2_0310.gif
./usr/swat/using_samba/figs/sam2_0311.gif
./usr/swat/using_samba/figs/sam2_0312.gif
./usr/swat/using_samba/figs/sam2_0313.gif
./usr/swat/using_samba/figs/sam2_0314.gif
./usr/swat/using_samba/figs/sam2_0315.gif
./usr/swat/using_samba/figs/sam2_0316.gif
./usr/swat/using_samba/figs/sam2_0317.gif
./usr/swat/using_samba/figs/sam2_0318.gif
./usr/swat/using_samba/figs/sam2_0319.gif
./usr/swat/using_samba/figs/sam2_0320.gif
./usr/swat/using_samba/figs/sam2_0321.gif
./usr/swat/using_samba/figs/sam2_0322.gif
./usr/swat/using_samba/figs/sam2_0323.gif
./usr/swat/using_samba/figs/sam2_0324.gif
./usr/swat/using_samba/figs/sam2_0325.gif
./usr/swat/using_samba/figs/sam2_0326.gif
./usr/swat/using_samba/figs/sam2_0327.gif
./usr/swat/using_samba/figs/sam2_0328.gif
./usr/swat/using_samba/figs/sam2_0329.gif
./usr/swat/using_samba/figs/sam2_0330.gif
./usr/swat/using_samba/figs/sam2_0331.gif
./usr/swat/using_samba/figs/sam2_0332.gif
./usr/swat/using_samba/figs/sam2_0333.gif
./usr/swat/using_samba/figs/sam2_0334.gif
./usr/swat/using_samba/figs/sam2_0335.gif
./usr/swat/using_samba/figs/sam2_0336.gif
./usr/swat/using_samba/figs/sam2_0337.gif
./usr/swat/using_samba/figs/sam2_0338.gif
./usr/swat/using_samba/figs/sam2_0339.gif
./usr/swat/using_samba/figs/sam2_0340.gif
./usr/swat/using_samba/figs/sam2_0341.gif
./usr/swat/using_samba/figs/sam2_0342.gif
./usr/swat/using_samba/figs/sam2_0343.gif
./usr/swat/using_samba/figs/sam2_0344.gif
./usr/swat/using_samba/figs/sam2_0345.gif
./usr/swat/using_samba/figs/sam2_0346.gif
./usr/swat/using_samba/figs/sam2_0347.gif
./usr/swat/using_samba/figs/sam2_0348.gif
./usr/swat/using_samba/figs/sam2_0349.gif
./usr/swat/using_samba/figs/sam2_0350.gif
./usr/swat/using_samba/figs/sam2_0351.gif
./usr/swat/using_samba/figs/sam2_0352.gif
./usr/swat/using_samba/figs/sam2_0353.gif
./usr/swat/using_samba/figs/sam2_0354.gif
./usr/swat/using_samba/figs/sam2_0355.gif
./usr/swat/using_samba/figs/sam2_0356.gif
./usr/swat/using_samba/figs/sam2_0357.gif
./usr/swat/using_samba/figs/sam2_0358.gif
./usr/swat/using_samba/figs/sam2_0359.gif
./usr/swat/using_samba/figs/sam2_0360.gif
./usr/swat/using_samba/figs/sam2_0361.gif
./usr/swat/using_samba/figs/sam2_0401.gif
./usr/swat/using_samba/figs/sam2_0402.gif
./usr/swat/using_samba/figs/sam2_0403.gif
./usr/swat/using_samba/figs/sam2_0404.gif
./usr/swat/using_samba/figs/sam2_0405.gif
./usr/swat/using_samba/figs/sam2_0406.gif
./usr/swat/using_samba/figs/sam2_0407.gif
./usr/swat/using_samba/figs/sam2_0408.gif
./usr/swat/using_samba/figs/sam2_0409.gif
./usr/swat/using_samba/figs/sam2_0410.gif
./usr/swat/using_samba/figs/sam2_0411.gif
./usr/swat/using_samba/figs/sam2_0412.gif
./usr/swat/using_samba/figs/sam2_0413.gif
./usr/swat/using_samba/figs/sam2_0414.gif
./usr/swat/using_samba/figs/sam2_0415.gif
./usr/swat/using_samba/figs/sam2_0416.gif
./usr/swat/using_samba/figs/sam2_0417.gif
./usr/swat/using_samba/figs/sam2_0501.gif
./usr/swat/using_samba/figs/sam2_0502.gif
./usr/swat/using_samba/figs/sam2_0503.gif
./usr/swat/using_samba/figs/sam2_0504.gif
./usr/swat/using_samba/figs/sam2_0505.gif
./usr/swat/using_samba/figs/sam2_0506.gif
./usr/swat/using_samba/figs/sam2_0507.gif
./usr/swat/using_samba/figs/sam2_0508.gif
./usr/swat/using_samba/figs/sam2_0601.gif
./usr/swat/using_samba/figs/sam2_0602.gif
./usr/swat/using_samba/figs/sam2_0603.gif
./usr/swat/using_samba/figs/sam2_0604.gif
./usr/swat/using_samba/figs/sam2_0605.gif
./usr/swat/using_samba/figs/sam2_0701.gif
./usr/swat/using_samba/figs/sam2_0801.gif
./usr/swat/using_samba/figs/sam2_0802.gif
./usr/swat/using_samba/figs/sam2_0803.gif
./usr/swat/using_samba/figs/sam2_0804.gif
./usr/swat/using_samba/figs/sam2_0805.gif
./usr/swat/using_samba/figs/sam2_0806.gif
./usr/swat/using_samba/figs/sam2_0807.gif
./usr/swat/using_samba/figs/sam2_0808.gif
./usr/swat/using_samba/figs/sam2_0809.gif
./usr/swat/using_samba/figs/sam2_0810.gif
./usr/swat/using_samba/figs/sam2_0811.gif
./usr/swat/using_samba/figs/sam2_0901.gif
./usr/swat/using_samba/figs/sam2_0902.gif
./usr/swat/using_samba/figs/sam2_0903.gif
./usr/swat/using_samba/figs/sam2_1001.gif
./usr/swat/using_samba/figs/sam2_1002.gif
./usr/swat/using_samba/figs/sam2_1003.gif
./usr/swat/using_samba/figs/sam2_1004.gif
./usr/swat/using_samba/figs/sam2_1005.gif
./usr/swat/using_samba/figs/sam2_1006.gif
./usr/swat/using_samba/figs/sam2_1101.gif
./usr/swat/using_samba/figs/sam2_1102.gif
./usr/swat/using_samba/figs/sam2_af01.gif
./usr/swat/using_samba/figs/sam2_af02.gif
./usr/swat/using_samba/figs/sam2_af03.gif
./usr/swat/using_samba/figs/sam2_af04.gif
./usr/swat/using_samba/figs/sam2_af05.gif
./usr/swat/using_samba/figs/sam2_af06.gif
./usr/swat/using_samba/figs/sam2_af07.gif
./usr/swat/using_samba/inx.html
./usr/swat/using_samba/samba2_s.gif
./usr/swat/using_samba/samba2_xs.gif
./usr/swat/using_samba/toc.html
