./usr/lib/auth/script.so
./usr/lib/charset/CP437.so
./usr/lib/charset/CP850.so
./usr/lib/vfs/acl_tdb.so
./usr/lib/vfs/acl_xattr.so
./usr/lib/vfs/audit.so
./usr/lib/vfs/cap.so
./usr/lib/vfs/catia.so
./usr/lib/vfs/default_quota.so
./usr/lib/vfs/dirsort.so
./usr/lib/vfs/expand_msdfs.so
./usr/lib/vfs/extd_audit.so
./usr/lib/vfs/fake_perms.so
./usr/lib/vfs/full_audit.so
./usr/lib/vfs/netatalk.so
./usr/lib/vfs/preopen.so
./usr/lib/vfs/readahead.so
./usr/lib/vfs/readonly.so
./usr/lib/vfs/recycle.so
./usr/lib/vfs/scannedonly.so
./usr/lib/vfs/shadow_copy2.so
./usr/lib/vfs/shadow_copy.so
./usr/lib/vfs/smb_traffic_analyzer.so
./usr/lib/vfs/streams_depot.so
./usr/lib/vfs/streams_xattr.so
./usr/lib/vfs/syncops.so
./usr/lib/vfs/xattr_tdb.so
