./usr/bin/bmp2tiff
./usr/bin/fax2ps
./usr/bin/fax2tiff
./usr/bin/gif2tiff
./usr/bin/pal2rgb
./usr/bin/ppm2tiff
./usr/bin/ras2tiff
./usr/bin/raw2tiff
./usr/bin/rgb2ycbcr
./usr/bin/thumbnail
./usr/bin/tiff2bw
./usr/bin/tiff2pdf
./usr/bin/tiff2ps
./usr/bin/tiff2rgba
./usr/bin/tiffcmp
./usr/bin/tiffcp
./usr/bin/tiffcrop
./usr/bin/tiffdither
./usr/bin/tiffdump
./usr/bin/tiffinfo
./usr/bin/tiffmedian
./usr/bin/tiffset
./usr/bin/tiffsplit
./usr/lib/libtiff.so
./usr/lib/libtiff.so.3
./usr/lib/libtiff.so.3.9.4
./usr/lib/libtiffxx.so
./usr/lib/libtiffxx.so.3
./usr/lib/libtiffxx.so.3.9.4
