./etc/init.d/S81transmission
./usr/bin/transmission-daemon
./usr/bin/transmission-remote
./usr/share/transmission
./usr/share/transmission/web
./usr/share/transmission/web/images
./usr/share/transmission/web/images/buttons
./usr/share/transmission/web/images/buttons/cancel.png
./usr/share/transmission/web/images/buttons/file_priority_buttons.png
./usr/share/transmission/web/images/buttons/file_wanted_buttons.png
./usr/share/transmission/web/images/buttons/info_activity.png
./usr/share/transmission/web/images/buttons/info_files.png
./usr/share/transmission/web/images/buttons/info_general.png
./usr/share/transmission/web/images/buttons/info_peers.png
./usr/share/transmission/web/images/buttons/info_trackers.png
./usr/share/transmission/web/images/buttons/tab_backgrounds_highlight.png
./usr/share/transmission/web/images/buttons/tab_backgrounds.png
./usr/share/transmission/web/images/buttons/toolbar_buttons.png
./usr/share/transmission/web/images/buttons/torrent_buttons.png
./usr/share/transmission/web/images/favicon.ico
./usr/share/transmission/web/images/favicon.png
./usr/share/transmission/web/images/graphics
./usr/share/transmission/web/images/graphics/blue-turtle.png
./usr/share/transmission/web/images/graphics/chrome.png
./usr/share/transmission/web/images/graphics/filter_bar.png
./usr/share/transmission/web/images/graphics/filter_icon.png
./usr/share/transmission/web/images/graphics/iphone_chrome.png
./usr/share/transmission/web/images/graphics/lock_icon.png
./usr/share/transmission/web/images/graphics/logo.png
./usr/share/transmission/web/images/progress
./usr/share/transmission/web/images/progress/progress.png
./usr/share/transmission/web/images/webclip-icon.png
./usr/share/transmission/web/index.html
./usr/share/transmission/web/javascript
./usr/share/transmission/web/javascript/common.js
./usr/share/transmission/web/javascript/dialog.js
./usr/share/transmission/web/javascript/file-row.js
./usr/share/transmission/web/javascript/formatter.js
./usr/share/transmission/web/javascript/inspector.js
./usr/share/transmission/web/javascript/jquery
./usr/share/transmission/web/javascript/jquery/jquery.contextmenu.min.js
./usr/share/transmission/web/javascript/jquery/jquery.form.js
./usr/share/transmission/web/javascript/jquery/jquery.form.min.js
./usr/share/transmission/web/javascript/jquery/jquery.transmenu.min.js
./usr/share/transmission/web/javascript/jquery/json2.min.js
./usr/share/transmission/web/javascript/prefs-dialog.js
./usr/share/transmission/web/javascript/remote.js
./usr/share/transmission/web/javascript/torrent.js
./usr/share/transmission/web/javascript/torrent-row.js
./usr/share/transmission/web/javascript/transmission.js
./usr/share/transmission/web/LICENSE
./usr/share/transmission/web/stylesheets
./usr/share/transmission/web/stylesheets/common.css
./usr/share/transmission/web/stylesheets/ie7.css
./usr/share/transmission/web/stylesheets/ieAll.css
./usr/share/transmission/web/stylesheets/mobile.css
./usr/www/cgi-bin/transmission.cgi
./usr/www/cgi-bin/transmission_proc.cgi
